#
# A fatal error has been detected by the Java Runtime Environment:
#
#  EXCEPTION_ACCESS_VIOLATION (0xc0000005) at pc=0x000001a58841b30c, pid=11428, tid=8388
#
# JRE version: Java(TM) SE Runtime Environment (21.0.4+8) (build 21.0.4+8-LTS-274)
# Java VM: Java HotSpot(TM) 64-Bit Server VM (21.0.4+8-LTS-274, mixed mode, sharing, tiered, compressed oops, compressed class ptrs, g1 gc, windows-amd64)
# Problematic frame:
# J 331 c1 jdk.internal.misc.Unsafe.getLong(J)J java.base@21.0.4 (7 bytes) @ 0x000001a58841b30c [0x000001a58841b2a0+0x000000000000006c]
#
# No core dump will be written. Minidumps are not enabled by default on client versions of Windows
#
# If you would like to submit a bug report, please visit:
#   https://bugreport.java.com/bugreport/crash.jsp
#

---------------  S U M M A R Y ------------

Command Line: --enable-preview -javaagent:C:\Program Files\JetBrains\IntelliJ IDEA Community Edition 2024.2.0.2\lib\idea_rt.jar=53294:C:\Program Files\JetBrains\IntelliJ IDEA Community Edition 2024.2.0.2\bin -Dfile.encoding=UTF-8 -Dsun.stdout.encoding=UTF-8 -Dsun.stderr.encoding=UTF-8 com.example.demo.calculate.CalculateAverage --worker

Host: Intel(R) Core(TM) i5-8365U CPU @ 1.60GHz, 8 cores, 15G,  Windows 10 , 64 bit Build 19041 (10.0.19041.3155)
Time: Mon Aug 26 18:26:45 2024  Windows 10 , 64 bit Build 19041 (10.0.19041.3155) elapsed time: 0.231521 seconds (0d 0h 0m 0s)

---------------  T H R E A D  ---------------

Current thread (0x000001a59b7a9e50):  JavaThread "Thread-0"         [_thread_in_Java, id=8388, stack(0x0000001093f00000,0x0000001094000000) (1024K)]

Stack: [0x0000001093f00000,0x0000001094000000],  sp=0x0000001093ffec40,  free space=1019k
Native frames: (J=compiled Java code, j=interpreted, Vv=VM code, C=native code)
C  0x000001a58841b30c

The last pc belongs to nmethod (printed below).

siginfo: EXCEPTION_ACCESS_VIOLATION (0xc0000005), reading address 0x000001a59bf61000


Registers:
RAX=0x0000000000000000, RBX=0x000001a59c44a5a0, RCX=0x0000000713213490, RDX=0x0000000713213490
RSP=0x0000001093ffec40, RBP=0x0000001093ffece0, RSI=0x0000000000000404, RDI=0x000001a59bf60000
R8 =0x000001a59bf61000, R9 =0x0000000712a7b638, R10=0x00007ffeec6a7b20, R11=0x000001a58841b2c0
R12=0x0000000000000000, R13=0x0000001093ffec80, R14=0x0000001093ffed00, R15=0x000001a59b7a9e50
RIP=0x000001a58841b30c, EFLAGS=0x0000000000010202


Register to memory mapping:

RAX=0x0 is null
RBX={method} {0x000001a59c44a5a8} 'getLong' '(J)J' in 'jdk/internal/misc/Unsafe'
RCX=0x0000000713213490 is an oop: jdk.internal.misc.Unsafe 
{0x0000000713213490} - klass: 'jdk/internal/misc/Unsafe'
 - ---- fields (total size 2 words):
RDX=0x0000000713213490 is an oop: jdk.internal.misc.Unsafe 
{0x0000000713213490} - klass: 'jdk/internal/misc/Unsafe'
 - ---- fields (total size 2 words):
RSP=0x0000001093ffec40 is pointing into the stack for thread: 0x000001a59b7a9e50
RBP=0x0000001093ffece0 is pointing into the stack for thread: 0x000001a59b7a9e50
RSI=0x0000000000000404 is an unknown value
RDI=0x000001a59bf60000 points into unknown readable memory: 0x696168676e616873 | 73 68 61 6e 67 68 61 69
R8 =0x000001a59bf61000 is an unknown value
R9 =0x0000000712a7b638 is an oop: java.lang.Class 
{0x0000000712a7b638} - klass: 'java/lang/Class'
 - ---- fields (total size 25 words):
 - private volatile transient 'classRedefinedCount' 'I' @12  0 (0x00000000)
 - injected 'klass' 'J' @16  1810815615072 (0x000001a59d058060)
 - injected 'array_klass' 'J' @24  0 (0x0000000000000000)
 - injected 'oop_size' 'I' @32  25 (0x00000019)
 - injected 'static_oop_field_count' 'I' @36  2 (0x00000002)
 - private volatile transient 'cachedConstructor' 'Ljava/lang/reflect/Constructor;' @40  null (0x00000000)
 - private transient 'name' 'Ljava/lang/String;' @44  "sun.misc.Unsafe"{0x0000000712a7c560} (0xe254f8ac)
 - private transient 'module' 'Ljava/lang/Module;' @48  a 'java/lang/Module'{0x0000000713109e28} (0xe26213c5)
 - private final 'classLoader' 'Ljava/lang/ClassLoader;' @52  null (0x00000000)
 - private transient 'classData' 'Ljava/lang/Object;' @56  null (0x00000000)
 - private transient 'packageName' 'Ljava/lang/String;' @60  "sun.misc"{0x00000007133ca0f8} (0xe267941f)
 - private final 'componentType' 'Ljava/lang/Class;' @64  null (0x00000000)
 - private volatile transient 'reflectionData' 'Ljava/lang/ref/SoftReference;' @68  a 'java/lang/ref/SoftReference'{0x0000000712a7b818} (0xe254f703)
 - private volatile transient 'genericInfo' 'Lsun/reflect/generics/repository/ClassRepository;' @72  null (0x00000000)
 - private volatile transient 'enumConstants' '[Ljava/lang/Object;' @76  null (0x00000000)
 - private volatile transient 'enumConstantDirectory' 'Ljava/util/Map;' @80  null (0x00000000)
 - private volatile transient 'annotationData' 'Ljava/lang/Class$AnnotationData;' @84  null (0x00000000)
 - private volatile transient 'annotationType' 'Lsun/reflect/annotation/AnnotationType;' @88  null (0x00000000)
 - transient 'classValueMap' 'Ljava/lang/ClassValue$ClassValueMap;' @92  null (0x00000000)
 - injected 'protection_domain' 'Ljava/lang/Object;' @96  null (0x00000000)
 - injected 'signers_name' 'Ljava/lang/Object;' @100  null (0x00000000)
 - injected 'source_file' 'Ljava/lang/Object;' @104  null (0x00000000)
 - signature: Lsun/misc/Unsafe;
 - ---- static fields (2):
 - private static final 'theUnsafe' 'Lsun/misc/Unsafe;' @112  a 'sun/misc/Unsafe'{0x0000000712a7c6b8} (0xe254f8d7)
 - private static final 'theInternalUnsafe' 'Ljdk/internal/misc/Unsafe;' @116  a 'jdk/internal/misc/Unsafe'{0x0000000713213490} (0xe2642692)
 - public static final 'INVALID_FIELD_OFFSET' 'I' @120  -1 (0xffffffff)
 - public static final 'ARRAY_BOOLEAN_BASE_OFFSET' 'I' @124  16 (0x00000010)
 - public static final 'ARRAY_BYTE_BASE_OFFSET' 'I' @128  16 (0x00000010)
 - public static final 'ARRAY_SHORT_BASE_OFFSET' 'I' @132  16 (0x00000010)
 - public static final 'ARRAY_CHAR_BASE_OFFSET' 'I' @136  16 (0x00000010)
 - public static final 'ARRAY_INT_BASE_OFFSET' 'I' @140  16 (0x00000010)
 - public static final 'ARRAY_LONG_BASE_OFFSET' 'I' @144  16 (0x00000010)
 - public static final 'ARRAY_FLOAT_BASE_OFFSET' 'I' @148  16 (0x00000010)
 - public static final 'ARRAY_DOUBLE_BASE_OFFSET' 'I' @152  16 (0x00000010)
 - public static final 'ARRAY_OBJECT_BASE_OFFSET' 'I' @156  16 (0x00000010)
 - public static final 'ARRAY_BOOLEAN_INDEX_SCALE' 'I' @160  1 (0x00000001)
 - public static final 'ARRAY_BYTE_INDEX_SCALE' 'I' @164  1 (0x00000001)
 - public static final 'ARRAY_SHORT_INDEX_SCALE' 'I' @168  2 (0x00000002)
 - public static final 'ARRAY_CHAR_INDEX_SCALE' 'I' @172  2 (0x00000002)
 - public static final 'ARRAY_INT_INDEX_SCALE' 'I' @176  4 (0x00000004)
 - public static final 'ARRAY_LONG_INDEX_SCALE' 'I' @180  8 (0x00000008)
 - public static final 'ARRAY_FLOAT_INDEX_SCALE' 'I' @184  4 (0x00000004)
 - public static final 'ARRAY_DOUBLE_INDEX_SCALE' 'I' @188  8 (0x00000008)
 - public static final 'ARRAY_OBJECT_INDEX_SCALE' 'I' @192  4 (0x00000004)
 - public static final 'ADDRESS_SIZE' 'I' @196  8 (0x00000008)
R10=0x00007ffeec6a7b20 jvm.dll
R11=0x000001a58841b2c0 is at entry_point+32 in (nmethod*)0x000001a58841b110
Compiled method (c1)     239  331       3       jdk.internal.misc.Unsafe::getLong (7 bytes)
 total in heap  [0x000001a58841b110,0x000001a58841b410] = 768
 relocation     [0x000001a58841b268,0x000001a58841b298] = 48
 main code      [0x000001a58841b2a0,0x000001a58841b388] = 232
 stub code      [0x000001a58841b388,0x000001a58841b3c0] = 56
 metadata       [0x000001a58841b3c0,0x000001a58841b3c8] = 8
 scopes data    [0x000001a58841b3c8,0x000001a58841b3d8] = 16
 scopes pcs     [0x000001a58841b3d8,0x000001a58841b408] = 48
 dependencies   [0x000001a58841b408,0x000001a58841b410] = 8
R12=0x0 is null
R13=0x0000001093ffec80 is pointing into the stack for thread: 0x000001a59b7a9e50
R14=0x0000001093ffed00 is pointing into the stack for thread: 0x000001a59b7a9e50
R15=0x000001a59b7a9e50 is a thread

Top of Stack: (sp=0x0000001093ffec40)
0x0000001093ffec40:   0000001093ffece0 000001a58f8f9000
0x0000001093ffec50:   0000001093ffed00 00000000000000b6
0x0000001093ffec60:   000001a59bf60000 000001a58f8ebdb6
0x0000001093ffec70:   0000001093ffece0 000001a58f8e893e
0x0000001093ffec80:   000001a59bf61000 0000000000000000
0x0000001093ffec90:   0000000713213490 0000001093ffec98
0x0000001093ffeca0:   000001a5dd114244 0000000000000004
0x0000001093ffecb0:   000001a5dd117e40 0000000000000000
0x0000001093ffecc0:   0000000712a7b638 000001a5dd114270
0x0000001093ffecd0:   0000001093ffec80 0000001093ffecf0
0x0000001093ffece0:   0000001093ffed50 000001a58f8e893e
0x0000001093ffecf0:   000001a59bf61000 0000000000000000
0x0000001093ffed00:   0000000712a7c6b8 0000001093ffed08
0x0000001093ffed10:   000001a5dd40b03c 0000000000000009
0x0000001093ffed20:   000001a5dd40c000 0000000000000000
0x0000001093ffed30:   0000000712d95098 000001a5dd40b0c0
0x0000001093ffed40:   0000001093ffecf0 0000001093ffed90
0x0000001093ffed50:   0000001093ffede8 000001a58f8e893e
0x0000001093ffed60:   0000000000000000 0000000000000000
0x0000001093ffed70:   0a0a0a0a0a0a0a0a 0000000000000000
0x0000001093ffed80:   0000000000000000 0000000000000000
0x0000001093ffed90:   000001a59bf61000 0000000000000000
0x0000001093ffeda0:   0000001093ffeda0 000001a5dd40a648
0x0000001093ffedb0:   0000000000000038 000001a5dd40c000
0x0000001093ffedc0:   0000000000000000 0000000712d95098
0x0000001093ffedd0:   000001a5dd40ab00 0000001093ffed90
0x0000001093ffede0:   0000001093ffef80 0000001093ffeff8
0x0000001093ffedf0:   000001a58f8e8860 0000000000000000
0x0000001093ffee00:   0000000000000000 0000000000000000
0x0000001093ffee10:   0000000000000000 0000000000000000
0x0000001093ffee20:   0000000000000000 0000000000000000
0x0000001093ffee30:   0000000000000000 0000000000000000 

Instructions: (pc=0x000001a58841b30c)
0x000001a58841b20c:   ff ff ff ff 78 02 00 00 4a 02 00 00 90 01 00 00
0x000001a58841b21c:   78 02 00 00 b0 02 00 00 b0 02 00 00 00 00 00 00
0x000001a58841b22c:   c8 02 00 00 f8 02 00 00 00 03 00 00 00 03 00 00
0x000001a58841b23c:   00 03 00 00 00 03 00 00 00 03 00 00 28 00 00 00
0x000001a58841b24c:   4b 01 00 00 02 00 00 00 ff ff ff ff ff ff ff ff
0x000001a58841b25c:   03 02 00 00 00 00 00 00 00 00 00 00 14 30 22 31
0x000001a58841b26c:   05 60 27 08 16 58 0e 60 17 31 2c 78 07 40 11 31
0x000001a58841b27c:   27 31 0c 00 00 31 03 7c 3f ec d0 f7 fe 7f 05 38
0x000001a58841b28c:   0e 30 01 7c 82 ff 0d 48 0c 31 00 00 00 00 00 00
0x000001a58841b29c:   00 00 00 00 44 8b 52 08 49 bb 00 00 00 9c a5 01
0x000001a58841b2ac:   00 00 4d 03 d3 4c 3b d0 0f 85 c6 34 51 07 66 0f
0x000001a58841b2bc:   1f 44 00 00 89 84 24 00 80 ff ff 55 48 83 ec 30
0x000001a58841b2cc:   41 81 7f 20 01 00 00 00 74 05 e8 85 9a 4f 07 48
0x000001a58841b2dc:   b8 20 62 06 dd a5 01 00 00 8b b0 cc 00 00 00 83
0x000001a58841b2ec:   c6 02 89 b0 cc 00 00 00 81 e6 fe 07 00 00 85 f6
0x000001a58841b2fc:   0f 84 24 00 00 00 48 b8 00 00 00 00 00 00 00 00
0x000001a58841b30c:   4a 8b 34 00 48 8b c6 48 83 c4 30 5d 49 3b a7 50
0x000001a58841b31c:   04 00 00 0f 87 1f 00 00 00 c3 49 ba a0 a5 44 9c
0x000001a58841b32c:   a5 01 00 00 4c 89 54 24 08 48 c7 04 24 ff ff ff
0x000001a58841b33c:   ff e8 3e d8 5d 07 eb be 49 ba 18 b3 41 88 a5 01
0x000001a58841b34c:   00 00 4d 89 97 68 04 00 00 e9 a6 a3 51 07 49 8b
0x000001a58841b35c:   87 00 05 00 00 49 c7 87 00 05 00 00 00 00 00 00
0x000001a58841b36c:   49 c7 87 08 05 00 00 00 00 00 00 48 83 c4 30 5d
0x000001a58841b37c:   e9 ff 65 5d 07 f4 f4 f4 f4 f4 f4 f4 e8 73 97 5d
0x000001a58841b38c:   07 48 b9 d0 f7 3f ec fe 7f 00 00 48 83 e4 f0 48
0x000001a58841b39c:   b8 a0 12 08 ec fe 7f 00 00 ff d0 f4 49 ba a8 b3
0x000001a58841b3ac:   41 88 a5 01 00 00 41 52 e9 e7 95 51 07 f4 f4 f4
0x000001a58841b3bc:   f4 f4 f4 f4 a0 a5 44 9c a5 01 00 00 ff 04 01 93
0x000001a58841b3cc:   02 01 01 d5 06 01 02 01 02 01 01 00 ff ff ff ff
0x000001a58841b3dc:   00 00 00 00 00 00 00 00 00 00 00 00 a2 00 00 00
0x000001a58841b3ec:   09 00 00 00 00 00 00 00 00 00 00 00 21 01 00 00
0x000001a58841b3fc:   00 00 00 00 00 00 00 00 00 00 00 00 00 00 00 00 


Stack slot to memory mapping:

stack at sp + 0 slots: 0x0000001093ffece0 is pointing into the stack for thread: 0x000001a59b7a9e50
stack at sp + 1 slots: 0x000001a58f8f9000 is at code_begin+160 in an Interpreter codelet
invokevirtual  182 invokevirtual  [0x000001a58f8f8f60, 0x000001a58f8f9430]  1232 bytes
stack at sp + 2 slots: 0x0000001093ffed00 is pointing into the stack for thread: 0x000001a59b7a9e50
stack at sp + 3 slots: 0x00000000000000b6 is an unknown value
stack at sp + 4 slots: 0x000001a59bf60000 points into unknown readable memory: 0x696168676e616873 | 73 68 61 6e 67 68 61 69
stack at sp + 5 slots: 0x000001a58f8ebdb6 is at code_begin+886 in an Interpreter codelet
method entry point (kind = zerolocals)  [0x000001a58f8eba40, 0x000001a58f8ebe08]  968 bytes
stack at sp + 6 slots: 0x0000001093ffece0 is pointing into the stack for thread: 0x000001a59b7a9e50
stack at sp + 7 slots: 0x000001a58f8e893e is at code_begin+1406 in an Interpreter codelet
return entry points  [0x000001a58f8e83c0, 0x000001a58f8e8f60]  2976 bytes


Compiled method (c1)     245  331       3       jdk.internal.misc.Unsafe::getLong (7 bytes)
 total in heap  [0x000001a58841b110,0x000001a58841b410] = 768
 relocation     [0x000001a58841b268,0x000001a58841b298] = 48
 main code      [0x000001a58841b2a0,0x000001a58841b388] = 232
 stub code      [0x000001a58841b388,0x000001a58841b3c0] = 56
 metadata       [0x000001a58841b3c0,0x000001a58841b3c8] = 8
 scopes data    [0x000001a58841b3c8,0x000001a58841b3d8] = 16
 scopes pcs     [0x000001a58841b3d8,0x000001a58841b408] = 48
 dependencies   [0x000001a58841b408,0x000001a58841b410] = 8

[Constant Pool (empty)]

[MachCode]
[Entry Point]
  # {method} {0x000001a59c44a5a8} 'getLong' '(J)J' in 'jdk/internal/misc/Unsafe'
  # this:     rdx:rdx   = 'jdk/internal/misc/Unsafe'
  # parm0:    r8:r8     = long
  #           [sp+0x40]  (sp of caller)
  0x000001a58841b2a0: 448b 5208 | 49bb 0000 | 009c a501 | 0000 4d03 | d34c 3bd0 

  0x000001a58841b2b4: ;   {runtime_call ic_miss_stub}
  0x000001a58841b2b4: 0f85 c634 | 5107 660f | 1f44 0000 
[Verified Entry Point]
  0x000001a58841b2c0: 8984 2400 | 80ff ff55 | 4883 ec30 | 4181 7f20 | 0100 0000 

  0x000001a58841b2d4: ;   {runtime_call StubRoutines (final stubs)}
  0x000001a58841b2d4: 7405 e885 

  0x000001a58841b2d8: ;   {metadata(method data for {method} {0x000001a59c44a5a8} 'getLong' '(J)J' in 'jdk/internal/misc/Unsafe')}
  0x000001a58841b2d8: 9a4f 0748 | b820 6206 | dda5 0100 | 008b b0cc | 0000 0083 | c602 89b0 | cc00 0000 | 81e6 fe07 
  0x000001a58841b2f8: 0000 85f6 | 0f84 2400 

  0x000001a58841b300: ;   {oop(nullptr)}
  0x000001a58841b300: 0000 48b8 | 0000 0000 | 0000 0000 | 4a8b 3400 | 488b c648 | 83c4 305d 

  0x000001a58841b318: ;   {poll_return}
  0x000001a58841b318: 493b a750 | 0400 000f | 871f 0000 

  0x000001a58841b324: ;   {metadata({method} {0x000001a59c44a5a8} 'getLong' '(J)J' in 'jdk/internal/misc/Unsafe')}
  0x000001a58841b324: 00c3 49ba | a0a5 449c | a501 0000 | 4c89 5424 | 0848 c704 | 24ff ffff 

  0x000001a58841b33c: ;   {runtime_call counter_overflow Runtime1 stub}
  0x000001a58841b33c: ffe8 3ed8 

  0x000001a58841b340: ; ImmutableOopMap {rdx=Oop }
                      ;*synchronization entry
                      ; - jdk.internal.misc.Unsafe::getLong@-1 (line 376)
  0x000001a58841b340: 5d07 ebbe 

  0x000001a58841b344: ;   {internal_word}
  0x000001a58841b344: 49ba 18b3 | 4188 a501 | 0000 4d89 | 9768 0400 

  0x000001a58841b354: ;   {runtime_call SafepointBlob}
  0x000001a58841b354: 00e9 a6a3 | 5107 498b | 8700 0500 | 0049 c787 | 0005 0000 | 0000 0000 | 49c7 8708 | 0500 0000 
  0x000001a58841b374: 0000 0048 | 83c4 305d 

  0x000001a58841b37c: ;   {runtime_call unwind_exception Runtime1 stub}
  0x000001a58841b37c: e9ff 655d | 07f4 f4f4 | f4f4 f4f4 
[Exception Handler]
  0x000001a58841b388: ;   {no_reloc}
  0x000001a58841b388: e873 975d 

  0x000001a58841b38c: ;   {external_word}
  0x000001a58841b38c: 0748 b9d0 | f73f ecfe | 7f00 0048 

  0x000001a58841b398: ;   {runtime_call}
  0x000001a58841b398: 83e4 f048 | b8a0 1208 | ecfe 7f00 | 00ff d0f4 
[Deopt Handler Code]
  0x000001a58841b3a8: ;   {section_word}
  0x000001a58841b3a8: 49ba a8b3 | 4188 a501 | 0000 4152 

  0x000001a58841b3b4: ;   {runtime_call DeoptimizationBlob}
  0x000001a58841b3b4: e9e7 9551 | 07f4 f4f4 | f4f4 f4f4 
[/MachCode]


---------------  P R O C E S S  ---------------

Threads class SMR info:
_java_thread_list=0x000001a59b9d7ac0, length=14, elements={
0x000001a5faf6fe50, 0x000001a5fed9d600, 0x000001a5feda03e0, 0x000001a5feda30d0,
0x000001a5feda3b30, 0x000001a5fedac5a0, 0x000001a5fedd0510, 0x000001a5fedd32b0,
0x000001a5fedd7fc0, 0x000001a59b430ef0, 0x000001a5fedd9430, 0x000001a59b7b0e40,
0x000001a59b59f0b0, 0x000001a59b7a9e50
}

Java Threads: ( => current thread )
  0x000001a5faf6fe50 JavaThread "main"                              [_thread_blocked, id=6520, stack(0x0000001092b00000,0x0000001092c00000) (1024K)]
  0x000001a5fed9d600 JavaThread "Reference Handler"          daemon [_thread_blocked, id=10156, stack(0x0000001093300000,0x0000001093400000) (1024K)]
  0x000001a5feda03e0 JavaThread "Finalizer"                  daemon [_thread_blocked, id=8172, stack(0x0000001093400000,0x0000001093500000) (1024K)]
  0x000001a5feda30d0 JavaThread "Signal Dispatcher"          daemon [_thread_blocked, id=11828, stack(0x0000001093500000,0x0000001093600000) (1024K)]
  0x000001a5feda3b30 JavaThread "Attach Listener"            daemon [_thread_blocked, id=14308, stack(0x0000001093600000,0x0000001093700000) (1024K)]
  0x000001a5fedac5a0 JavaThread "Service Thread"             daemon [_thread_blocked, id=9780, stack(0x0000001093700000,0x0000001093800000) (1024K)]
  0x000001a5fedd0510 JavaThread "Monitor Deflation Thread"   daemon [_thread_blocked, id=13176, stack(0x0000001093800000,0x0000001093900000) (1024K)]
  0x000001a5fedd32b0 JavaThread "C2 CompilerThread0"         daemon [_thread_blocked, id=7268, stack(0x0000001093900000,0x0000001093a00000) (1024K)]
  0x000001a5fedd7fc0 JavaThread "C1 CompilerThread0"         daemon [_thread_blocked, id=13852, stack(0x0000001093a00000,0x0000001093b00000) (1024K)]
  0x000001a59b430ef0 JavaThread "Common-Cleaner"             daemon [_thread_blocked, id=1280, stack(0x0000001093b00000,0x0000001093c00000) (1024K)]
  0x000001a5fedd9430 JavaThread "C2 CompilerThread1"         daemon [_thread_blocked, id=11732, stack(0x0000001093c00000,0x0000001093d00000) (1024K)]
  0x000001a59b7b0e40 JavaThread "Monitor Ctrl-Break"         daemon [_thread_in_native, id=9112, stack(0x0000001093d00000,0x0000001093e00000) (1024K)]
  0x000001a59b59f0b0 JavaThread "Notification Thread"        daemon [_thread_blocked, id=12404, stack(0x0000001093e00000,0x0000001093f00000) (1024K)]
=>0x000001a59b7a9e50 JavaThread "Thread-0"                          [_thread_in_Java, id=8388, stack(0x0000001093f00000,0x0000001094000000) (1024K)]
Total: 14

Other Threads:
  0x000001a5fed7cea0 VMThread "VM Thread"                           [id=5388, stack(0x0000001093200000,0x0000001093300000) (1024K)]
  0x000001a5fed65c00 WatcherThread "VM Periodic Task Thread"        [id=6136, stack(0x0000001093100000,0x0000001093200000) (1024K)]
  0x000001a5fafd7e50 WorkerThread "GC Thread#0"                     [id=9992, stack(0x0000001092c00000,0x0000001092d00000) (1024K)]
  0x000001a5fafe92d0 ConcurrentGCThread "G1 Main Marker"            [id=12344, stack(0x0000001092d00000,0x0000001092e00000) (1024K)]
  0x000001a5fafe9f80 WorkerThread "G1 Conc#0"                       [id=4672, stack(0x0000001092e00000,0x0000001092f00000) (1024K)]
  0x000001a5fec375a0 ConcurrentGCThread "G1 Refine#0"               [id=14312, stack(0x0000001092f00000,0x0000001093000000) (1024K)]
  0x000001a5fec38020 ConcurrentGCThread "G1 Service"                [id=10232, stack(0x0000001093000000,0x0000001093100000) (1024K)]
Total: 7

Threads with active compile tasks:
Total: 0

VM state: not at safepoint (normal execution)

VM Mutex/Monitor currently owned by a thread: None

Heap address: 0x0000000703600000, size: 4042 MB, Compressed Oops mode: Zero based, Oop shift amount: 3

CDS archive(s) mapped at: [0x000001a59c000000-0x000001a59cc90000-0x000001a59cc90000), size 13172736, SharedBaseAddress: 0x000001a59c000000, ArchiveRelocationMode: 1.
Compressed class space mapped at: 0x000001a59d000000-0x000001a5dd000000, reserved size: 1073741824
Narrow klass base: 0x000001a59c000000, Narrow klass shift: 0, Narrow klass range: 0x100000000

GC Precious Log:
 CardTable entry size: 512
 Card Set container configuration: InlinePtr #cards 4 size 8 Array Of Cards #cards 16 size 48 Howl #buckets 8 coarsen threshold 3686 Howl Bitmap #cards 512 size 80 coarsen threshold 460 Card regions per heap region 1 cards per card region 4096
 CPUs: 8 total, 8 available
 Memory: 16165M
 Large Page Support: Disabled
 NUMA Support: Disabled
 Compressed Oops: Enabled (Zero based)
 Heap Region Size: 2M
 Heap Min Capacity: 8M
 Heap Initial Capacity: 254M
 Heap Max Capacity: 4042M
 Pre-touch: Disabled
 Parallel Workers: 8
 Concurrent Workers: 2
 Concurrent Refinement Workers: 8
 Periodic GC: Disabled

Heap:
 garbage-first heap   total 260096K, used 12288K [0x0000000703600000, 0x0000000800000000)
  region size 2048K, 8 young (16384K), 0 survivors (0K)
 Metaspace       used 1295K, committed 1472K, reserved 1114112K
  class space    used 109K, committed 192K, reserved 1048576K

Heap Regions: E=young(eden), S=young(survivor), O=old, HS=humongous(starts), HC=humongous(continues), CS=collection set, F=free, TAMS=top-at-mark-start, PB=parsable bottom
|   0|0x0000000703600000, 0x0000000703600000, 0x0000000703800000|  0%| F|  |TAMS 0x0000000703600000| PB 0x0000000703600000| Untracked 
|   1|0x0000000703800000, 0x0000000703800000, 0x0000000703a00000|  0%| F|  |TAMS 0x0000000703800000| PB 0x0000000703800000| Untracked 
|   2|0x0000000703a00000, 0x0000000703a00000, 0x0000000703c00000|  0%| F|  |TAMS 0x0000000703a00000| PB 0x0000000703a00000| Untracked 
|   3|0x0000000703c00000, 0x0000000703c00000, 0x0000000703e00000|  0%| F|  |TAMS 0x0000000703c00000| PB 0x0000000703c00000| Untracked 
|   4|0x0000000703e00000, 0x0000000703e00000, 0x0000000704000000|  0%| F|  |TAMS 0x0000000703e00000| PB 0x0000000703e00000| Untracked 
|   5|0x0000000704000000, 0x0000000704000000, 0x0000000704200000|  0%| F|  |TAMS 0x0000000704000000| PB 0x0000000704000000| Untracked 
|   6|0x0000000704200000, 0x0000000704200000, 0x0000000704400000|  0%| F|  |TAMS 0x0000000704200000| PB 0x0000000704200000| Untracked 
|   7|0x0000000704400000, 0x0000000704400000, 0x0000000704600000|  0%| F|  |TAMS 0x0000000704400000| PB 0x0000000704400000| Untracked 
|   8|0x0000000704600000, 0x0000000704600000, 0x0000000704800000|  0%| F|  |TAMS 0x0000000704600000| PB 0x0000000704600000| Untracked 
|   9|0x0000000704800000, 0x0000000704800000, 0x0000000704a00000|  0%| F|  |TAMS 0x0000000704800000| PB 0x0000000704800000| Untracked 
|  10|0x0000000704a00000, 0x0000000704a00000, 0x0000000704c00000|  0%| F|  |TAMS 0x0000000704a00000| PB 0x0000000704a00000| Untracked 
|  11|0x0000000704c00000, 0x0000000704c00000, 0x0000000704e00000|  0%| F|  |TAMS 0x0000000704c00000| PB 0x0000000704c00000| Untracked 
|  12|0x0000000704e00000, 0x0000000704e00000, 0x0000000705000000|  0%| F|  |TAMS 0x0000000704e00000| PB 0x0000000704e00000| Untracked 
|  13|0x0000000705000000, 0x0000000705000000, 0x0000000705200000|  0%| F|  |TAMS 0x0000000705000000| PB 0x0000000705000000| Untracked 
|  14|0x0000000705200000, 0x0000000705200000, 0x0000000705400000|  0%| F|  |TAMS 0x0000000705200000| PB 0x0000000705200000| Untracked 
|  15|0x0000000705400000, 0x0000000705400000, 0x0000000705600000|  0%| F|  |TAMS 0x0000000705400000| PB 0x0000000705400000| Untracked 
|  16|0x0000000705600000, 0x0000000705600000, 0x0000000705800000|  0%| F|  |TAMS 0x0000000705600000| PB 0x0000000705600000| Untracked 
|  17|0x0000000705800000, 0x0000000705800000, 0x0000000705a00000|  0%| F|  |TAMS 0x0000000705800000| PB 0x0000000705800000| Untracked 
|  18|0x0000000705a00000, 0x0000000705a00000, 0x0000000705c00000|  0%| F|  |TAMS 0x0000000705a00000| PB 0x0000000705a00000| Untracked 
|  19|0x0000000705c00000, 0x0000000705c00000, 0x0000000705e00000|  0%| F|  |TAMS 0x0000000705c00000| PB 0x0000000705c00000| Untracked 
|  20|0x0000000705e00000, 0x0000000705e00000, 0x0000000706000000|  0%| F|  |TAMS 0x0000000705e00000| PB 0x0000000705e00000| Untracked 
|  21|0x0000000706000000, 0x0000000706000000, 0x0000000706200000|  0%| F|  |TAMS 0x0000000706000000| PB 0x0000000706000000| Untracked 
|  22|0x0000000706200000, 0x0000000706200000, 0x0000000706400000|  0%| F|  |TAMS 0x0000000706200000| PB 0x0000000706200000| Untracked 
|  23|0x0000000706400000, 0x0000000706400000, 0x0000000706600000|  0%| F|  |TAMS 0x0000000706400000| PB 0x0000000706400000| Untracked 
|  24|0x0000000706600000, 0x0000000706600000, 0x0000000706800000|  0%| F|  |TAMS 0x0000000706600000| PB 0x0000000706600000| Untracked 
|  25|0x0000000706800000, 0x0000000706800000, 0x0000000706a00000|  0%| F|  |TAMS 0x0000000706800000| PB 0x0000000706800000| Untracked 
|  26|0x0000000706a00000, 0x0000000706a00000, 0x0000000706c00000|  0%| F|  |TAMS 0x0000000706a00000| PB 0x0000000706a00000| Untracked 
|  27|0x0000000706c00000, 0x0000000706c00000, 0x0000000706e00000|  0%| F|  |TAMS 0x0000000706c00000| PB 0x0000000706c00000| Untracked 
|  28|0x0000000706e00000, 0x0000000706e00000, 0x0000000707000000|  0%| F|  |TAMS 0x0000000706e00000| PB 0x0000000706e00000| Untracked 
|  29|0x0000000707000000, 0x0000000707000000, 0x0000000707200000|  0%| F|  |TAMS 0x0000000707000000| PB 0x0000000707000000| Untracked 
|  30|0x0000000707200000, 0x0000000707200000, 0x0000000707400000|  0%| F|  |TAMS 0x0000000707200000| PB 0x0000000707200000| Untracked 
|  31|0x0000000707400000, 0x0000000707400000, 0x0000000707600000|  0%| F|  |TAMS 0x0000000707400000| PB 0x0000000707400000| Untracked 
|  32|0x0000000707600000, 0x0000000707600000, 0x0000000707800000|  0%| F|  |TAMS 0x0000000707600000| PB 0x0000000707600000| Untracked 
|  33|0x0000000707800000, 0x0000000707800000, 0x0000000707a00000|  0%| F|  |TAMS 0x0000000707800000| PB 0x0000000707800000| Untracked 
|  34|0x0000000707a00000, 0x0000000707a00000, 0x0000000707c00000|  0%| F|  |TAMS 0x0000000707a00000| PB 0x0000000707a00000| Untracked 
|  35|0x0000000707c00000, 0x0000000707c00000, 0x0000000707e00000|  0%| F|  |TAMS 0x0000000707c00000| PB 0x0000000707c00000| Untracked 
|  36|0x0000000707e00000, 0x0000000707e00000, 0x0000000708000000|  0%| F|  |TAMS 0x0000000707e00000| PB 0x0000000707e00000| Untracked 
|  37|0x0000000708000000, 0x0000000708000000, 0x0000000708200000|  0%| F|  |TAMS 0x0000000708000000| PB 0x0000000708000000| Untracked 
|  38|0x0000000708200000, 0x0000000708200000, 0x0000000708400000|  0%| F|  |TAMS 0x0000000708200000| PB 0x0000000708200000| Untracked 
|  39|0x0000000708400000, 0x0000000708400000, 0x0000000708600000|  0%| F|  |TAMS 0x0000000708400000| PB 0x0000000708400000| Untracked 
|  40|0x0000000708600000, 0x0000000708600000, 0x0000000708800000|  0%| F|  |TAMS 0x0000000708600000| PB 0x0000000708600000| Untracked 
|  41|0x0000000708800000, 0x0000000708800000, 0x0000000708a00000|  0%| F|  |TAMS 0x0000000708800000| PB 0x0000000708800000| Untracked 
|  42|0x0000000708a00000, 0x0000000708a00000, 0x0000000708c00000|  0%| F|  |TAMS 0x0000000708a00000| PB 0x0000000708a00000| Untracked 
|  43|0x0000000708c00000, 0x0000000708c00000, 0x0000000708e00000|  0%| F|  |TAMS 0x0000000708c00000| PB 0x0000000708c00000| Untracked 
|  44|0x0000000708e00000, 0x0000000708e00000, 0x0000000709000000|  0%| F|  |TAMS 0x0000000708e00000| PB 0x0000000708e00000| Untracked 
|  45|0x0000000709000000, 0x0000000709000000, 0x0000000709200000|  0%| F|  |TAMS 0x0000000709000000| PB 0x0000000709000000| Untracked 
|  46|0x0000000709200000, 0x0000000709200000, 0x0000000709400000|  0%| F|  |TAMS 0x0000000709200000| PB 0x0000000709200000| Untracked 
|  47|0x0000000709400000, 0x0000000709400000, 0x0000000709600000|  0%| F|  |TAMS 0x0000000709400000| PB 0x0000000709400000| Untracked 
|  48|0x0000000709600000, 0x0000000709600000, 0x0000000709800000|  0%| F|  |TAMS 0x0000000709600000| PB 0x0000000709600000| Untracked 
|  49|0x0000000709800000, 0x0000000709800000, 0x0000000709a00000|  0%| F|  |TAMS 0x0000000709800000| PB 0x0000000709800000| Untracked 
|  50|0x0000000709a00000, 0x0000000709a00000, 0x0000000709c00000|  0%| F|  |TAMS 0x0000000709a00000| PB 0x0000000709a00000| Untracked 
|  51|0x0000000709c00000, 0x0000000709c00000, 0x0000000709e00000|  0%| F|  |TAMS 0x0000000709c00000| PB 0x0000000709c00000| Untracked 
|  52|0x0000000709e00000, 0x0000000709e00000, 0x000000070a000000|  0%| F|  |TAMS 0x0000000709e00000| PB 0x0000000709e00000| Untracked 
|  53|0x000000070a000000, 0x000000070a000000, 0x000000070a200000|  0%| F|  |TAMS 0x000000070a000000| PB 0x000000070a000000| Untracked 
|  54|0x000000070a200000, 0x000000070a200000, 0x000000070a400000|  0%| F|  |TAMS 0x000000070a200000| PB 0x000000070a200000| Untracked 
|  55|0x000000070a400000, 0x000000070a400000, 0x000000070a600000|  0%| F|  |TAMS 0x000000070a400000| PB 0x000000070a400000| Untracked 
|  56|0x000000070a600000, 0x000000070a600000, 0x000000070a800000|  0%| F|  |TAMS 0x000000070a600000| PB 0x000000070a600000| Untracked 
|  57|0x000000070a800000, 0x000000070a800000, 0x000000070aa00000|  0%| F|  |TAMS 0x000000070a800000| PB 0x000000070a800000| Untracked 
|  58|0x000000070aa00000, 0x000000070aa00000, 0x000000070ac00000|  0%| F|  |TAMS 0x000000070aa00000| PB 0x000000070aa00000| Untracked 
|  59|0x000000070ac00000, 0x000000070ac00000, 0x000000070ae00000|  0%| F|  |TAMS 0x000000070ac00000| PB 0x000000070ac00000| Untracked 
|  60|0x000000070ae00000, 0x000000070ae00000, 0x000000070b000000|  0%| F|  |TAMS 0x000000070ae00000| PB 0x000000070ae00000| Untracked 
|  61|0x000000070b000000, 0x000000070b000000, 0x000000070b200000|  0%| F|  |TAMS 0x000000070b000000| PB 0x000000070b000000| Untracked 
|  62|0x000000070b200000, 0x000000070b200000, 0x000000070b400000|  0%| F|  |TAMS 0x000000070b200000| PB 0x000000070b200000| Untracked 
|  63|0x000000070b400000, 0x000000070b400000, 0x000000070b600000|  0%| F|  |TAMS 0x000000070b400000| PB 0x000000070b400000| Untracked 
|  64|0x000000070b600000, 0x000000070b600000, 0x000000070b800000|  0%| F|  |TAMS 0x000000070b600000| PB 0x000000070b600000| Untracked 
|  65|0x000000070b800000, 0x000000070b800000, 0x000000070ba00000|  0%| F|  |TAMS 0x000000070b800000| PB 0x000000070b800000| Untracked 
|  66|0x000000070ba00000, 0x000000070ba00000, 0x000000070bc00000|  0%| F|  |TAMS 0x000000070ba00000| PB 0x000000070ba00000| Untracked 
|  67|0x000000070bc00000, 0x000000070bc00000, 0x000000070be00000|  0%| F|  |TAMS 0x000000070bc00000| PB 0x000000070bc00000| Untracked 
|  68|0x000000070be00000, 0x000000070be00000, 0x000000070c000000|  0%| F|  |TAMS 0x000000070be00000| PB 0x000000070be00000| Untracked 
|  69|0x000000070c000000, 0x000000070c000000, 0x000000070c200000|  0%| F|  |TAMS 0x000000070c000000| PB 0x000000070c000000| Untracked 
|  70|0x000000070c200000, 0x000000070c200000, 0x000000070c400000|  0%| F|  |TAMS 0x000000070c200000| PB 0x000000070c200000| Untracked 
|  71|0x000000070c400000, 0x000000070c400000, 0x000000070c600000|  0%| F|  |TAMS 0x000000070c400000| PB 0x000000070c400000| Untracked 
|  72|0x000000070c600000, 0x000000070c600000, 0x000000070c800000|  0%| F|  |TAMS 0x000000070c600000| PB 0x000000070c600000| Untracked 
|  73|0x000000070c800000, 0x000000070c800000, 0x000000070ca00000|  0%| F|  |TAMS 0x000000070c800000| PB 0x000000070c800000| Untracked 
|  74|0x000000070ca00000, 0x000000070ca00000, 0x000000070cc00000|  0%| F|  |TAMS 0x000000070ca00000| PB 0x000000070ca00000| Untracked 
|  75|0x000000070cc00000, 0x000000070cc00000, 0x000000070ce00000|  0%| F|  |TAMS 0x000000070cc00000| PB 0x000000070cc00000| Untracked 
|  76|0x000000070ce00000, 0x000000070ce00000, 0x000000070d000000|  0%| F|  |TAMS 0x000000070ce00000| PB 0x000000070ce00000| Untracked 
|  77|0x000000070d000000, 0x000000070d000000, 0x000000070d200000|  0%| F|  |TAMS 0x000000070d000000| PB 0x000000070d000000| Untracked 
|  78|0x000000070d200000, 0x000000070d200000, 0x000000070d400000|  0%| F|  |TAMS 0x000000070d200000| PB 0x000000070d200000| Untracked 
|  79|0x000000070d400000, 0x000000070d400000, 0x000000070d600000|  0%| F|  |TAMS 0x000000070d400000| PB 0x000000070d400000| Untracked 
|  80|0x000000070d600000, 0x000000070d600000, 0x000000070d800000|  0%| F|  |TAMS 0x000000070d600000| PB 0x000000070d600000| Untracked 
|  81|0x000000070d800000, 0x000000070d800000, 0x000000070da00000|  0%| F|  |TAMS 0x000000070d800000| PB 0x000000070d800000| Untracked 
|  82|0x000000070da00000, 0x000000070da00000, 0x000000070dc00000|  0%| F|  |TAMS 0x000000070da00000| PB 0x000000070da00000| Untracked 
|  83|0x000000070dc00000, 0x000000070dc00000, 0x000000070de00000|  0%| F|  |TAMS 0x000000070dc00000| PB 0x000000070dc00000| Untracked 
|  84|0x000000070de00000, 0x000000070de00000, 0x000000070e000000|  0%| F|  |TAMS 0x000000070de00000| PB 0x000000070de00000| Untracked 
|  85|0x000000070e000000, 0x000000070e000000, 0x000000070e200000|  0%| F|  |TAMS 0x000000070e000000| PB 0x000000070e000000| Untracked 
|  86|0x000000070e200000, 0x000000070e200000, 0x000000070e400000|  0%| F|  |TAMS 0x000000070e200000| PB 0x000000070e200000| Untracked 
|  87|0x000000070e400000, 0x000000070e400000, 0x000000070e600000|  0%| F|  |TAMS 0x000000070e400000| PB 0x000000070e400000| Untracked 
|  88|0x000000070e600000, 0x000000070e600000, 0x000000070e800000|  0%| F|  |TAMS 0x000000070e600000| PB 0x000000070e600000| Untracked 
|  89|0x000000070e800000, 0x000000070e800000, 0x000000070ea00000|  0%| F|  |TAMS 0x000000070e800000| PB 0x000000070e800000| Untracked 
|  90|0x000000070ea00000, 0x000000070ea00000, 0x000000070ec00000|  0%| F|  |TAMS 0x000000070ea00000| PB 0x000000070ea00000| Untracked 
|  91|0x000000070ec00000, 0x000000070ec00000, 0x000000070ee00000|  0%| F|  |TAMS 0x000000070ec00000| PB 0x000000070ec00000| Untracked 
|  92|0x000000070ee00000, 0x000000070ee00000, 0x000000070f000000|  0%| F|  |TAMS 0x000000070ee00000| PB 0x000000070ee00000| Untracked 
|  93|0x000000070f000000, 0x000000070f000000, 0x000000070f200000|  0%| F|  |TAMS 0x000000070f000000| PB 0x000000070f000000| Untracked 
|  94|0x000000070f200000, 0x000000070f200000, 0x000000070f400000|  0%| F|  |TAMS 0x000000070f200000| PB 0x000000070f200000| Untracked 
|  95|0x000000070f400000, 0x000000070f400000, 0x000000070f600000|  0%| F|  |TAMS 0x000000070f400000| PB 0x000000070f400000| Untracked 
|  96|0x000000070f600000, 0x000000070f600000, 0x000000070f800000|  0%| F|  |TAMS 0x000000070f600000| PB 0x000000070f600000| Untracked 
|  97|0x000000070f800000, 0x000000070f800000, 0x000000070fa00000|  0%| F|  |TAMS 0x000000070f800000| PB 0x000000070f800000| Untracked 
|  98|0x000000070fa00000, 0x000000070fa00000, 0x000000070fc00000|  0%| F|  |TAMS 0x000000070fa00000| PB 0x000000070fa00000| Untracked 
|  99|0x000000070fc00000, 0x000000070fc00000, 0x000000070fe00000|  0%| F|  |TAMS 0x000000070fc00000| PB 0x000000070fc00000| Untracked 
| 100|0x000000070fe00000, 0x000000070fe00000, 0x0000000710000000|  0%| F|  |TAMS 0x000000070fe00000| PB 0x000000070fe00000| Untracked 
| 101|0x0000000710000000, 0x0000000710000000, 0x0000000710200000|  0%| F|  |TAMS 0x0000000710000000| PB 0x0000000710000000| Untracked 
| 102|0x0000000710200000, 0x0000000710200000, 0x0000000710400000|  0%| F|  |TAMS 0x0000000710200000| PB 0x0000000710200000| Untracked 
| 103|0x0000000710400000, 0x0000000710400000, 0x0000000710600000|  0%| F|  |TAMS 0x0000000710400000| PB 0x0000000710400000| Untracked 
| 104|0x0000000710600000, 0x0000000710600000, 0x0000000710800000|  0%| F|  |TAMS 0x0000000710600000| PB 0x0000000710600000| Untracked 
| 105|0x0000000710800000, 0x0000000710800000, 0x0000000710a00000|  0%| F|  |TAMS 0x0000000710800000| PB 0x0000000710800000| Untracked 
| 106|0x0000000710a00000, 0x0000000710a00000, 0x0000000710c00000|  0%| F|  |TAMS 0x0000000710a00000| PB 0x0000000710a00000| Untracked 
| 107|0x0000000710c00000, 0x0000000710c00000, 0x0000000710e00000|  0%| F|  |TAMS 0x0000000710c00000| PB 0x0000000710c00000| Untracked 
| 108|0x0000000710e00000, 0x0000000710e00000, 0x0000000711000000|  0%| F|  |TAMS 0x0000000710e00000| PB 0x0000000710e00000| Untracked 
| 109|0x0000000711000000, 0x0000000711000000, 0x0000000711200000|  0%| F|  |TAMS 0x0000000711000000| PB 0x0000000711000000| Untracked 
| 110|0x0000000711200000, 0x0000000711200000, 0x0000000711400000|  0%| F|  |TAMS 0x0000000711200000| PB 0x0000000711200000| Untracked 
| 111|0x0000000711400000, 0x0000000711400000, 0x0000000711600000|  0%| F|  |TAMS 0x0000000711400000| PB 0x0000000711400000| Untracked 
| 112|0x0000000711600000, 0x0000000711600000, 0x0000000711800000|  0%| F|  |TAMS 0x0000000711600000| PB 0x0000000711600000| Untracked 
| 113|0x0000000711800000, 0x0000000711800000, 0x0000000711a00000|  0%| F|  |TAMS 0x0000000711800000| PB 0x0000000711800000| Untracked 
| 114|0x0000000711a00000, 0x0000000711a00000, 0x0000000711c00000|  0%| F|  |TAMS 0x0000000711a00000| PB 0x0000000711a00000| Untracked 
| 115|0x0000000711c00000, 0x0000000711c00000, 0x0000000711e00000|  0%| F|  |TAMS 0x0000000711c00000| PB 0x0000000711c00000| Untracked 
| 116|0x0000000711e00000, 0x0000000711e00000, 0x0000000712000000|  0%| F|  |TAMS 0x0000000711e00000| PB 0x0000000711e00000| Untracked 
| 117|0x0000000712000000, 0x0000000712000000, 0x0000000712200000|  0%| F|  |TAMS 0x0000000712000000| PB 0x0000000712000000| Untracked 
| 118|0x0000000712200000, 0x0000000712200000, 0x0000000712400000|  0%| F|  |TAMS 0x0000000712200000| PB 0x0000000712200000| Untracked 
| 119|0x0000000712400000, 0x0000000712500020, 0x0000000712600000| 50%| E|  |TAMS 0x0000000712400000| PB 0x0000000712400000| Complete 
| 120|0x0000000712600000, 0x0000000712800000, 0x0000000712800000|100%| E|CS|TAMS 0x0000000712600000| PB 0x0000000712600000| Complete 
| 121|0x0000000712800000, 0x0000000712a00000, 0x0000000712a00000|100%| E|CS|TAMS 0x0000000712800000| PB 0x0000000712800000| Complete 
| 122|0x0000000712a00000, 0x0000000712c00000, 0x0000000712c00000|100%| E|  |TAMS 0x0000000712a00000| PB 0x0000000712a00000| Complete 
| 123|0x0000000712c00000, 0x0000000712e00000, 0x0000000712e00000|100%| E|CS|TAMS 0x0000000712c00000| PB 0x0000000712c00000| Complete 
| 124|0x0000000712e00000, 0x0000000713000000, 0x0000000713000000|100%| E|CS|TAMS 0x0000000712e00000| PB 0x0000000712e00000| Complete 
| 125|0x0000000713000000, 0x0000000713200000, 0x0000000713200000|100%| E|CS|TAMS 0x0000000713000000| PB 0x0000000713000000| Complete 
| 126|0x0000000713200000, 0x0000000713400000, 0x0000000713400000|100%| E|CS|TAMS 0x0000000713200000| PB 0x0000000713200000| Complete 

Card table byte_map: [0x000001a5fbb60000,0x000001a5fc350000] _byte_map_base: 0x000001a5f8345000

Marking Bits: (CMBitMap*) 0x000001a5fafd8d60
 Bits: [0x000001a5973b0000, 0x000001a59b2d8000)

Polling page: 0x000001a5f8e10000

Metaspace:

Usage:
  Non-class:      1.16 MB used.
      Class:    109.52 KB used.
       Both:      1.27 MB used.

Virtual space:
  Non-class space:       64.00 MB reserved,       1.25 MB (  2%) committed,  1 nodes.
      Class space:        1.00 GB reserved,     192.00 KB ( <1%) committed,  1 nodes.
             Both:        1.06 GB reserved,       1.44 MB ( <1%) committed. 

Chunk freelists:
   Non-Class:  11.92 MB
       Class:  15.73 MB
        Both:  27.65 MB

MaxMetaspaceSize: unlimited
CompressedClassSpaceSize: 1.00 GB
Initial GC threshold: 21.00 MB
Current GC threshold: 21.00 MB
CDS: on
 - commit_granule_bytes: 65536.
 - commit_granule_words: 8192.
 - virtual_space_node_default_size: 8388608.
 - enlarge_chunks_in_place: 1.
 - use_allocation_guard: 0.


Internal statistics:

num_allocs_failed_limit: 0.
num_arena_births: 34.
num_arena_deaths: 0.
num_vsnodes_births: 2.
num_vsnodes_deaths: 0.
num_space_committed: 23.
num_space_uncommitted: 0.
num_chunks_returned_to_freelist: 0.
num_chunks_taken_from_freelist: 41.
num_chunk_merges: 0.
num_chunk_splits: 29.
num_chunks_enlarged: 18.
num_inconsistent_stats: 0.

CodeHeap 'non-profiled nmethods': size=120000Kb used=140Kb max_used=140Kb free=119859Kb
 bounds [0x000001a58fe80000, 0x000001a5900f0000, 0x000001a5973b0000]
CodeHeap 'profiled nmethods': size=120000Kb used=560Kb max_used=560Kb free=119439Kb
 bounds [0x000001a5883b0000, 0x000001a588620000, 0x000001a58f8e0000]
CodeHeap 'non-nmethods': size=5760Kb used=1335Kb max_used=1335Kb free=4424Kb
 bounds [0x000001a58f8e0000, 0x000001a58fb50000, 0x000001a58fe80000]
 total_blobs=847 nmethods=403 adapters=349
 compilation: enabled
              stopped_count=0, restarted_count=0
 full_count=0

Compilation events (20 events):
Event: 0.223 Thread 0x000001a5fedd7fc0 nmethod 382 0x000001a58842cf90 code [0x000001a58842d120, 0x000001a58842d238]
Event: 0.223 Thread 0x000001a5fedd7fc0  383       1       java.lang.invoke.MethodHandles$Lookup::lookupClass (5 bytes)
Event: 0.223 Thread 0x000001a5fedd7fc0 nmethod 383 0x000001a58fea1710 code [0x000001a58fea18a0, 0x000001a58fea1970]
Event: 0.223 Thread 0x000001a5fedd7fc0  386       3       java.lang.ref.WeakReference::<init> (7 bytes)
Event: 0.223 Thread 0x000001a5fedd7fc0 nmethod 386 0x000001a58842d310 code [0x000001a58842d4c0, 0x000001a58842d7a0]
Event: 0.223 Thread 0x000001a5fedd7fc0  387       3       java.lang.Enum::<init> (15 bytes)
Event: 0.223 Thread 0x000001a5fedd7fc0 nmethod 387 0x000001a58842d890 code [0x000001a58842da20, 0x000001a58842dbf0]
Event: 0.225 Thread 0x000001a5fedd7fc0  389       3       sun.invoke.util.VerifyAccess::isTypeVisible (118 bytes)
Event: 0.225 Thread 0x000001a5fedd7fc0 nmethod 389 0x000001a58842dc90 code [0x000001a58842dfa0, 0x000001a58842ef68]
Event: 0.226 Thread 0x000001a5fedd7fc0  390       3       java.lang.invoke.MethodType$ConcurrentWeakInternSet::get (47 bytes)
Event: 0.226 Thread 0x000001a5fedd7fc0 nmethod 390 0x000001a58842f490 code [0x000001a58842f6a0, 0x000001a58842fe98]
Event: 0.226 Thread 0x000001a5fedd7fc0  393       1       sun.invoke.util.Wrapper::basicTypeChar (5 bytes)
Event: 0.226 Thread 0x000001a5fedd7fc0 nmethod 393 0x000001a58fea2910 code [0x000001a58fea2aa0, 0x000001a58fea2b70]
Event: 0.226 Thread 0x000001a5fedd7fc0  391       3       java.lang.invoke.MemberName::isResolved (13 bytes)
Event: 0.226 Thread 0x000001a5fedd7fc0 nmethod 391 0x000001a588430110 code [0x000001a5884302a0, 0x000001a588430410]
Event: 0.226 Thread 0x000001a5fedd7fc0  392       3       java.lang.StringBuilder::<init> (6 bytes)
Event: 0.226 Thread 0x000001a5fedd7fc0 nmethod 392 0x000001a588430490 code [0x000001a588430640, 0x000001a588430778]
Event: 0.226 Thread 0x000001a5fedd7fc0  398       3       java.lang.invoke.MethodType::makeImpl (109 bytes)
Event: 0.227 Thread 0x000001a5fedd7fc0 nmethod 398 0x000001a588430810 code [0x000001a588430ac0, 0x000001a5884318c8]
Event: 0.227 Thread 0x000001a5fedd7fc0  399       3       jdk.internal.org.objectweb.asm.Frame::execute (2305 bytes)

GC Heap History (0 events):
No events

Dll operation events (9 events):
Event: 0.006 Loaded shared library C:\Program Files\Java\jdk-21\bin\java.dll
Event: 0.046 Loaded shared library C:\Program Files\Java\jdk-21\bin\jsvml.dll
Event: 0.113 Loaded shared library C:\Program Files\Java\jdk-21\bin\zip.dll
Event: 0.117 Loaded shared library C:\Program Files\Java\jdk-21\bin\instrument.dll
Event: 0.121 Loaded shared library C:\Program Files\Java\jdk-21\bin\net.dll
Event: 0.122 Loaded shared library C:\Program Files\Java\jdk-21\bin\nio.dll
Event: 0.125 Loaded shared library C:\Program Files\Java\jdk-21\bin\zip.dll
Event: 0.214 Loaded shared library C:\Program Files\JetBrains\IntelliJ IDEA Community Edition 2024.2.0.2\bin\breakgen64.dll
Event: 0.221 Loaded shared library C:\Program Files\Java\jdk-21\bin\extnet.dll

Deoptimization events (16 events):
Event: 0.115 Thread 0x000001a5faf6fe50 Uncommon trap: trap_request=0xffffff45 fr.pc=0x000001a58fe819ec relative=0x000000000000006c
Event: 0.115 Thread 0x000001a5faf6fe50 Uncommon trap: reason=unstable_if action=reinterpret pc=0x000001a58fe819ec method=java.lang.String.isLatin1()Z @ 10 c2
Event: 0.115 Thread 0x000001a5faf6fe50 DEOPT PACKING pc=0x000001a58fe819ec sp=0x0000001092bfd7c0
Event: 0.115 Thread 0x000001a5faf6fe50 DEOPT UNPACKING pc=0x000001a58f9346a2 sp=0x0000001092bfd750 mode 2
Event: 0.142 Thread 0x000001a5faf6fe50 DEOPT PACKING pc=0x000001a5883bb9f8 sp=0x0000001092bfe260
Event: 0.142 Thread 0x000001a5faf6fe50 DEOPT UNPACKING pc=0x000001a58f934e42 sp=0x0000001092bfd680 mode 0
Event: 0.148 Thread 0x000001a5faf6fe50 DEOPT PACKING pc=0x000001a5883b93d8 sp=0x0000001092bfe230
Event: 0.148 Thread 0x000001a5faf6fe50 DEOPT UNPACKING pc=0x000001a58f934e42 sp=0x0000001092bfd698 mode 0
Event: 0.206 Thread 0x000001a5faf6fe50 Uncommon trap: trap_request=0xffffff45 fr.pc=0x000001a58fe9a4d0 relative=0x0000000000000190
Event: 0.206 Thread 0x000001a5faf6fe50 Uncommon trap: reason=unstable_if action=reinterpret pc=0x000001a58fe9a4d0 method=java.util.zip.ZipFile$Source.isMetaName([BII)Z @ 57 c2
Event: 0.206 Thread 0x000001a5faf6fe50 DEOPT PACKING pc=0x000001a58fe9a4d0 sp=0x0000001092bfe4b0
Event: 0.206 Thread 0x000001a5faf6fe50 DEOPT UNPACKING pc=0x000001a58f9346a2 sp=0x0000001092bfe458 mode 2
Event: 0.217 Thread 0x000001a5faf6fe50 Uncommon trap: trap_request=0xffffff45 fr.pc=0x000001a58fe97554 relative=0x0000000000000054
Event: 0.217 Thread 0x000001a5faf6fe50 Uncommon trap: reason=unstable_if action=reinterpret pc=0x000001a58fe97554 method=sun.nio.fs.WindowsPathParser.isSlash(C)Z @ 9 c2
Event: 0.217 Thread 0x000001a5faf6fe50 DEOPT PACKING pc=0x000001a58fe97554 sp=0x0000001092bff4b0
Event: 0.217 Thread 0x000001a5faf6fe50 DEOPT UNPACKING pc=0x000001a58f9346a2 sp=0x0000001092bff438 mode 2

Classes loaded (20 events):
Event: 0.226 Loading class sun/nio/cs/StreamDecoder
Event: 0.227 Loading class sun/nio/cs/StreamDecoder done
Event: 0.227 Loading class java/lang/Thread$ThreadNumbering
Event: 0.227 Loading class sun/nio/cs/US_ASCII$Decoder
Event: 0.227 Loading class java/lang/Thread$ThreadNumbering done
Event: 0.227 Loading class sun/nio/cs/US_ASCII$Decoder done
Event: 0.227 Loading class sun/nio/ch/Util
Event: 0.227 Loading class sun/nio/ch/Util done
Event: 0.227 Loading class sun/nio/ch/Util$1
Event: 0.227 Loading class sun/nio/ch/Util$1 done
Event: 0.227 Loading class sun/nio/ch/Util$BufferCache
Event: 0.228 Loading class sun/nio/ch/Util$BufferCache done
Event: 0.228 Loading class java/nio/DirectByteBuffer$Deallocator
Event: 0.228 Loading class java/nio/DirectByteBuffer$Deallocator done
Event: 0.228 Loading class java/lang/IllegalAccessException
Event: 0.228 Loading class java/lang/IllegalAccessException done
Event: 0.228 Loading class sun/misc/Unsafe
Event: 0.229 Loading class sun/misc/Unsafe done
Event: 0.229 Loading class java/lang/invoke/DirectMethodHandle$StaticAccessor
Event: 0.229 Loading class java/lang/invoke/DirectMethodHandle$StaticAccessor done

Classes unloaded (0 events):
No events

Classes redefined (0 events):
No events

Internal exceptions (3 events):
Event: 0.207 Thread 0x000001a5faf6fe50 Exception <a 'java/lang/NoSuchMethodError'{0x0000000712d66530}: 'void java.lang.invoke.DirectMethodHandle$Holder.invokeStatic(java.lang.Object, java.lang.Object, java.lang.Object)'> (0x0000000712d66530) 
thrown [s\open\src\hotspot\share\interpreter\linkResolver.cpp, line 773]
Event: 0.210 Thread 0x000001a5faf6fe50 Exception <a 'java/lang/NoSuchMethodError'{0x0000000712d7da38}: 'java.lang.Object java.lang.invoke.Invokers$Holder.invokeExact_MT(java.lang.Object, java.lang.Object, java.lang.Object, java.lang.Object, java.lang.Object)'> (0x0000000712d7da38) 
thrown [s\open\src\hotspot\share\interpreter\linkResolver.cpp, line 773]
Event: 0.222 Thread 0x000001a59b7b0e40 Exception <a 'java/lang/NoSuchMethodError'{0x0000000712da8968}: 'void java.lang.invoke.DirectMethodHandle$Holder.invokeStatic(java.lang.Object, java.lang.Object)'> (0x0000000712da8968) 
thrown [s\open\src\hotspot\share\interpreter\linkResolver.cpp, line 773]

ZGC Phase Switch (0 events):
No events

VM Operations (2 events):
Event: 0.101 Executing VM operation: HandshakeAllThreads (Deoptimize)
Event: 0.101 Executing VM operation: HandshakeAllThreads (Deoptimize) done

Events (20 events):
Event: 0.045 Thread 0x000001a5fedd7fc0 Thread added: 0x000001a5fedd7fc0
Event: 0.095 Thread 0x000001a59b430ef0 Thread added: 0x000001a59b430ef0
Event: 0.116 Thread 0x000001a5fedd9430 Thread added: 0x000001a5fedd9430
Event: 0.214 Thread 0x000001a59b7b0e40 Thread added: 0x000001a59b7b0e40
Event: 0.214 Thread 0x000001a59b59f0b0 Thread added: 0x000001a59b59f0b0
Event: 0.227 Thread 0x000001a59b7a9e50 Thread added: 0x000001a59b7a9e50
Event: 0.227 Thread 0x000001a59b6c1fa0 Thread added: 0x000001a59b6c1fa0
Event: 0.227 Thread 0x000001a59b6ee440 Thread added: 0x000001a59b6ee440
Event: 0.227 Thread 0x000001a59b6eef30 Thread added: 0x000001a59b6eef30
Event: 0.227 Thread 0x000001a59b7ce940 Thread added: 0x000001a59b7ce940
Event: 0.227 Thread 0x000001a59b7cf430 Thread added: 0x000001a59b7cf430
Event: 0.228 Thread 0x000001a59b7eea20 Thread added: 0x000001a59b7eea20
Event: 0.228 Thread 0x000001a59b74cd30 Thread added: 0x000001a59b74cd30
Event: 0.228 Thread 0x000001a59b6c1fa0 Thread exited: 0x000001a59b6c1fa0
Event: 0.228 Thread 0x000001a59b6ee440 Thread exited: 0x000001a59b6ee440
Event: 0.228 Thread 0x000001a59b6eef30 Thread exited: 0x000001a59b6eef30
Event: 0.228 Thread 0x000001a59b7ce940 Thread exited: 0x000001a59b7ce940
Event: 0.229 Thread 0x000001a59b7cf430 Thread exited: 0x000001a59b7cf430
Event: 0.229 Thread 0x000001a59b7eea20 Thread exited: 0x000001a59b7eea20
Event: 0.229 Thread 0x000001a59b74cd30 Thread exited: 0x000001a59b74cd30


Dynamic libraries:
0x00007ff6b5600000 - 0x00007ff6b5610000 	C:\Program Files\Java\jdk-21\bin\java.exe
0x00007fff42cd0000 - 0x00007fff42ec8000 	C:\Windows\SYSTEM32\ntdll.dll
0x00007fff40d30000 - 0x00007fff40def000 	C:\Windows\System32\KERNEL32.DLL
0x00007fff40a00000 - 0x00007fff40cf6000 	C:\Windows\System32\KERNELBASE.dll
0x00007fff406a0000 - 0x00007fff407a0000 	C:\Windows\System32\ucrtbase.dll
0x00007fff375f0000 - 0x00007fff37609000 	C:\Program Files\Java\jdk-21\bin\jli.dll
0x00007fff416c0000 - 0x00007fff4176f000 	C:\Windows\System32\ADVAPI32.dll
0x00007fff32e70000 - 0x00007fff32e8b000 	C:\Program Files\Java\jdk-21\bin\VCRUNTIME140.dll
0x00007fff417d0000 - 0x00007fff4186e000 	C:\Windows\System32\msvcrt.dll
0x00007fff42a90000 - 0x00007fff42b2c000 	C:\Windows\System32\sechost.dll
0x00007fff41580000 - 0x00007fff416a6000 	C:\Windows\System32\RPCRT4.dll
0x00007fff41380000 - 0x00007fff4151d000 	C:\Windows\System32\USER32.dll
0x00007fff40670000 - 0x00007fff40692000 	C:\Windows\System32\win32u.dll
0x00007fff37340000 - 0x00007fff375da000 	C:\Windows\WinSxS\amd64_microsoft.windows.common-controls_6595b64144ccf1df_6.0.19041.1110_none_60b5254171f9507e\COMCTL32.dll
0x00007fff42a60000 - 0x00007fff42a8c000 	C:\Windows\System32\GDI32.dll
0x00007fff40460000 - 0x00007fff40575000 	C:\Windows\System32\gdi32full.dll
0x00007fff40580000 - 0x00007fff4061d000 	C:\Windows\System32\msvcp_win.dll
0x00007fff3af40000 - 0x00007fff3af4a000 	C:\Windows\SYSTEM32\VERSION.dll
0x00007fff42b30000 - 0x00007fff42b60000 	C:\Windows\System32\IMM32.DLL
0x00007fff3bd90000 - 0x00007fff3bd9c000 	C:\Program Files\Java\jdk-21\bin\vcruntime140_1.dll
0x00007fff16fa0000 - 0x00007fff1702e000 	C:\Program Files\Java\jdk-21\bin\msvcp140.dll
0x00007ffeeba60000 - 0x00007ffeec773000 	C:\Program Files\Java\jdk-21\bin\server\jvm.dll
0x00007fff421d0000 - 0x00007fff4223b000 	C:\Windows\System32\WS2_32.dll
0x00007fff40210000 - 0x00007fff4025b000 	C:\Windows\SYSTEM32\POWRPROF.dll
0x00007fff22f10000 - 0x00007fff22f37000 	C:\Windows\SYSTEM32\WINMM.dll
0x00007fff401f0000 - 0x00007fff40202000 	C:\Windows\SYSTEM32\UMPDC.dll
0x00007fff3e250000 - 0x00007fff3e262000 	C:\Windows\SYSTEM32\kernel.appcore.dll
0x00007fff375e0000 - 0x00007fff375ea000 	C:\Program Files\Java\jdk-21\bin\jimage.dll
0x00007fff392b0000 - 0x00007fff39494000 	C:\Windows\SYSTEM32\DBGHELP.DLL
0x00007fff389e0000 - 0x00007fff38a14000 	C:\Windows\SYSTEM32\dbgcore.DLL
0x00007fff40970000 - 0x00007fff409f2000 	C:\Windows\System32\bcryptPrimitives.dll
0x00007fff37240000 - 0x00007fff3724f000 	C:\Program Files\Java\jdk-21\bin\instrument.dll
0x00007fff32770000 - 0x00007fff3278f000 	C:\Program Files\Java\jdk-21\bin\java.dll
0x00007fff41870000 - 0x00007fff41fb4000 	C:\Windows\System32\SHELL32.dll
0x00007fff3e450000 - 0x00007fff3ebe4000 	C:\Windows\SYSTEM32\windows.storage.dll
0x00007fff42240000 - 0x00007fff42594000 	C:\Windows\System32\combase.dll
0x00007fff3fd10000 - 0x00007fff3fd3e000 	C:\Windows\SYSTEM32\Wldp.dll
0x00007fff426b0000 - 0x00007fff4275d000 	C:\Windows\System32\SHCORE.dll
0x00007fff42170000 - 0x00007fff421c5000 	C:\Windows\System32\shlwapi.dll
0x00007fff402e0000 - 0x00007fff40305000 	C:\Windows\SYSTEM32\profapi.dll
0x00007fff16c50000 - 0x00007fff16d27000 	C:\Program Files\Java\jdk-21\bin\jsvml.dll
0x00007fff31fa0000 - 0x00007fff31fb8000 	C:\Program Files\Java\jdk-21\bin\zip.dll
0x00007fff36160000 - 0x00007fff36170000 	C:\Program Files\Java\jdk-21\bin\net.dll
0x00007fff39850000 - 0x00007fff3995a000 	C:\Windows\SYSTEM32\WINHTTP.dll
0x00007fff3fa70000 - 0x00007fff3fada000 	C:\Windows\system32\mswsock.dll
0x00007fff32450000 - 0x00007fff32466000 	C:\Program Files\Java\jdk-21\bin\nio.dll
0x00007fff31f80000 - 0x00007fff31f9a000 	C:\Program Files\JetBrains\IntelliJ IDEA Community Edition 2024.2.0.2\bin\breakgen64.dll
0x00007fff32760000 - 0x00007fff32769000 	C:\Program Files\Java\jdk-21\bin\extnet.dll

dbghelp: loaded successfully - version: 4.0.5 - missing functions: none
symbol engine: initialized successfully - sym options: 0x614 - pdb path: .;C:\Program Files\Java\jdk-21\bin;C:\Windows\SYSTEM32;C:\Windows\WinSxS\amd64_microsoft.windows.common-controls_6595b64144ccf1df_6.0.19041.1110_none_60b5254171f9507e;C:\Program Files\Java\jdk-21\bin\server;C:\Program Files\JetBrains\IntelliJ IDEA Community Edition 2024.2.0.2\bin

VM Arguments:
jvm_args: --enable-preview -javaagent:C:\Program Files\JetBrains\IntelliJ IDEA Community Edition 2024.2.0.2\lib\idea_rt.jar=53294:C:\Program Files\JetBrains\IntelliJ IDEA Community Edition 2024.2.0.2\bin -Dfile.encoding=UTF-8 -Dsun.stdout.encoding=UTF-8 -Dsun.stderr.encoding=UTF-8 
java_command: com.example.demo.calculate.CalculateAverage --worker
java_class_path (initial): C:\Users\w5989\Documents\projects\demo\target\classes;C:\Users\w5989\.m2\repository\io\netty\netty-all\4.1.112.Final\netty-all-4.1.112.Final.jar;C:\Users\w5989\.m2\repository\io\netty\netty-buffer\4.1.112.Final\netty-buffer-4.1.112.Final.jar;C:\Users\w5989\.m2\repository\io\netty\netty-codec\4.1.112.Final\netty-codec-4.1.112.Final.jar;C:\Users\w5989\.m2\repository\io\netty\netty-codec-dns\4.1.112.Final\netty-codec-dns-4.1.112.Final.jar;C:\Users\w5989\.m2\repository\io\netty\netty-codec-haproxy\4.1.112.Final\netty-codec-haproxy-4.1.112.Final.jar;C:\Users\w5989\.m2\repository\io\netty\netty-codec-http\4.1.112.Final\netty-codec-http-4.1.112.Final.jar;C:\Users\w5989\.m2\repository\io\netty\netty-codec-http2\4.1.112.Final\netty-codec-http2-4.1.112.Final.jar;C:\Users\w5989\.m2\repository\io\netty\netty-codec-memcache\4.1.112.Final\netty-codec-memcache-4.1.112.Final.jar;C:\Users\w5989\.m2\repository\io\netty\netty-codec-mqtt\4.1.112.Final\netty-codec-mqtt-4.1.112.Final.jar;C:\Users\w5989\.m2\repository\io\netty\netty-codec-redis\4.1.112.Final\netty-codec-redis-4.1.112.Final.jar;C:\Users\w5989\.m2\repository\io\netty\netty-codec-smtp\4.1.112.Final\netty-codec-smtp-4.1.112.Final.jar;C:\Users\w5989\.m2\repository\io\netty\netty-codec-socks\4.1.112.Final\netty-codec-socks-4.1.112.Final.jar;C:\Users\w5989\.m2\repository\io\netty\netty-codec-stomp\4.1.112.Final\netty-codec-stomp-4.1.112.Final.jar;C:\Users\w5989\.m2\repository\io\netty\netty-codec-xml\4.1.112.Final\netty-codec-xml-4.1.112.Final.jar;C:\Users\w5989\.m2\repository\io\netty\netty-common\4.1.112.Final\netty-common-4.1.112.Final.jar;C:\Users\w5989\.m2\repository\io\netty\netty-handler\4.1.112.Final\netty-handler-4.1.112.Final.jar;C:\Users\w5989\.m2\repository\io\netty\netty-transport-native-unix-common\4.1.112.Final\netty-transport-native-unix-common-4.1.112.Final.jar;C:\Users\w5989\.m2\repository\io\netty\netty-handler-proxy\4.1.112.Final\netty-handler-proxy-4.1.112.Final.jar;C:\Users\w5989\.m2\repository\io\netty\netty-handler-ssl-ocsp\4.1.112.Final\netty-handler-ssl-ocsp-4.1.112.Final.jar;C:\Users\w5989\.m2\repository\io\netty\netty-resolver\4.1.112.Final\netty-resolver-4.1.112.Final.jar;C:\Users\w5989\.m2\repository\io\netty\netty-resolver-dns\4.1.112.Final\netty-resolver-dns-4.1.112.Final.jar;C:\Users\w5989\.m2\repository\io\netty\netty-transport\4.1.112.Final\netty-transport-4.1.112.Final.jar;C:\Users\w5989\.m2\repository\io\netty\netty-transport-rxtx\4.1.112.Final\netty-transport-rxtx-4.1.112.Final.jar;C:\Users\w5989\.m2\repository\io\netty\netty-transport-sctp\4.1.112.Final\netty-transport-sctp-4.1.112.Final.jar;C:\Users\w5989\.m2\repository\io\netty\netty-transport-udt\4.1.112.Final\netty-transport-udt-4.1.112.Final.jar;C:\Users\w5989\.m2\repository\io\netty\netty-transport-classes-epoll\4.1.112.Final\netty-transport-classes-epoll-4.1.112.Final.jar;C:\Users\w5989\.m2\repository\io\netty\netty-transport-classes-kqueue\4.1.112.Final\netty-transport-classes-kqueue-4.1.112.Final.jar;C:\Users\w5989\.m2\repository\io\netty\netty-resolver-dns-classes-macos\4.1.112.Final\netty-resolver-dns-classes-macos-4.1.112.Final.jar;C:\Users\w5989\.m2\repository\io\netty\netty-transport-native-epoll\4.1.112.Final\netty-transport-native-epoll-4.1.112.Final-linux-x86_64.jar;C:\Users\w5989\.m2\repository\io\netty\netty-transport-native-epoll\4.1.112.Final\netty-transport-native-epoll-4.1.112.Final-linux-aarch_64.jar;C:\Users\w5989\.m2\repository\io\netty\netty-transport-native-epoll\4.1.112.Final\netty-transport-native-epoll-4.1.112.Final-linux-riscv64.jar;C:\Users\w5989\.m2\repository\io\netty\netty-transport-native-kqueue\4.1.112.Final\netty-transport-native-kqueue-4.1.112.Final-osx-x86_64.jar;C:\Users\w5989\.m2\repository\io\netty\netty-transport-native-kqueue\4.1.112.Final\netty-transport-native-kqueue-4.1.112.Final-osx-aarch_64.jar;C:\Users\w5989\.m2\repository\io\netty\netty-resolver-dns-native-macos\4.1.112.Final\netty-resolver-dns-native-macos-4.1.112.Final-osx-x86_64.jar;C:\Users\w5989\.m2\repository\io\netty\netty-resolver-dns-native-macos\4.1.112.Final\netty-resolver-dns-native-macos-4.1.112.Final-osx-aarch_64.jar;C:\Users\w5989\.m2\repository\org\springframework\boot\spring-boot-starter-data-redis\3.3.3\spring-boot-starter-data-redis-3.3.3.jar;C:\Users\w5989\.m2\repository\org\springframework\boot\spring-boot-starter\3.3.3\spring-boot-starter-3.3.3.jar;C:\Users\w5989\.m2\repository\org\springframework\boot\spring-boot\3.3.3\spring-boot-3.3.3.jar;C:\Users\w5989\.m2\repository\org\springframework\boot\spring-boot-autoconfigure\3.3.3\spring-boot-autoconfigure-3.3.3.jar;C:\Users\w5989\.m2\repository\org\springframework\boot\spring-boot-starter-logging\3.3.3\spring-boot-starter-logging-3.3.3.jar;C:\Users\w5989\.m2\repository\ch\qos\logback\logback-classic\1.5.7\logback-classic-1.5.7.jar;C:\Users\w5989\.m2\repository\ch\qos\logback\logback-core\1.5.7\logback-core-1.5.7.jar;C:\Users\w5989\.m2\repository\org\apache\logging\log4j\log4j-to-slf4j\2.23.1\log4j-to-slf4j-2.23.1.jar;C:\Users\w5989\.m2\repository\org\apache\logging\log4j\log4j-api\2.23.1\log4j-api-2.23.1.jar;C:\Users\w5989\.m2\repository\org\slf4j\jul-to-slf4j\2.0.16\jul-to-slf4j-2.0.16.jar;C:\Users\w5989\.m2\repository\jakarta\annotation\jakarta.annotation-api\2.1.1\jakarta.annotation-api-2.1.1.jar;C:\Users\w5989\.m2\repository\org\yaml\snakeyaml\2.2\snakeyaml-2.2.jar;C:\Users\w5989\.m2\repository\io\lettuce\lettuce-core\6.3.2.RELEASE\lettuce-core-6.3.2.RELEASE.jar;C:\Users\w5989\.m2\repository\io\projectreactor\reactor-core\3.6.9\reactor-core-3.6.9.jar;C:\Users\w5989\.m2\repository\org\reactivestreams\reactive-streams\1.0.4\reactive-streams-1.0.4.jar;C:\Users\w5989\.m2\repository\org\springframework\data\spring-data-redis\3.3.3\spring-data-redis-3.3.3.jar;C:\Users\w5989\.m2\repository\org\springframework\data\spring-data-keyvalue\3.3.3\spring-data-keyvalue-3.3.3.jar;C:\Users\w5989\.m2\repository\org\springframework\data\spring-data-commons\3.3.3\spring-data-commons-3.3.3.jar;C:\Users\w5989\.m2\repository\org\springframework\spring-tx\6.1.12\spring-tx-6.1.12.jar;C:\Users\w5989\.m2\repository\org\springframework\spring-oxm\6.1.12\spring-oxm-6.1.12.jar;C:\Users\w5989\.m2\repository\org\springframework\spring-aop\6.1.12\spring-aop-6.1.12.jar;C:\Users\w5989\.m2\repository\org\springframework\spring-context-support\6.1.12\spring-context-support-6.1.12.jar;C:\Users\w5989\.m2\repository\org\slf4j\slf4j-api\2.0.16\slf4j-api-2.0.16.jar;C:\Users\w5989\.m2\repository\org\springframework\boot\spring-boot-starter-web\3.3.3\spring-boot-starter-web-3.3.3.jar;C:\Users\w5989\.m2\repository\org\springframework\boot\spring-boot-starter-json\3.3.3\spring-boot-starter-json-3.3.3.jar;C:\Users\w5989\.m2\repository\com\fasterxml\jackson\core\jackson-databind\2.17.2\jackson-databind-2.17.2.jar;C:\Users\w5989\.m2\repository\com\fasterxml\jackson\core\jackson-annotations\2.17.2\jackson-annotations-2.17.2.jar;C:\Users\w5989\.m2\repository\com\fasterxml\jackson\core\jackson-core\2.17.2\jackson-core-2.17.2.jar;C:\Users\w5989\.m2\repository\com\fasterxml\jackson\datatype\jackson-datatype-jdk8\2.17.2\jackson-datatype-jdk8-2.17.2.jar;C:\Users\w5989\.m2\repository\com\fasterxml\jackson\datatype\jackson-datatype-jsr310\2.17.2\jackson-datatype-jsr310-2.17.2.jar;C:\Users\w5989\.m2\repository\com\fasterxml\jackson\module\jackson-module-parameter-names\2.17.2\jackson-module-parameter-names-2.17.2.jar;C:\Users\w5989\.m2\repository\org\springframework\boot\spring-boot-starter-tomcat\3.3.3\spring-boot-starter-tomcat-3.3.3.jar;C:\Users\w5989\.m2\repository\org\apache\tomcat\embed\tomcat-embed-core\10.1.28\tomcat-embed-core-10.1.28.jar;C:\Users\w5989\.m2\repository\org\apache\tomcat\embed\tomcat-embed-el\10.1.28\tomcat-embed-el-10.1.28.jar;C:\Users\w5989\.m2\repository\org\apache\tomcat\embed\tomcat-embed-websocket\10.1.28\tomcat-embed-websocket-10.1.28.jar;C:\Users\w5989\.m2\repository\org\springframework\spring-web\6.1.12\spring-web-6.1.12.jar;C:\Users\w5989\.m2\repository\org\springframework\spring-beans\6.1.12\spring-beans-6.1.12.jar;C:\Users\w5989\.m2\repository\io\micrometer\micrometer-observation\1.13.3\micrometer-observation-1.13.3.jar;C:\Users\w5989\.m2\repository\io\micrometer\micrometer-commons\1.13.3\micrometer-commons-1.13.3.jar;C:\Users\w5989\.m2\repository\org\springframework\spring-webmvc\6.1.12\spring-webmvc-6.1.12.jar;C:\Users\w5989\.m2\repository\org\springframework\spring-context\6.1.12\spring-context-6.1.12.jar;C:\Users\w5989\.m2\repository\org\springframework\spring-expression\6.1.12\spring-expression-6.1.12.jar;C:\Users\w5989\.m2\repository\org\mybatis\spring\boot\mybatis-spring-boot-starter\3.0.3\mybatis-spring-boot-starter-3.0.3.jar;C:\Users\w5989\.m2\repository\org\springframework\boot\spring-boot-starter-jdbc\3.3.3\spring-boot-starter-jdbc-3.3.3.jar;C:\Users\w5989\.m2\repository\com\zaxxer\HikariCP\5.1.0\HikariCP-5.1.0.jar;C:\Users\w5989\.m2\repository\org\springframework\spring-jdbc\6.1.12\spring-jdbc-6.1.12.jar;C:\Users\w5989\.m2\repository\org\mybatis\spring\boot\mybatis-spring-boot-autoconfigure\3.0.3\mybatis-spring-boot-autoconfigure-3.0.3.jar;C:\Users\w5989\.m2\repository\org\mybatis\mybatis\3.5.14\mybatis-3.5.14.jar;C:\Users\w5989\.m2\repository\org\mybatis\mybatis-spring\3.0.3\mybatis-spring-3.0.3.jar;C:\Users\w5989\.m2\repository\com\mysql\mysql-connector-j\8.3.0\mysql-connector-j-8.3.0.jar;C:\Users\w5989\.m2\repository\org\projectlombok\lombok\1.18.34\lombok-1.18.34.jar;C:\Users\w5989\.m2\repository\jakarta\xml\bind\jakarta.xml.bind-api\4.0.2\jakarta.xml.bind-api-4.0.2.jar;C:\Users\w5989\.m2\repository\jakarta\activation\jakarta.activation-api\2.1.3\jakarta.activation-api-2.1.3.jar;C:\Users\w5989\.m2\repository\org\springframework\spring-core\6.1.12\spring-core-6.1.12.jar;C:\Users\w5989\.m2\repository\org\springframework\spring-jcl\6.1.12\spring-jcl-6.1.12.jar
Launcher Type: SUN_STANDARD

[Global flags]
     intx CICompilerCount                          = 4                                         {product} {ergonomic}
     uint ConcGCThreads                            = 2                                         {product} {ergonomic}
     uint G1ConcRefinementThreads                  = 8                                         {product} {ergonomic}
   size_t G1HeapRegionSize                         = 2097152                                   {product} {ergonomic}
    uintx GCDrainStackTargetSize                   = 64                                        {product} {ergonomic}
   size_t InitialHeapSize                          = 266338304                                 {product} {ergonomic}
   size_t MarkStackSize                            = 4194304                                   {product} {ergonomic}
   size_t MaxHeapSize                              = 4238344192                                {product} {ergonomic}
   size_t MaxNewSize                               = 2541748224                                {product} {ergonomic}
   size_t MinHeapDeltaBytes                        = 2097152                                   {product} {ergonomic}
   size_t MinHeapSize                              = 8388608                                   {product} {ergonomic}
    uintx NonNMethodCodeHeapSize                   = 5839372                                {pd product} {ergonomic}
    uintx NonProfiledCodeHeapSize                  = 122909434                              {pd product} {ergonomic}
    uintx ProfiledCodeHeapSize                     = 122909434                              {pd product} {ergonomic}
    uintx ReservedCodeCacheSize                    = 251658240                              {pd product} {ergonomic}
     bool SegmentedCodeCache                       = true                                      {product} {ergonomic}
   size_t SoftMaxHeapSize                          = 4238344192                             {manageable} {ergonomic}
     bool UseCompressedOops                        = true                           {product lp64_product} {ergonomic}
     bool UseG1GC                                  = true                                      {product} {ergonomic}
     bool UseLargePagesIndividualAllocation        = false                                  {pd product} {ergonomic}

Logging:
Log output configuration:
 #0: stdout all=warning uptime,level,tags foldmultilines=false
 #1: stderr all=off uptime,level,tags foldmultilines=false

Environment Variables:
PATH=C:\Program Files\Common Files\Oracle\Java\javapath;C:\Windows\system32;C:\Windows;C:\Windows\System32\Wbem;C:\Windows\System32\WindowsPowerShell\v1.0\;C:\Windows\System32\OpenSSH\;C:\Users\w5989\AppData\Local\Microsoft\WindowsApps;
USERNAME=admin
OS=Windows_NT
PROCESSOR_IDENTIFIER=Intel64 Family 6 Model 142 Stepping 12, GenuineIntel
TMP=C:\Users\w5989\AppData\Local\Temp
TEMP=C:\Users\w5989\AppData\Local\Temp




Periodic native trim disabled

---------------  S Y S T E M  ---------------

OS:
 Windows 10 , 64 bit Build 19041 (10.0.19041.3155)
OS uptime: 1 days 18:07 hours

CPU: total 8 (initial active 8) (4 cores per cpu, 2 threads per core) family 6 model 142 stepping 12 microcode 0xde, cx8, cmov, fxsr, ht, mmx, 3dnowpref, sse, sse2, sse3, ssse3, sse4.1, sse4.2, popcnt, lzcnt, tsc, tscinvbit, avx, avx2, aes, erms, clmul, bmi1, bmi2, adx, fma, vzeroupper, clflush, clflushopt, rdtscp, f16c
Processor Information for all 8 processors :
  Max Mhz: 1896, Current Mhz: 798, Mhz Limit: 796

Memory: 4k page, system-wide physical 16165M (7766M free)
TotalPageFile size 18597M (AvailPageFile size 8648M)
current process WorkingSet (physical memory assigned to process): 52M, peak: 52M
current process commit charge ("private bytes"): 344M, peak: 344M

vm_info: Java HotSpot(TM) 64-Bit Server VM (21.0.4+8-LTS-274) for windows-amd64 JRE (21.0.4+8-LTS-274), built on 2024-06-05T05:23:33Z by "mach5one" with MS VC++ 17.6 (VS2022)

END.
