#
# A fatal error has been detected by the Java Runtime Environment:
#
#  EXCEPTION_ACCESS_VIOLATION (0xc0000005) at pc=0x00007ffeec27dd1c, pid=2052, tid=4672
#
# JRE version: Java(TM) SE Runtime Environment (21.0.4+8) (build 21.0.4+8-LTS-274)
# Java VM: Java HotSpot(TM) 64-Bit Server VM (21.0.4+8-LTS-274, mixed mode, sharing, tiered, compressed oops, compressed class ptrs, g1 gc, windows-amd64)
# Problematic frame:
# V  [jvm.dll+0x81dd1c]
#
# No core dump will be written. Minidumps are not enabled by default on client versions of Windows
#
# If you would like to submit a bug report, please visit:
#   https://bugreport.java.com/bugreport/crash.jsp
#

---------------  S U M M A R Y ------------

Command Line: -agentlib:jdwp=transport=dt_socket,address=127.0.0.1:59868,suspend=y,server=n --enable-preview -javaagent:C:\Users\w5989\AppData\Local\JetBrains\IdeaIC2024.2\captureAgent\debugger-agent.jar=file:/C:/Users/w5989/AppData/Local/Temp/capture.props -Dkotlinx.coroutines.debug.enable.creation.stack.trace=false -Ddebugger.agent.enable.coroutines=true -Dfile.encoding=UTF-8 -Dsun.stdout.encoding=UTF-8 -Dsun.stderr.encoding=UTF-8 com.example.demo.calculate.CalculateAverage --worker

Host: Intel(R) Core(TM) i5-8365U CPU @ 1.60GHz, 8 cores, 15G,  Windows 10 , 64 bit Build 19041 (10.0.19041.3155)
Time: Mon Aug 26 21:26:29 2024  Windows 10 , 64 bit Build 19041 (10.0.19041.3155) elapsed time: 41.444241 seconds (0d 0h 0m 41s)

---------------  T H R E A D  ---------------

Current thread (0x000001b4fa262430):  JavaThread "Thread-0"         [_thread_in_vm, id=4672, stack(0x00000051f4400000,0x00000051f4500000) (1024K)]

Stack: [0x00000051f4400000,0x00000051f4500000],  sp=0x00000051f44feb20,  free space=1018k
Native frames: (J=compiled Java code, j=interpreted, Vv=VM code, C=native code)
V  [jvm.dll+0x81dd1c]
C  0x000001b4e63e6a22

The last pc belongs to native nmethod (printed below).
Java frames: (J=compiled Java code, j=interpreted, Vv=VM code)
J 262  jdk.internal.misc.Unsafe.getLong(Ljava/lang/Object;J)J java.base@21.0.4 (0 bytes) @ 0x000001b4e63e6987 [0x000001b4e63e6920+0x0000000000000067]
j  jdk.internal.misc.Unsafe.getLong(J)J+3 java.base@21.0.4
j  sun.misc.Unsafe.getLong(J)J+4 jdk.unsupported@21.0.4
j  com.example.demo.calculate.CalculateAverage.nextNewLine(J)J+4
j  com.example.demo.calculate.CalculateAverage.parseLoop(Ljava/util/concurrent/atomic/AtomicLong;JJLjava/util/List;)V+40
j  com.example.demo.calculate.CalculateAverage.lambda$main$0(Ljava/util/concurrent/atomic/AtomicLong;JJ[Ljava/util/List;I)V+17
j  com.example.demo.calculate.CalculateAverage$$Lambda+0x000001b481003800.run()V+20
j  java.lang.Thread.runWith(Ljava/lang/Object;Ljava/lang/Runnable;)V+5 java.base@21.0.4
j  java.lang.Thread.run()V+19 java.base@21.0.4
v  ~StubRoutines::call_stub 0x000001b4e5e3100d

siginfo: EXCEPTION_ACCESS_VIOLATION (0xc0000005), reading address 0x000001b4f5e11000


Registers:
RAX=0x0000000000000000, RBX=0x000001b4fa262430, RCX=0x000001b4fa2627e8, RDX=0x00000051f44feb70
RSP=0x00000051f44feb20, RBP=0x00000051f44febb0, RSI=0x000001b4f5e11000, RDI=0x0000000000000000
R8 =0x0000000000000000, R9 =0x000001b4f5e11000, R10=0x00007ffeec67f7e0, R11=0x000001b4e63e6940
R12=0x0000000000000000, R13=0x00000051f44febc8, R14=0x00000051f44fec50, R15=0x000001b4fa262430
RIP=0x00007ffeec27dd1c, EFLAGS=0x0000000000010246


Register to memory mapping:

RAX=0x0 is null
RBX=0x000001b4fa262430 is a thread
RCX=0x000001b4fa2627e8 points into unknown readable memory: 0x00007ffeec619610 | 10 96 61 ec fe 7f 00 00
RDX=0x00000051f44feb70 is pointing into the stack for thread: 0x000001b4fa262430
RSP=0x00000051f44feb20 is pointing into the stack for thread: 0x000001b4fa262430
RBP=0x00000051f44febb0 is pointing into the stack for thread: 0x000001b4fa262430
RSI=0x000001b4f5e11000 is an unknown value
RDI=0x0 is null
R8 =0x0 is null
R9 =0x000001b4f5e11000 is an unknown value
R10=0x00007ffeec67f7e0 jvm.dll
R11=0x000001b4e63e6940 is at entry_point+32 in (nmethod*)0x000001b4e63e6790
Compiled method (n/a)   41453  262     n 0       jdk.internal.misc.Unsafe::getLong (native)
 total in heap  [0x000001b4e63e6790,0x000001b4e63e6b60] = 976
 relocation     [0x000001b4e63e68e8,0x000001b4e63e6918] = 48
 main code      [0x000001b4e63e6920,0x000001b4e63e6b5e] = 574
 stub code      [0x000001b4e63e6b5e,0x000001b4e63e6b60] = 2
R12=0x0 is null
R13=0x00000051f44febc8 is pointing into the stack for thread: 0x000001b4fa262430
R14=0x00000051f44fec50 is pointing into the stack for thread: 0x000001b4fa262430
R15=0x000001b4fa262430 is a thread

Top of Stack: (sp=0x00000051f44feb20)
0x00000051f44feb20:   00000051f44fec30 000001b4fa262430
0x00000051f44feb30:   00000051f44fec58 00000051f44fec58
0x00000051f44feb40:   000001b4e5e394b7 000001b4e63e6a22
0x00000051f44feb50:   000001b48044a5f8 000001b4f6010000
0x00000051f44feb60:   00000051f44feca0 00000051f44fec58
0x00000051f44feb70:   0000000713213490 0000000000000000
0x00000051f44feb80:   000001b4f60c7a08 0000000000000000
0x00000051f44feb90:   00000051f44feca0 000001b4fa262430
0x00000051f44feba0:   00000051f44febc8 00000051f44fec30
0x00000051f44febb0:   00000051f44fec30 000001b4e5e394b7
0x00000051f44febc0:   000001b4e5e394b7 000001b4f5e11000
0x00000051f44febd0:   0000000000000000 0000000000000000
0x00000051f44febe0:   0000000713213490 00000051f44febe8
0x00000051f44febf0:   000001b480bde7a3 0000000000000004
0x00000051f44fec00:   000001b48044b390 0000000000000000
0x00000051f44fec10:   00000007132059c0 000001b48044a5a0
0x00000051f44fec20:   00000051f44febc8 00000051f44fec40
0x00000051f44fec30:   00000051f44feca0 000001b4e5e394b7
0x00000051f44fec40:   000001b4f5e11000 0000000000000000
0x00000051f44fec50:   0000000713213490 00000051f44fec58
0x00000051f44fec60:   000001b4f60c79dc 0000000000000004
0x00000051f44fec70:   000001b4f60cb608 0000000000000000
0x00000051f44fec80:   0000000712ef55b0 000001b4f60c7a08
0x00000051f44fec90:   00000051f44fec40 00000051f44fecb0
0x00000051f44feca0:   00000051f44fed10 000001b4e5e394b7
0x00000051f44fecb0:   000001b4f5e11000 0000000000000000
0x00000051f44fecc0:   0000000712ef6590 00000051f44fecc8
0x00000051f44fecd0:   000001b4f640784c 0000000000000009
0x00000051f44fece0:   000001b4f6408000 0000000000000000
0x00000051f44fecf0:   0000000712e3a6c8 000001b4f64078d0
0x00000051f44fed00:   00000051f44fecb0 00000051f44fed50
0x00000051f44fed10:   00000051f44feda8 000001b4e5e394b7 

Instructions: (pc=0x00007ffeec27dd1c)
0x00007ffeec27dc1c:   18 48 89 41 18 48 8b 4f 08 48 8b 47 20 48 89 41
0x00007ffeec27dc2c:   20 48 8d 8b 98 03 00 00 e8 07 51 af ff 48 8b 74
0x00007ffeec27dc3c:   24 38 90 c7 83 4c 04 00 00 04 00 00 00 48 8b 5c
0x00007ffeec27dc4c:   24 30 48 83 c4 20 5f c3 cc cc cc cc cc cc cc cc
0x00007ffeec27dc5c:   cc cc cc cc 48 89 5c 24 08 48 89 74 24 10 57 48
0x00007ffeec27dc6c:   83 ec 20 8b 81 b8 00 00 00 48 8d 99 48 fc ff ff
0x00007ffeec27dc7c:   05 53 21 ff ff 49 8b f1 49 8b f8 83 f8 01 77 08
0x00007ffeec27dc8c:   48 8b cb e8 bc c1 bc ff 80 3d 6a 1a 40 00 00 c7
0x00007ffeec27dc9c:   83 4c 04 00 00 06 00 00 00 75 06 e8 84 c0 e9 ff
0x00007ffeec27dcac:   90 48 8b 83 50 04 00 00 a8 01 74 0d 45 33 c0 b2
0x00007ffeec27dcbc:   01 48 8b cb e8 7b be f0 ff 8b 83 48 04 00 00 a8
0x00007ffeec27dccc:   0c 74 08 48 8b cb e8 29 d6 bc ff 33 c0 c7 83 4c
0x00007ffeec27dcdc:   04 00 00 06 00 00 00 48 85 ff 74 2d 48 8b c7 83
0x00007ffeec27dcec:   e0 03 48 83 f8 01 75 0c 48 8d 4f ff ff 15 a2 8c
0x00007ffeec27dcfc:   39 00 eb 15 48 83 f8 02 75 0c 48 8d 4f fe ff 15
0x00007ffeec27dd0c:   10 03 39 00 eb 03 48 8b 07 c6 83 78 04 00 00 01
0x00007ffeec27dd1c:   48 8b 34 30 c6 83 78 04 00 00 00 48 8b bb 98 01
0x00007ffeec27dd2c:   00 00 48 8b 47 10 48 83 38 00 74 08 48 8b cf e8
0x00007ffeec27dd3c:   20 f2 b7 ff 48 8b 57 08 48 8b 4f 10 48 89 4a 10
0x00007ffeec27dd4c:   48 8b 57 08 48 8b 4f 18 48 89 4a 18 48 8b 4f 20
0x00007ffeec27dd5c:   48 8b 57 08 48 89 4a 20 48 8d 8b 98 03 00 00 e8
0x00007ffeec27dd6c:   d0 4f af ff 90 48 8b c6 48 8b 74 24 38 c7 83 4c
0x00007ffeec27dd7c:   04 00 00 04 00 00 00 48 8b 5c 24 30 48 83 c4 20
0x00007ffeec27dd8c:   5f c3 cc cc 48 89 5c 24 08 48 89 74 24 10 57 48
0x00007ffeec27dd9c:   83 ec 20 8b 81 b8 00 00 00 48 8d 99 48 fc ff ff
0x00007ffeec27ddac:   05 53 21 ff ff 49 8b f1 49 8b f8 83 f8 01 77 08
0x00007ffeec27ddbc:   48 8b cb e8 8c c0 bc ff 80 3d 3a 19 40 00 00 c7
0x00007ffeec27ddcc:   83 4c 04 00 00 06 00 00 00 75 06 e8 54 bf e9 ff
0x00007ffeec27dddc:   90 48 8b 83 50 04 00 00 a8 01 74 0d 45 33 c0 b2
0x00007ffeec27ddec:   01 48 8b cb e8 4b bd f0 ff 8b 83 48 04 00 00 a8
0x00007ffeec27ddfc:   0c 74 08 48 8b cb e8 f9 d4 bc ff 33 c9 c7 83 4c
0x00007ffeec27de0c:   04 00 00 06 00 00 00 48 85 ff 74 33 48 8b c7 83 


Stack slot to memory mapping:

stack at sp + 0 slots: 0x00000051f44fec30 is pointing into the stack for thread: 0x000001b4fa262430
stack at sp + 1 slots: 0x000001b4fa262430 is a thread
stack at sp + 2 slots: 0x00000051f44fec58 is pointing into the stack for thread: 0x000001b4fa262430
stack at sp + 3 slots: 0x00000051f44fec58 is pointing into the stack for thread: 0x000001b4fa262430
stack at sp + 4 slots: 0x000001b4e5e394b7 is at code_begin+4151 in an Interpreter codelet
return entry points  [0x000001b4e5e38480, 0x000001b4e5e3a590]  8464 bytes
stack at sp + 5 slots: 0x000001b4e63e6a22 is at entry_point+258 in (nmethod*)0x000001b4e63e6790
Compiled method (n/a)   41459  262     n 0       jdk.internal.misc.Unsafe::getLong (native)
 total in heap  [0x000001b4e63e6790,0x000001b4e63e6b60] = 976
 relocation     [0x000001b4e63e68e8,0x000001b4e63e6918] = 48
 main code      [0x000001b4e63e6920,0x000001b4e63e6b5e] = 574
 stub code      [0x000001b4e63e6b5e,0x000001b4e63e6b60] = 2
stack at sp + 6 slots: {method} {0x000001b48044a600} 'getLong' '(Ljava/lang/Object;J)J' in 'jdk/internal/misc/Unsafe'
stack at sp + 7 slots: 0x000001b4f6010000 is pointing into metadata


Compiled method (n/a)   41461  262     n 0       jdk.internal.misc.Unsafe::getLong (native)
 total in heap  [0x000001b4e63e6790,0x000001b4e63e6b60] = 976
 relocation     [0x000001b4e63e68e8,0x000001b4e63e6918] = 48
 main code      [0x000001b4e63e6920,0x000001b4e63e6b5e] = 574
 stub code      [0x000001b4e63e6b5e,0x000001b4e63e6b60] = 2

[Constant Pool (empty)]

[MachCode]
[Entry Point]
  # {method} {0x000001b48044a600} 'getLong' '(Ljava/lang/Object;J)J' in 'jdk/internal/misc/Unsafe'
  # this:     rdx:rdx   = 'jdk/internal/misc/Unsafe'
  # parm0:    r8:r8     = 'java/lang/Object'
  # parm1:    r9:r9     = long
  #           [sp+0x70]  (sp of caller)
  0x000001b4e63e6920: 448b 5208 | 49bb 0000 | 0080 b401 | 0000 4d03 | d349 3bc2 | 0f84 0600 

  0x000001b4e63e6938: ;   {runtime_call ic_miss_stub}
  0x000001b4e63e6938: 0000 e941 | 7ea9 ff90 
[Verified Entry Point]
  0x000001b4e63e6940: 8984 2400 | 80ff ff55 | 488b ec48 | 83ec 6090 | 4181 7f20 | 0100 0000 

  0x000001b4e63e6958: ;   {runtime_call StubRoutines (final stubs)}
  0x000001b4e63e6958: 7405 e801 | e4a7 ff4c | 8944 2428 | 4983 f800 | 4c8d 4424 | 284c 0f44 | 4424 2848 | 8954 2420 
  0x000001b4e63e6978: 4883 fa00 | 488d 5424 | 2048 0f44 | 5424 20c5 

  0x000001b4e63e6988: ;   {internal_word}
  0x000001b4e63e6988: f877 49ba | 8769 3ee6 | b401 0000 | 4d89 97a0 | 0300 0049 | 89a7 9803 

  0x000001b4e63e69a0: ;   {external_word}
  0x000001b4e63e69a0: 0000 49ba | e0f7 67ec | fe7f 0000 | 4180 3a00 | 0f84 4e00 | 0000 5241 

  0x000001b4e63e69b8: ;   {metadata({method} {0x000001b48044a600} 'getLong' '(Ljava/lang/Object;J)J' in 'jdk/internal/misc/Unsafe')}
  0x000001b4e63e69b8: 5041 5148 | baf8 a544 | 80b4 0100 | 0049 8bcf | 4883 ec20 | 40f6 c40f | 0f84 1900 | 0000 4883 
  0x000001b4e63e69d8: ;   {runtime_call}
  0x000001b4e63e69d8: ec08 48b8 | d0ec 18ec | fe7f 0000 | ffd0 4883 | c408 e90c 

  0x000001b4e63e69ec: ;   {runtime_call}
  0x000001b4e63e69ec: 0000 0048 | b8d0 ec18 | ecfe 7f00 | 00ff d048 | 83c4 2041 | 5941 585a | 498d 8fb8 | 0300 0041 
  0x000001b4e63e6a0c: c787 4c04 | 0000 0400 

  0x000001b4e63e6a14: ;   {runtime_call}
  0x000001b4e63e6a14: 0000 48b8 | 60dc 27ec | fe7f 0000 | ffd0 c5f8 | 7741 c787 | 4c04 0000 | 0500 0000 | f083 4424 
  0x000001b4e63e6a34: c000 493b | af50 0400 | 000f 870e | 0000 0041 | 83bf 4804 | 0000 000f | 842b 0000 | 00c5 f877 
  0x000001b4e63e6a54: 4889 45f8 | 498b cf4c | 8be4 4883 | ec20 4883 

  0x000001b4e63e6a64: ;   {runtime_call}
  0x000001b4e63e6a64: e4f0 48b8 | c0a0 e4eb | fe7f 0000 | ffd0 498b | e44d 33e4 | 488b 45f8 | 41c7 874c | 0400 0008 
  0x000001b4e63e6a84: 0000 0041 | 83bf c804 | 0000 020f | 849c 0000 

  0x000001b4e63e6a94: ;   {external_word}
  0x000001b4e63e6a94: 0049 bae0 | f767 ecfe | 7f00 0041 | 803a 000f | 844c 0000 | 0048 8945 

  0x000001b4e63e6aac: ;   {metadata({method} {0x000001b48044a600} 'getLong' '(Ljava/lang/Object;J)J' in 'jdk/internal/misc/Unsafe')}
  0x000001b4e63e6aac: f848 baf8 | a544 80b4 | 0100 0049 | 8bcf 4883 | ec20 40f6 | c40f 0f84 | 1900 0000 | 4883 ec08 
  0x000001b4e63e6acc: ;   {runtime_call}
  0x000001b4e63e6acc: 48b8 d0ec | 18ec fe7f | 0000 ffd0 | 4883 c408 | e90c 0000 

  0x000001b4e63e6ae0: ;   {runtime_call}
  0x000001b4e63e6ae0: 0048 b8d0 | ec18 ecfe | 7f00 00ff | d048 83c4 | 2048 8b45 | f849 c787 | 9803 0000 | 0000 0000 
  0x000001b4e63e6b00: 49c7 87a0 | 0300 0000 | 0000 00c5 | f877 498b | 8f28 0400 | 00c7 8100 | 0100 0000 | 0000 00c9 
  0x000001b4e63e6b20: 4983 7f08 | 000f 8501 | 0000 00c3 

  0x000001b4e63e6b2c: ;   {runtime_call StubRoutines (initial stubs)}
  0x000001b4e63e6b2c: e9cf a3a4 | ffc5 f877 | 4889 45f8 | 4c8b e448 | 83ec 2048 

  0x000001b4e63e6b40: ;   {runtime_call}
  0x000001b4e63e6b40: 83e4 f048 | b8c0 2419 | ecfe 7f00 | 00ff d049 | 8be4 4d33 | e448 8b45 | f8e9 37ff | ffff f4f4 
[/MachCode]


---------------  P R O C E S S  ---------------

Threads class SMR info:
_java_thread_list=0x000001b4fa267640, length=14, elements={
0x000001b4d4cb5f70, 0x000001b4f5d4f710, 0x000001b4f5d526a0, 0x000001b4f5d55640,
0x000001b4f5d560a0, 0x000001b4f5d56e60, 0x000001b4f5d578c0, 0x000001b4f5d6d5a0,
0x000001b4f5d94820, 0x000001b4fa0e0f30, 0x000001b4fa1cd180, 0x000001b4fa1de620,
0x000001b4fa262430, 0x000001b4fa28f0d0
}

Java Threads: ( => current thread )
  0x000001b4d4cb5f70 JavaThread "main"                              [_thread_blocked, id=1616, stack(0x00000051f3300000,0x00000051f3400000) (1024K)]
  0x000001b4f5d4f710 JavaThread "Reference Handler"          daemon [_thread_blocked, id=13536, stack(0x00000051f3b00000,0x00000051f3c00000) (1024K)]
  0x000001b4f5d526a0 JavaThread "Finalizer"                  daemon [_thread_blocked, id=12124, stack(0x00000051f3c00000,0x00000051f3d00000) (1024K)]
  0x000001b4f5d55640 JavaThread "Signal Dispatcher"          daemon [_thread_blocked, id=628, stack(0x00000051f3d00000,0x00000051f3e00000) (1024K)]
  0x000001b4f5d560a0 JavaThread "Attach Listener"            daemon [_thread_blocked, id=11644, stack(0x00000051f3e00000,0x00000051f3f00000) (1024K)]
  0x000001b4f5d56e60 JavaThread "Service Thread"             daemon [_thread_blocked, id=12832, stack(0x00000051f3f00000,0x00000051f4000000) (1024K)]
  0x000001b4f5d578c0 JavaThread "Monitor Deflation Thread"   daemon [_thread_blocked, id=10336, stack(0x00000051f4000000,0x00000051f4100000) (1024K)]
  0x000001b4f5d6d5a0 JavaThread "C2 CompilerThread0"         daemon [_thread_in_native, id=6096, stack(0x00000051f4100000,0x00000051f4200000) (1024K)]
  0x000001b4f5d94820 JavaThread "C1 CompilerThread0"         daemon [_thread_blocked, id=11684, stack(0x00000051f4200000,0x00000051f4300000) (1024K)]
  0x000001b4fa0e0f30 JavaThread "Common-Cleaner"             daemon [_thread_blocked, id=8016, stack(0x00000051f4300000,0x00000051f4400000) (1024K)]
  0x000001b4fa1cd180 JavaThread "JDWP Event Helper Thread"   daemon [_thread_blocked, id=12564, stack(0x00000051f4500000,0x00000051f4600000) (1024K)]
  0x000001b4fa1de620 JavaThread "Notification Thread"        daemon [_thread_blocked, id=14176, stack(0x00000051f4700000,0x00000051f4800000) (1024K)]
=>0x000001b4fa262430 JavaThread "Thread-0"                          [_thread_in_vm, id=4672, stack(0x00000051f4400000,0x00000051f4500000) (1024K)]
  0x000001b4fa28f0d0 JavaThread "SIGINT handler"             daemon [_thread_in_native, id=3032, stack(0x00000051f4600000,0x00000051f4700000) (1024K)]
Total: 14

Other Threads:
  0x000001b4f5d31c40 VMThread "VM Thread"                           [id=10776, stack(0x00000051f3a00000,0x00000051f3b00000) (1024K)]
  0x000001b4f5d19370 WatcherThread "VM Periodic Task Thread"        [id=2312, stack(0x00000051f3900000,0x00000051f3a00000) (1024K)]
  0x000001b4d4d19eb0 WorkerThread "GC Thread#0"                     [id=12584, stack(0x00000051f3400000,0x00000051f3500000) (1024K)]
  0x000001b4d4d2bbf0 ConcurrentGCThread "G1 Main Marker"            [id=13108, stack(0x00000051f3500000,0x00000051f3600000) (1024K)]
  0x000001b4d4d2cda0 WorkerThread "G1 Conc#0"                       [id=12668, stack(0x00000051f3600000,0x00000051f3700000) (1024K)]
  0x000001b4d4d7e020 ConcurrentGCThread "G1 Refine#0"               [id=12600, stack(0x00000051f3700000,0x00000051f3800000) (1024K)]
  0x000001b4d4d7eaa0 ConcurrentGCThread "G1 Service"                [id=2564, stack(0x00000051f3800000,0x00000051f3900000) (1024K)]
Total: 7

Threads with active compile tasks:
Total: 0

VM state: not at safepoint (normal execution)

VM Mutex/Monitor currently owned by a thread: None

Heap address: 0x0000000703600000, size: 4042 MB, Compressed Oops mode: Zero based, Oop shift amount: 3

CDS archive(s) mapped at: [0x000001b480000000-0x000001b480c90000-0x000001b480c90000), size 13172736, SharedBaseAddress: 0x000001b480000000, ArchiveRelocationMode: 1.
Compressed class space mapped at: 0x000001b481000000-0x000001b4c1000000, reserved size: 1073741824
Narrow klass base: 0x000001b480000000, Narrow klass shift: 0, Narrow klass range: 0x100000000

GC Precious Log:
 CardTable entry size: 512
 Card Set container configuration: InlinePtr #cards 4 size 8 Array Of Cards #cards 16 size 48 Howl #buckets 8 coarsen threshold 3686 Howl Bitmap #cards 512 size 80 coarsen threshold 460 Card regions per heap region 1 cards per card region 4096
 CPUs: 8 total, 8 available
 Memory: 16165M
 Large Page Support: Disabled
 NUMA Support: Disabled
 Compressed Oops: Enabled (Zero based)
 Heap Region Size: 2M
 Heap Min Capacity: 8M
 Heap Initial Capacity: 254M
 Heap Max Capacity: 4042M
 Pre-touch: Disabled
 Parallel Workers: 8
 Concurrent Workers: 2
 Concurrent Refinement Workers: 8
 Periodic GC: Disabled

Heap:
 garbage-first heap   total 260096K, used 10240K [0x0000000703600000, 0x0000000800000000)
  region size 2048K, 7 young (14336K), 0 survivors (0K)
 Metaspace       used 1040K, committed 1280K, reserved 1114112K
  class space    used 86K, committed 192K, reserved 1048576K

Heap Regions: E=young(eden), S=young(survivor), O=old, HS=humongous(starts), HC=humongous(continues), CS=collection set, F=free, TAMS=top-at-mark-start, PB=parsable bottom
|   0|0x0000000703600000, 0x0000000703600000, 0x0000000703800000|  0%| F|  |TAMS 0x0000000703600000| PB 0x0000000703600000| Untracked 
|   1|0x0000000703800000, 0x0000000703800000, 0x0000000703a00000|  0%| F|  |TAMS 0x0000000703800000| PB 0x0000000703800000| Untracked 
|   2|0x0000000703a00000, 0x0000000703a00000, 0x0000000703c00000|  0%| F|  |TAMS 0x0000000703a00000| PB 0x0000000703a00000| Untracked 
|   3|0x0000000703c00000, 0x0000000703c00000, 0x0000000703e00000|  0%| F|  |TAMS 0x0000000703c00000| PB 0x0000000703c00000| Untracked 
|   4|0x0000000703e00000, 0x0000000703e00000, 0x0000000704000000|  0%| F|  |TAMS 0x0000000703e00000| PB 0x0000000703e00000| Untracked 
|   5|0x0000000704000000, 0x0000000704000000, 0x0000000704200000|  0%| F|  |TAMS 0x0000000704000000| PB 0x0000000704000000| Untracked 
|   6|0x0000000704200000, 0x0000000704200000, 0x0000000704400000|  0%| F|  |TAMS 0x0000000704200000| PB 0x0000000704200000| Untracked 
|   7|0x0000000704400000, 0x0000000704400000, 0x0000000704600000|  0%| F|  |TAMS 0x0000000704400000| PB 0x0000000704400000| Untracked 
|   8|0x0000000704600000, 0x0000000704600000, 0x0000000704800000|  0%| F|  |TAMS 0x0000000704600000| PB 0x0000000704600000| Untracked 
|   9|0x0000000704800000, 0x0000000704800000, 0x0000000704a00000|  0%| F|  |TAMS 0x0000000704800000| PB 0x0000000704800000| Untracked 
|  10|0x0000000704a00000, 0x0000000704a00000, 0x0000000704c00000|  0%| F|  |TAMS 0x0000000704a00000| PB 0x0000000704a00000| Untracked 
|  11|0x0000000704c00000, 0x0000000704c00000, 0x0000000704e00000|  0%| F|  |TAMS 0x0000000704c00000| PB 0x0000000704c00000| Untracked 
|  12|0x0000000704e00000, 0x0000000704e00000, 0x0000000705000000|  0%| F|  |TAMS 0x0000000704e00000| PB 0x0000000704e00000| Untracked 
|  13|0x0000000705000000, 0x0000000705000000, 0x0000000705200000|  0%| F|  |TAMS 0x0000000705000000| PB 0x0000000705000000| Untracked 
|  14|0x0000000705200000, 0x0000000705200000, 0x0000000705400000|  0%| F|  |TAMS 0x0000000705200000| PB 0x0000000705200000| Untracked 
|  15|0x0000000705400000, 0x0000000705400000, 0x0000000705600000|  0%| F|  |TAMS 0x0000000705400000| PB 0x0000000705400000| Untracked 
|  16|0x0000000705600000, 0x0000000705600000, 0x0000000705800000|  0%| F|  |TAMS 0x0000000705600000| PB 0x0000000705600000| Untracked 
|  17|0x0000000705800000, 0x0000000705800000, 0x0000000705a00000|  0%| F|  |TAMS 0x0000000705800000| PB 0x0000000705800000| Untracked 
|  18|0x0000000705a00000, 0x0000000705a00000, 0x0000000705c00000|  0%| F|  |TAMS 0x0000000705a00000| PB 0x0000000705a00000| Untracked 
|  19|0x0000000705c00000, 0x0000000705c00000, 0x0000000705e00000|  0%| F|  |TAMS 0x0000000705c00000| PB 0x0000000705c00000| Untracked 
|  20|0x0000000705e00000, 0x0000000705e00000, 0x0000000706000000|  0%| F|  |TAMS 0x0000000705e00000| PB 0x0000000705e00000| Untracked 
|  21|0x0000000706000000, 0x0000000706000000, 0x0000000706200000|  0%| F|  |TAMS 0x0000000706000000| PB 0x0000000706000000| Untracked 
|  22|0x0000000706200000, 0x0000000706200000, 0x0000000706400000|  0%| F|  |TAMS 0x0000000706200000| PB 0x0000000706200000| Untracked 
|  23|0x0000000706400000, 0x0000000706400000, 0x0000000706600000|  0%| F|  |TAMS 0x0000000706400000| PB 0x0000000706400000| Untracked 
|  24|0x0000000706600000, 0x0000000706600000, 0x0000000706800000|  0%| F|  |TAMS 0x0000000706600000| PB 0x0000000706600000| Untracked 
|  25|0x0000000706800000, 0x0000000706800000, 0x0000000706a00000|  0%| F|  |TAMS 0x0000000706800000| PB 0x0000000706800000| Untracked 
|  26|0x0000000706a00000, 0x0000000706a00000, 0x0000000706c00000|  0%| F|  |TAMS 0x0000000706a00000| PB 0x0000000706a00000| Untracked 
|  27|0x0000000706c00000, 0x0000000706c00000, 0x0000000706e00000|  0%| F|  |TAMS 0x0000000706c00000| PB 0x0000000706c00000| Untracked 
|  28|0x0000000706e00000, 0x0000000706e00000, 0x0000000707000000|  0%| F|  |TAMS 0x0000000706e00000| PB 0x0000000706e00000| Untracked 
|  29|0x0000000707000000, 0x0000000707000000, 0x0000000707200000|  0%| F|  |TAMS 0x0000000707000000| PB 0x0000000707000000| Untracked 
|  30|0x0000000707200000, 0x0000000707200000, 0x0000000707400000|  0%| F|  |TAMS 0x0000000707200000| PB 0x0000000707200000| Untracked 
|  31|0x0000000707400000, 0x0000000707400000, 0x0000000707600000|  0%| F|  |TAMS 0x0000000707400000| PB 0x0000000707400000| Untracked 
|  32|0x0000000707600000, 0x0000000707600000, 0x0000000707800000|  0%| F|  |TAMS 0x0000000707600000| PB 0x0000000707600000| Untracked 
|  33|0x0000000707800000, 0x0000000707800000, 0x0000000707a00000|  0%| F|  |TAMS 0x0000000707800000| PB 0x0000000707800000| Untracked 
|  34|0x0000000707a00000, 0x0000000707a00000, 0x0000000707c00000|  0%| F|  |TAMS 0x0000000707a00000| PB 0x0000000707a00000| Untracked 
|  35|0x0000000707c00000, 0x0000000707c00000, 0x0000000707e00000|  0%| F|  |TAMS 0x0000000707c00000| PB 0x0000000707c00000| Untracked 
|  36|0x0000000707e00000, 0x0000000707e00000, 0x0000000708000000|  0%| F|  |TAMS 0x0000000707e00000| PB 0x0000000707e00000| Untracked 
|  37|0x0000000708000000, 0x0000000708000000, 0x0000000708200000|  0%| F|  |TAMS 0x0000000708000000| PB 0x0000000708000000| Untracked 
|  38|0x0000000708200000, 0x0000000708200000, 0x0000000708400000|  0%| F|  |TAMS 0x0000000708200000| PB 0x0000000708200000| Untracked 
|  39|0x0000000708400000, 0x0000000708400000, 0x0000000708600000|  0%| F|  |TAMS 0x0000000708400000| PB 0x0000000708400000| Untracked 
|  40|0x0000000708600000, 0x0000000708600000, 0x0000000708800000|  0%| F|  |TAMS 0x0000000708600000| PB 0x0000000708600000| Untracked 
|  41|0x0000000708800000, 0x0000000708800000, 0x0000000708a00000|  0%| F|  |TAMS 0x0000000708800000| PB 0x0000000708800000| Untracked 
|  42|0x0000000708a00000, 0x0000000708a00000, 0x0000000708c00000|  0%| F|  |TAMS 0x0000000708a00000| PB 0x0000000708a00000| Untracked 
|  43|0x0000000708c00000, 0x0000000708c00000, 0x0000000708e00000|  0%| F|  |TAMS 0x0000000708c00000| PB 0x0000000708c00000| Untracked 
|  44|0x0000000708e00000, 0x0000000708e00000, 0x0000000709000000|  0%| F|  |TAMS 0x0000000708e00000| PB 0x0000000708e00000| Untracked 
|  45|0x0000000709000000, 0x0000000709000000, 0x0000000709200000|  0%| F|  |TAMS 0x0000000709000000| PB 0x0000000709000000| Untracked 
|  46|0x0000000709200000, 0x0000000709200000, 0x0000000709400000|  0%| F|  |TAMS 0x0000000709200000| PB 0x0000000709200000| Untracked 
|  47|0x0000000709400000, 0x0000000709400000, 0x0000000709600000|  0%| F|  |TAMS 0x0000000709400000| PB 0x0000000709400000| Untracked 
|  48|0x0000000709600000, 0x0000000709600000, 0x0000000709800000|  0%| F|  |TAMS 0x0000000709600000| PB 0x0000000709600000| Untracked 
|  49|0x0000000709800000, 0x0000000709800000, 0x0000000709a00000|  0%| F|  |TAMS 0x0000000709800000| PB 0x0000000709800000| Untracked 
|  50|0x0000000709a00000, 0x0000000709a00000, 0x0000000709c00000|  0%| F|  |TAMS 0x0000000709a00000| PB 0x0000000709a00000| Untracked 
|  51|0x0000000709c00000, 0x0000000709c00000, 0x0000000709e00000|  0%| F|  |TAMS 0x0000000709c00000| PB 0x0000000709c00000| Untracked 
|  52|0x0000000709e00000, 0x0000000709e00000, 0x000000070a000000|  0%| F|  |TAMS 0x0000000709e00000| PB 0x0000000709e00000| Untracked 
|  53|0x000000070a000000, 0x000000070a000000, 0x000000070a200000|  0%| F|  |TAMS 0x000000070a000000| PB 0x000000070a000000| Untracked 
|  54|0x000000070a200000, 0x000000070a200000, 0x000000070a400000|  0%| F|  |TAMS 0x000000070a200000| PB 0x000000070a200000| Untracked 
|  55|0x000000070a400000, 0x000000070a400000, 0x000000070a600000|  0%| F|  |TAMS 0x000000070a400000| PB 0x000000070a400000| Untracked 
|  56|0x000000070a600000, 0x000000070a600000, 0x000000070a800000|  0%| F|  |TAMS 0x000000070a600000| PB 0x000000070a600000| Untracked 
|  57|0x000000070a800000, 0x000000070a800000, 0x000000070aa00000|  0%| F|  |TAMS 0x000000070a800000| PB 0x000000070a800000| Untracked 
|  58|0x000000070aa00000, 0x000000070aa00000, 0x000000070ac00000|  0%| F|  |TAMS 0x000000070aa00000| PB 0x000000070aa00000| Untracked 
|  59|0x000000070ac00000, 0x000000070ac00000, 0x000000070ae00000|  0%| F|  |TAMS 0x000000070ac00000| PB 0x000000070ac00000| Untracked 
|  60|0x000000070ae00000, 0x000000070ae00000, 0x000000070b000000|  0%| F|  |TAMS 0x000000070ae00000| PB 0x000000070ae00000| Untracked 
|  61|0x000000070b000000, 0x000000070b000000, 0x000000070b200000|  0%| F|  |TAMS 0x000000070b000000| PB 0x000000070b000000| Untracked 
|  62|0x000000070b200000, 0x000000070b200000, 0x000000070b400000|  0%| F|  |TAMS 0x000000070b200000| PB 0x000000070b200000| Untracked 
|  63|0x000000070b400000, 0x000000070b400000, 0x000000070b600000|  0%| F|  |TAMS 0x000000070b400000| PB 0x000000070b400000| Untracked 
|  64|0x000000070b600000, 0x000000070b600000, 0x000000070b800000|  0%| F|  |TAMS 0x000000070b600000| PB 0x000000070b600000| Untracked 
|  65|0x000000070b800000, 0x000000070b800000, 0x000000070ba00000|  0%| F|  |TAMS 0x000000070b800000| PB 0x000000070b800000| Untracked 
|  66|0x000000070ba00000, 0x000000070ba00000, 0x000000070bc00000|  0%| F|  |TAMS 0x000000070ba00000| PB 0x000000070ba00000| Untracked 
|  67|0x000000070bc00000, 0x000000070bc00000, 0x000000070be00000|  0%| F|  |TAMS 0x000000070bc00000| PB 0x000000070bc00000| Untracked 
|  68|0x000000070be00000, 0x000000070be00000, 0x000000070c000000|  0%| F|  |TAMS 0x000000070be00000| PB 0x000000070be00000| Untracked 
|  69|0x000000070c000000, 0x000000070c000000, 0x000000070c200000|  0%| F|  |TAMS 0x000000070c000000| PB 0x000000070c000000| Untracked 
|  70|0x000000070c200000, 0x000000070c200000, 0x000000070c400000|  0%| F|  |TAMS 0x000000070c200000| PB 0x000000070c200000| Untracked 
|  71|0x000000070c400000, 0x000000070c400000, 0x000000070c600000|  0%| F|  |TAMS 0x000000070c400000| PB 0x000000070c400000| Untracked 
|  72|0x000000070c600000, 0x000000070c600000, 0x000000070c800000|  0%| F|  |TAMS 0x000000070c600000| PB 0x000000070c600000| Untracked 
|  73|0x000000070c800000, 0x000000070c800000, 0x000000070ca00000|  0%| F|  |TAMS 0x000000070c800000| PB 0x000000070c800000| Untracked 
|  74|0x000000070ca00000, 0x000000070ca00000, 0x000000070cc00000|  0%| F|  |TAMS 0x000000070ca00000| PB 0x000000070ca00000| Untracked 
|  75|0x000000070cc00000, 0x000000070cc00000, 0x000000070ce00000|  0%| F|  |TAMS 0x000000070cc00000| PB 0x000000070cc00000| Untracked 
|  76|0x000000070ce00000, 0x000000070ce00000, 0x000000070d000000|  0%| F|  |TAMS 0x000000070ce00000| PB 0x000000070ce00000| Untracked 
|  77|0x000000070d000000, 0x000000070d000000, 0x000000070d200000|  0%| F|  |TAMS 0x000000070d000000| PB 0x000000070d000000| Untracked 
|  78|0x000000070d200000, 0x000000070d200000, 0x000000070d400000|  0%| F|  |TAMS 0x000000070d200000| PB 0x000000070d200000| Untracked 
|  79|0x000000070d400000, 0x000000070d400000, 0x000000070d600000|  0%| F|  |TAMS 0x000000070d400000| PB 0x000000070d400000| Untracked 
|  80|0x000000070d600000, 0x000000070d600000, 0x000000070d800000|  0%| F|  |TAMS 0x000000070d600000| PB 0x000000070d600000| Untracked 
|  81|0x000000070d800000, 0x000000070d800000, 0x000000070da00000|  0%| F|  |TAMS 0x000000070d800000| PB 0x000000070d800000| Untracked 
|  82|0x000000070da00000, 0x000000070da00000, 0x000000070dc00000|  0%| F|  |TAMS 0x000000070da00000| PB 0x000000070da00000| Untracked 
|  83|0x000000070dc00000, 0x000000070dc00000, 0x000000070de00000|  0%| F|  |TAMS 0x000000070dc00000| PB 0x000000070dc00000| Untracked 
|  84|0x000000070de00000, 0x000000070de00000, 0x000000070e000000|  0%| F|  |TAMS 0x000000070de00000| PB 0x000000070de00000| Untracked 
|  85|0x000000070e000000, 0x000000070e000000, 0x000000070e200000|  0%| F|  |TAMS 0x000000070e000000| PB 0x000000070e000000| Untracked 
|  86|0x000000070e200000, 0x000000070e200000, 0x000000070e400000|  0%| F|  |TAMS 0x000000070e200000| PB 0x000000070e200000| Untracked 
|  87|0x000000070e400000, 0x000000070e400000, 0x000000070e600000|  0%| F|  |TAMS 0x000000070e400000| PB 0x000000070e400000| Untracked 
|  88|0x000000070e600000, 0x000000070e600000, 0x000000070e800000|  0%| F|  |TAMS 0x000000070e600000| PB 0x000000070e600000| Untracked 
|  89|0x000000070e800000, 0x000000070e800000, 0x000000070ea00000|  0%| F|  |TAMS 0x000000070e800000| PB 0x000000070e800000| Untracked 
|  90|0x000000070ea00000, 0x000000070ea00000, 0x000000070ec00000|  0%| F|  |TAMS 0x000000070ea00000| PB 0x000000070ea00000| Untracked 
|  91|0x000000070ec00000, 0x000000070ec00000, 0x000000070ee00000|  0%| F|  |TAMS 0x000000070ec00000| PB 0x000000070ec00000| Untracked 
|  92|0x000000070ee00000, 0x000000070ee00000, 0x000000070f000000|  0%| F|  |TAMS 0x000000070ee00000| PB 0x000000070ee00000| Untracked 
|  93|0x000000070f000000, 0x000000070f000000, 0x000000070f200000|  0%| F|  |TAMS 0x000000070f000000| PB 0x000000070f000000| Untracked 
|  94|0x000000070f200000, 0x000000070f200000, 0x000000070f400000|  0%| F|  |TAMS 0x000000070f200000| PB 0x000000070f200000| Untracked 
|  95|0x000000070f400000, 0x000000070f400000, 0x000000070f600000|  0%| F|  |TAMS 0x000000070f400000| PB 0x000000070f400000| Untracked 
|  96|0x000000070f600000, 0x000000070f600000, 0x000000070f800000|  0%| F|  |TAMS 0x000000070f600000| PB 0x000000070f600000| Untracked 
|  97|0x000000070f800000, 0x000000070f800000, 0x000000070fa00000|  0%| F|  |TAMS 0x000000070f800000| PB 0x000000070f800000| Untracked 
|  98|0x000000070fa00000, 0x000000070fa00000, 0x000000070fc00000|  0%| F|  |TAMS 0x000000070fa00000| PB 0x000000070fa00000| Untracked 
|  99|0x000000070fc00000, 0x000000070fc00000, 0x000000070fe00000|  0%| F|  |TAMS 0x000000070fc00000| PB 0x000000070fc00000| Untracked 
| 100|0x000000070fe00000, 0x000000070fe00000, 0x0000000710000000|  0%| F|  |TAMS 0x000000070fe00000| PB 0x000000070fe00000| Untracked 
| 101|0x0000000710000000, 0x0000000710000000, 0x0000000710200000|  0%| F|  |TAMS 0x0000000710000000| PB 0x0000000710000000| Untracked 
| 102|0x0000000710200000, 0x0000000710200000, 0x0000000710400000|  0%| F|  |TAMS 0x0000000710200000| PB 0x0000000710200000| Untracked 
| 103|0x0000000710400000, 0x0000000710400000, 0x0000000710600000|  0%| F|  |TAMS 0x0000000710400000| PB 0x0000000710400000| Untracked 
| 104|0x0000000710600000, 0x0000000710600000, 0x0000000710800000|  0%| F|  |TAMS 0x0000000710600000| PB 0x0000000710600000| Untracked 
| 105|0x0000000710800000, 0x0000000710800000, 0x0000000710a00000|  0%| F|  |TAMS 0x0000000710800000| PB 0x0000000710800000| Untracked 
| 106|0x0000000710a00000, 0x0000000710a00000, 0x0000000710c00000|  0%| F|  |TAMS 0x0000000710a00000| PB 0x0000000710a00000| Untracked 
| 107|0x0000000710c00000, 0x0000000710c00000, 0x0000000710e00000|  0%| F|  |TAMS 0x0000000710c00000| PB 0x0000000710c00000| Untracked 
| 108|0x0000000710e00000, 0x0000000710e00000, 0x0000000711000000|  0%| F|  |TAMS 0x0000000710e00000| PB 0x0000000710e00000| Untracked 
| 109|0x0000000711000000, 0x0000000711000000, 0x0000000711200000|  0%| F|  |TAMS 0x0000000711000000| PB 0x0000000711000000| Untracked 
| 110|0x0000000711200000, 0x0000000711200000, 0x0000000711400000|  0%| F|  |TAMS 0x0000000711200000| PB 0x0000000711200000| Untracked 
| 111|0x0000000711400000, 0x0000000711400000, 0x0000000711600000|  0%| F|  |TAMS 0x0000000711400000| PB 0x0000000711400000| Untracked 
| 112|0x0000000711600000, 0x0000000711600000, 0x0000000711800000|  0%| F|  |TAMS 0x0000000711600000| PB 0x0000000711600000| Untracked 
| 113|0x0000000711800000, 0x0000000711800000, 0x0000000711a00000|  0%| F|  |TAMS 0x0000000711800000| PB 0x0000000711800000| Untracked 
| 114|0x0000000711a00000, 0x0000000711a00000, 0x0000000711c00000|  0%| F|  |TAMS 0x0000000711a00000| PB 0x0000000711a00000| Untracked 
| 115|0x0000000711c00000, 0x0000000711c00000, 0x0000000711e00000|  0%| F|  |TAMS 0x0000000711c00000| PB 0x0000000711c00000| Untracked 
| 116|0x0000000711e00000, 0x0000000711e00000, 0x0000000712000000|  0%| F|  |TAMS 0x0000000711e00000| PB 0x0000000711e00000| Untracked 
| 117|0x0000000712000000, 0x0000000712000000, 0x0000000712200000|  0%| F|  |TAMS 0x0000000712000000| PB 0x0000000712000000| Untracked 
| 118|0x0000000712200000, 0x0000000712200000, 0x0000000712400000|  0%| F|  |TAMS 0x0000000712200000| PB 0x0000000712200000| Untracked 
| 119|0x0000000712400000, 0x0000000712400000, 0x0000000712600000|  0%| F|  |TAMS 0x0000000712400000| PB 0x0000000712400000| Untracked 
| 120|0x0000000712600000, 0x0000000712755420, 0x0000000712800000| 66%| E|  |TAMS 0x0000000712600000| PB 0x0000000712600000| Complete 
| 121|0x0000000712800000, 0x0000000712a00000, 0x0000000712a00000|100%| E|CS|TAMS 0x0000000712800000| PB 0x0000000712800000| Complete 
| 122|0x0000000712a00000, 0x0000000712c00000, 0x0000000712c00000|100%| E|CS|TAMS 0x0000000712a00000| PB 0x0000000712a00000| Complete 
| 123|0x0000000712c00000, 0x0000000712e00000, 0x0000000712e00000|100%| E|  |TAMS 0x0000000712c00000| PB 0x0000000712c00000| Complete 
| 124|0x0000000712e00000, 0x0000000713000000, 0x0000000713000000|100%| E|CS|TAMS 0x0000000712e00000| PB 0x0000000712e00000| Complete 
| 125|0x0000000713000000, 0x0000000713200000, 0x0000000713200000|100%| E|CS|TAMS 0x0000000713000000| PB 0x0000000713000000| Complete 
| 126|0x0000000713200000, 0x0000000713400000, 0x0000000713400000|100%| E|CS|TAMS 0x0000000713200000| PB 0x0000000713200000| Complete 

Card table byte_map: [0x000001b4eeb70000,0x000001b4ef360000] _byte_map_base: 0x000001b4eb355000

Marking Bits: (CMBitMap*) 0x000001b4d4d1b4d0
 Bits: [0x000001b4ef360000, 0x000001b4f3288000)

Polling page: 0x000001b4de8e0000

Metaspace:

Usage:
  Non-class:    954.77 KB used.
      Class:     86.68 KB used.
       Both:      1.02 MB used.

Virtual space:
  Non-class space:       64.00 MB reserved,       1.06 MB (  2%) committed,  1 nodes.
      Class space:        1.00 GB reserved,     192.00 KB ( <1%) committed,  1 nodes.
             Both:        1.06 GB reserved,       1.25 MB ( <1%) committed. 

Chunk freelists:
   Non-Class:  11.94 MB
       Class:  15.73 MB
        Both:  27.67 MB

MaxMetaspaceSize: unlimited
CompressedClassSpaceSize: 1.00 GB
Initial GC threshold: 21.00 MB
Current GC threshold: 21.00 MB
CDS: on
 - commit_granule_bytes: 65536.
 - commit_granule_words: 8192.
 - virtual_space_node_default_size: 8388608.
 - enlarge_chunks_in_place: 1.
 - use_allocation_guard: 0.


Internal statistics:

num_allocs_failed_limit: 0.
num_arena_births: 32.
num_arena_deaths: 0.
num_vsnodes_births: 2.
num_vsnodes_deaths: 0.
num_space_committed: 20.
num_space_uncommitted: 0.
num_chunks_returned_to_freelist: 0.
num_chunks_taken_from_freelist: 38.
num_chunk_merges: 0.
num_chunk_splits: 24.
num_chunks_enlarged: 14.
num_inconsistent_stats: 0.

CodeHeap 'non-profiled nmethods': size=120000Kb used=105Kb max_used=105Kb free=119894Kb
 bounds [0x000001b4e63d0000, 0x000001b4e6640000, 0x000001b4ed900000]
CodeHeap 'profiled nmethods': size=120000Kb used=428Kb max_used=428Kb free=119571Kb
 bounds [0x000001b4de900000, 0x000001b4deb70000, 0x000001b4e5e30000]
CodeHeap 'non-nmethods': size=5760Kb used=1397Kb max_used=1411Kb free=4362Kb
 bounds [0x000001b4e5e30000, 0x000001b4e60a0000, 0x000001b4e63d0000]
 total_blobs=764 nmethods=322 adapters=347
 compilation: enabled
              stopped_count=0, restarted_count=0
 full_count=0

Compilation events (20 events):
Event: 41.402 Thread 0x000001b4f5d94820 nmethod 245 0x000001b4de943410 code [0x000001b4de9435c0, 0x000001b4de9437c8]
Event: 41.402 Thread 0x000001b4f5d94820  246       3       jdk.internal.org.objectweb.asm.SymbolTable::put (150 bytes)
Event: 41.403 Thread 0x000001b4f5d94820 nmethod 246 0x000001b4de943890 code [0x000001b4de943a80, 0x000001b4de944340]
Event: 41.406 Thread 0x000001b4f5d94820  247       3       java.lang.invoke.MemberName::getReferenceKind (12 bytes)
Event: 41.407 Thread 0x000001b4f5d94820 nmethod 247 0x000001b4de944690 code [0x000001b4de944820, 0x000001b4de944938]
Event: 41.407 Thread 0x000001b4f5d94820  249   !   3       java.lang.invoke.MemberName::getMethodType (211 bytes)
Event: 41.408 Thread 0x000001b4f5d94820 nmethod 249 0x000001b4de944a10 code [0x000001b4de944ce0, 0x000001b4de946160]
Event: 41.408 Thread 0x000001b4f5d94820  250       3       java.lang.ref.Reference::<init> (25 bytes)
Event: 41.408 Thread 0x000001b4f5d94820 nmethod 250 0x000001b4de946710 code [0x000001b4de9468c0, 0x000001b4de946b48]
Event: 41.408 Thread 0x000001b4f5d94820  253       3       java.lang.invoke.LambdaForm::argument (27 bytes)
Event: 41.408 Thread 0x000001b4f5d94820 nmethod 253 0x000001b4de946c10 code [0x000001b4de946dc0, 0x000001b4de947040]
Event: 41.408 Thread 0x000001b4f5d94820  252       1       sun.invoke.util.Wrapper::basicTypeChar (5 bytes)
Event: 41.409 Thread 0x000001b4f5d94820 nmethod 252 0x000001b4e63e5e90 code [0x000001b4e63e6020, 0x000001b4e63e60f0]
Event: 41.409 Thread 0x000001b4f5d94820  256       3       sun.invoke.util.VerifyAccess::isTypeVisible (118 bytes)
Event: 41.410 Thread 0x000001b4f5d94820 nmethod 256 0x000001b4de947190 code [0x000001b4de9474a0, 0x000001b4de9484b8]
Event: 41.410 Thread 0x000001b4f5d94820  257       3       java.lang.invoke.LambdaForm$Name::initIndex (26 bytes)
Event: 41.410 Thread 0x000001b4f5d94820 nmethod 257 0x000001b4de948a10 code [0x000001b4de948ba0, 0x000001b4de948d58]
Event: 41.412 Thread 0x000001b4f5d94820  258       3       java.lang.invoke.MethodType$ConcurrentWeakInternSet::get (47 bytes)
Event: 41.413 Thread 0x000001b4f5d94820 nmethod 258 0x000001b4de948e10 code [0x000001b4de949040, 0x000001b4de949848]
Event: 41.413 Thread 0x000001b4f5d94820  259       3       jdk.internal.org.objectweb.asm.Frame::execute (2305 bytes)

GC Heap History (0 events):
No events

Dll operation events (6 events):
Event: 0.007 Loaded shared library C:\Program Files\Java\jdk-21\bin\java.dll
Event: 0.008 Loaded shared library C:\Program Files\Java\jdk-21\bin\zip.dll
Event: 0.042 Loaded shared library C:\Program Files\Java\jdk-21\bin\jsvml.dll
Event: 0.146 Loaded shared library C:\Program Files\Java\jdk-21\bin\instrument.dll
Event: 41.382 Loaded shared library C:\Program Files\Java\jdk-21\bin\net.dll
Event: 41.387 Loaded shared library C:\Program Files\Java\jdk-21\bin\nio.dll

Deoptimization events (0 events):
No events

Classes loaded (20 events):
Event: 41.404 Loading class jdk/internal/foreign/AbstractMemorySegmentImpl
Event: 41.404 Loading class java/lang/foreign/MemorySegment
Event: 41.404 Loading class java/lang/foreign/MemorySegment done
Event: 41.405 Loading class jdk/internal/foreign/AbstractMemorySegmentImpl done
Event: 41.405 Loading class jdk/internal/foreign/NativeMemorySegmentImpl done
Event: 41.405 Loading class jdk/internal/foreign/MappedMemorySegmentImpl done
Event: 41.406 Loading class sun/nio/ch/FileChannelImpl$1
Event: 41.406 Loading class jdk/internal/foreign/MemorySessionImpl$ResourceList$ResourceCleanup
Event: 41.406 Loading class jdk/internal/foreign/MemorySessionImpl$ResourceList$ResourceCleanup done
Event: 41.406 Loading class sun/nio/ch/FileChannelImpl$1 done
Event: 41.406 Loading class jdk/internal/foreign/MemorySessionImpl$ResourceList$ResourceCleanup$1
Event: 41.406 Loading class jdk/internal/foreign/MemorySessionImpl$ResourceList$ResourceCleanup$1 done
Event: 41.410 Loading class java/lang/Thread$ThreadNumbering
Event: 41.410 Loading class java/lang/Thread$ThreadNumbering done
Event: 41.411 Loading class java/lang/IllegalAccessException
Event: 41.411 Loading class java/lang/IllegalAccessException done
Event: 41.412 Loading class sun/misc/Unsafe
Event: 41.412 Loading class sun/misc/Unsafe done
Event: 41.412 Loading class java/lang/invoke/DirectMethodHandle$StaticAccessor
Event: 41.412 Loading class java/lang/invoke/DirectMethodHandle$StaticAccessor done

Classes unloaded (0 events):
No events

Classes redefined (0 events):
No events

Internal exceptions (2 events):
Event: 0.147 Thread 0x000001b4d4cb5f70 Exception <a 'java/lang/NoSuchMethodError'{0x000000071314a0a8}: 'void java.lang.invoke.DirectMethodHandle$Holder.invokeStatic(java.lang.Object, java.lang.Object, java.lang.Object)'> (0x000000071314a0a8) 
thrown [s\open\src\hotspot\share\interpreter\linkResolver.cpp, line 773]
Event: 0.154 Thread 0x000001b4d4cb5f70 Exception <a 'java/lang/NoSuchMethodError'{0x00000007131d2250}: 'java.lang.Object java.lang.invoke.Invokers$Holder.invokeExact_MT(java.lang.Object, java.lang.Object, java.lang.Object, java.lang.Object, java.lang.Object)'> (0x00000007131d2250) 
thrown [s\open\src\hotspot\share\interpreter\linkResolver.cpp, line 773]

ZGC Phase Switch (0 events):
No events

VM Operations (20 events):
Event: 0.109 Executing VM operation: HandshakeAllThreads (Deoptimize)
Event: 0.109 Executing VM operation: HandshakeAllThreads (Deoptimize) done
Event: 0.139 Executing VM operation: ChangeBreakpoints
Event: 0.139 Executing VM operation: ChangeBreakpoints done
Event: 0.139 Executing VM operation: ChangeBreakpoints
Event: 0.140 Executing VM operation: ChangeBreakpoints done
Event: 0.180 Executing VM operation: ChangeBreakpoints
Event: 0.180 Executing VM operation: ChangeBreakpoints done
Event: 0.181 Executing VM operation: ChangeBreakpoints
Event: 0.181 Executing VM operation: ChangeBreakpoints done
Event: 0.385 Executing VM operation: get/set locals
Event: 0.385 Executing VM operation: get/set locals done
Event: 41.364 Executing VM operation: ChangeBreakpoints
Event: 41.364 Executing VM operation: ChangeBreakpoints done
Event: 41.364 Executing VM operation: ChangeBreakpoints
Event: 41.364 Executing VM operation: ChangeBreakpoints done
Event: 41.364 Executing VM operation: ChangeBreakpoints
Event: 41.364 Executing VM operation: ChangeBreakpoints done
Event: 41.365 Executing VM operation: ChangeBreakpoints
Event: 41.365 Executing VM operation: ChangeBreakpoints done

Events (20 events):
Event: 0.126 Thread 0x000001b4fa1cd180 Thread added: 0x000001b4fa1cd180
Event: 0.126 Thread 0x000001b4fa1cf780 Thread added: 0x000001b4fa1cf780
Event: 0.164 Thread 0x000001b4fa1de620 Thread added: 0x000001b4fa1de620
Event: 41.364 Thread 0x000001b4fa1cf780 Thread exited: 0x000001b4fa1cf780
Event: 41.366 Thread 0x000001b4fa1add20 Thread exited: 0x000001b4fa1add20
Event: 41.410 Thread 0x000001b4fa262430 Thread added: 0x000001b4fa262430
Event: 41.410 Thread 0x000001b4fa262d90 Thread added: 0x000001b4fa262d90
Event: 41.410 Thread 0x000001b4fa263400 Thread added: 0x000001b4fa263400
Event: 41.410 Thread 0x000001b4fa263a70 Thread added: 0x000001b4fa263a70
Event: 41.411 Thread 0x000001b4fa266b10 Thread added: 0x000001b4fa266b10
Event: 41.411 Thread 0x000001b4fa267180 Thread added: 0x000001b4fa267180
Event: 41.411 Thread 0x000001b4fa2677f0 Thread added: 0x000001b4fa2677f0
Event: 41.411 Thread 0x000001b4fa267e60 Thread added: 0x000001b4fa267e60
Event: 41.411 Thread 0x000001b4fa262d90 Thread exited: 0x000001b4fa262d90
Event: 41.411 Thread 0x000001b4fa263a70 Thread exited: 0x000001b4fa263a70
Event: 41.411 Thread 0x000001b4fa263400 Thread exited: 0x000001b4fa263400
Event: 41.412 Thread 0x000001b4fa266b10 Thread exited: 0x000001b4fa266b10
Event: 41.412 Thread 0x000001b4fa267180 Thread exited: 0x000001b4fa267180
Event: 41.412 Thread 0x000001b4fa2677f0 Thread exited: 0x000001b4fa2677f0
Event: 41.412 Thread 0x000001b4fa267e60 Thread exited: 0x000001b4fa267e60


Dynamic libraries:
0x00007ff6b5600000 - 0x00007ff6b5610000 	C:\Program Files\Java\jdk-21\bin\java.exe
0x00007fff42cd0000 - 0x00007fff42ec8000 	C:\Windows\SYSTEM32\ntdll.dll
0x00007fff40d30000 - 0x00007fff40def000 	C:\Windows\System32\KERNEL32.DLL
0x00007fff40a00000 - 0x00007fff40cf6000 	C:\Windows\System32\KERNELBASE.dll
0x00007fff406a0000 - 0x00007fff407a0000 	C:\Windows\System32\ucrtbase.dll
0x00007fff375f0000 - 0x00007fff37609000 	C:\Program Files\Java\jdk-21\bin\jli.dll
0x00007fff32e70000 - 0x00007fff32e8b000 	C:\Program Files\Java\jdk-21\bin\VCRUNTIME140.dll
0x00007fff416c0000 - 0x00007fff4176f000 	C:\Windows\System32\ADVAPI32.dll
0x00007fff417d0000 - 0x00007fff4186e000 	C:\Windows\System32\msvcrt.dll
0x00007fff42a90000 - 0x00007fff42b2c000 	C:\Windows\System32\sechost.dll
0x00007fff41580000 - 0x00007fff416a6000 	C:\Windows\System32\RPCRT4.dll
0x00007fff41380000 - 0x00007fff4151d000 	C:\Windows\System32\USER32.dll
0x00007fff40670000 - 0x00007fff40692000 	C:\Windows\System32\win32u.dll
0x00007fff37340000 - 0x00007fff375da000 	C:\Windows\WinSxS\amd64_microsoft.windows.common-controls_6595b64144ccf1df_6.0.19041.1110_none_60b5254171f9507e\COMCTL32.dll
0x00007fff42a60000 - 0x00007fff42a8c000 	C:\Windows\System32\GDI32.dll
0x00007fff40460000 - 0x00007fff40575000 	C:\Windows\System32\gdi32full.dll
0x00007fff40580000 - 0x00007fff4061d000 	C:\Windows\System32\msvcp_win.dll
0x00007fff3af40000 - 0x00007fff3af4a000 	C:\Windows\SYSTEM32\VERSION.dll
0x00007fff42b30000 - 0x00007fff42b60000 	C:\Windows\System32\IMM32.DLL
0x00007fff3bd90000 - 0x00007fff3bd9c000 	C:\Program Files\Java\jdk-21\bin\vcruntime140_1.dll
0x00007fff16fa0000 - 0x00007fff1702e000 	C:\Program Files\Java\jdk-21\bin\msvcp140.dll
0x00007ffeeba60000 - 0x00007ffeec773000 	C:\Program Files\Java\jdk-21\bin\server\jvm.dll
0x00007fff421d0000 - 0x00007fff4223b000 	C:\Windows\System32\WS2_32.dll
0x00007fff40210000 - 0x00007fff4025b000 	C:\Windows\SYSTEM32\POWRPROF.dll
0x00007fff22f10000 - 0x00007fff22f37000 	C:\Windows\SYSTEM32\WINMM.dll
0x00007fff401f0000 - 0x00007fff40202000 	C:\Windows\SYSTEM32\UMPDC.dll
0x00007fff3e250000 - 0x00007fff3e262000 	C:\Windows\SYSTEM32\kernel.appcore.dll
0x00007fff375e0000 - 0x00007fff375ea000 	C:\Program Files\Java\jdk-21\bin\jimage.dll
0x00007fff392b0000 - 0x00007fff39494000 	C:\Windows\SYSTEM32\DBGHELP.DLL
0x00007fff389e0000 - 0x00007fff38a14000 	C:\Windows\SYSTEM32\dbgcore.DLL
0x00007fff40970000 - 0x00007fff409f2000 	C:\Windows\System32\bcryptPrimitives.dll
0x00007fff093f0000 - 0x00007fff0942c000 	C:\Program Files\Java\jdk-21\bin\jdwp.dll
0x00007fff37240000 - 0x00007fff3724f000 	C:\Program Files\Java\jdk-21\bin\instrument.dll
0x00007fff32770000 - 0x00007fff3278f000 	C:\Program Files\Java\jdk-21\bin\java.dll
0x00007fff31fa0000 - 0x00007fff31fb8000 	C:\Program Files\Java\jdk-21\bin\zip.dll
0x00007fff41870000 - 0x00007fff41fb4000 	C:\Windows\System32\SHELL32.dll
0x00007fff3e450000 - 0x00007fff3ebe4000 	C:\Windows\SYSTEM32\windows.storage.dll
0x00007fff42240000 - 0x00007fff42594000 	C:\Windows\System32\combase.dll
0x00007fff3fd10000 - 0x00007fff3fd3e000 	C:\Windows\SYSTEM32\Wldp.dll
0x00007fff426b0000 - 0x00007fff4275d000 	C:\Windows\System32\SHCORE.dll
0x00007fff42170000 - 0x00007fff421c5000 	C:\Windows\System32\shlwapi.dll
0x00007fff402e0000 - 0x00007fff40305000 	C:\Windows\SYSTEM32\profapi.dll
0x00007fff16c50000 - 0x00007fff16d27000 	C:\Program Files\Java\jdk-21\bin\jsvml.dll
0x00007fff17300000 - 0x00007fff1730c000 	C:\Program Files\Java\jdk-21\bin\dt_socket.dll
0x00007fff3f760000 - 0x00007fff3f79c000 	C:\Windows\SYSTEM32\IPHLPAPI.DLL
0x00007fff3fa70000 - 0x00007fff3fada000 	C:\Windows\system32\mswsock.dll
0x00007fff36160000 - 0x00007fff36170000 	C:\Program Files\Java\jdk-21\bin\net.dll
0x00007fff39850000 - 0x00007fff3995a000 	C:\Windows\SYSTEM32\WINHTTP.dll
0x00007fff32450000 - 0x00007fff32466000 	C:\Program Files\Java\jdk-21\bin\nio.dll

dbghelp: loaded successfully - version: 4.0.5 - missing functions: none
symbol engine: initialized successfully - sym options: 0x614 - pdb path: .;C:\Program Files\Java\jdk-21\bin;C:\Windows\SYSTEM32;C:\Windows\WinSxS\amd64_microsoft.windows.common-controls_6595b64144ccf1df_6.0.19041.1110_none_60b5254171f9507e;C:\Program Files\Java\jdk-21\bin\server

VM Arguments:
jvm_args: -agentlib:jdwp=transport=dt_socket,address=127.0.0.1:59868,suspend=y,server=n --enable-preview -javaagent:C:\Users\w5989\AppData\Local\JetBrains\IdeaIC2024.2\captureAgent\debugger-agent.jar=file:/C:/Users/w5989/AppData/Local/Temp/capture.props -Dkotlinx.coroutines.debug.enable.creation.stack.trace=false -Ddebugger.agent.enable.coroutines=true -Dfile.encoding=UTF-8 -Dsun.stdout.encoding=UTF-8 -Dsun.stderr.encoding=UTF-8 
java_command: com.example.demo.calculate.CalculateAverage --worker
java_class_path (initial): C:\Users\w5989\Documents\projects\demo\target\classes;C:\Users\w5989\.m2\repository\io\netty\netty-all\4.1.112.Final\netty-all-4.1.112.Final.jar;C:\Users\w5989\.m2\repository\io\netty\netty-buffer\4.1.112.Final\netty-buffer-4.1.112.Final.jar;C:\Users\w5989\.m2\repository\io\netty\netty-codec\4.1.112.Final\netty-codec-4.1.112.Final.jar;C:\Users\w5989\.m2\repository\io\netty\netty-codec-dns\4.1.112.Final\netty-codec-dns-4.1.112.Final.jar;C:\Users\w5989\.m2\repository\io\netty\netty-codec-haproxy\4.1.112.Final\netty-codec-haproxy-4.1.112.Final.jar;C:\Users\w5989\.m2\repository\io\netty\netty-codec-http\4.1.112.Final\netty-codec-http-4.1.112.Final.jar;C:\Users\w5989\.m2\repository\io\netty\netty-codec-http2\4.1.112.Final\netty-codec-http2-4.1.112.Final.jar;C:\Users\w5989\.m2\repository\io\netty\netty-codec-memcache\4.1.112.Final\netty-codec-memcache-4.1.112.Final.jar;C:\Users\w5989\.m2\repository\io\netty\netty-codec-mqtt\4.1.112.Final\netty-codec-mqtt-4.1.112.Final.jar;C:\Users\w5989\.m2\repository\io\netty\netty-codec-redis\4.1.112.Final\netty-codec-redis-4.1.112.Final.jar;C:\Users\w5989\.m2\repository\io\netty\netty-codec-smtp\4.1.112.Final\netty-codec-smtp-4.1.112.Final.jar;C:\Users\w5989\.m2\repository\io\netty\netty-codec-socks\4.1.112.Final\netty-codec-socks-4.1.112.Final.jar;C:\Users\w5989\.m2\repository\io\netty\netty-codec-stomp\4.1.112.Final\netty-codec-stomp-4.1.112.Final.jar;C:\Users\w5989\.m2\repository\io\netty\netty-codec-xml\4.1.112.Final\netty-codec-xml-4.1.112.Final.jar;C:\Users\w5989\.m2\repository\io\netty\netty-common\4.1.112.Final\netty-common-4.1.112.Final.jar;C:\Users\w5989\.m2\repository\io\netty\netty-handler\4.1.112.Final\netty-handler-4.1.112.Final.jar;C:\Users\w5989\.m2\repository\io\netty\netty-transport-native-unix-common\4.1.112.Final\netty-transport-native-unix-common-4.1.112.Final.jar;C:\Users\w5989\.m2\repository\io\netty\netty-handler-proxy\4.1.112.Final\netty-handler-proxy-4.1.112.Final.jar;C:\Users\w5989\.m2\repository\io\netty\netty-handler-ssl-ocsp\4.1.112.Final\netty-handler-ssl-ocsp-4.1.112.Final.jar;C:\Users\w5989\.m2\repository\io\netty\netty-resolver\4.1.112.Final\netty-resolver-4.1.112.Final.jar;C:\Users\w5989\.m2\repository\io\netty\netty-resolver-dns\4.1.112.Final\netty-resolver-dns-4.1.112.Final.jar;C:\Users\w5989\.m2\repository\io\netty\netty-transport\4.1.112.Final\netty-transport-4.1.112.Final.jar;C:\Users\w5989\.m2\repository\io\netty\netty-transport-rxtx\4.1.112.Final\netty-transport-rxtx-4.1.112.Final.jar;C:\Users\w5989\.m2\repository\io\netty\netty-transport-sctp\4.1.112.Final\netty-transport-sctp-4.1.112.Final.jar;C:\Users\w5989\.m2\repository\io\netty\netty-transport-udt\4.1.112.Final\netty-transport-udt-4.1.112.Final.jar;C:\Users\w5989\.m2\repository\io\netty\netty-transport-classes-epoll\4.1.112.Final\netty-transport-classes-epoll-4.1.112.Final.jar;C:\Users\w5989\.m2\repository\io\netty\netty-transport-classes-kqueue\4.1.112.Final\netty-transport-classes-kqueue-4.1.112.Final.jar;C:\Users\w5989\.m2\repository\io\netty\netty-resolver-dns-classes-macos\4.1.112.Final\netty-resolver-dns-classes-macos-4.1.112.Final.jar;C:\Users\w5989\.m2\repository\io\netty\netty-transport-native-epoll\4.1.112.Final\netty-transport-native-epoll-4.1.112.Final-linux-x86_64.jar;C:\Users\w5989\.m2\repository\io\netty\netty-transport-native-epoll\4.1.112.Final\netty-transport-native-epoll-4.1.112.Final-linux-aarch_64.jar;C:\Users\w5989\.m2\repository\io\netty\netty-transport-native-epoll\4.1.112.Final\netty-transport-native-epoll-4.1.112.Final-linux-riscv64.jar;C:\Users\w5989\.m2\repository\io\netty\netty-transport-native-kqueue\4.1.112.Final\netty-transport-native-kqueue-4.1.112.Final-osx-x86_64.jar;C:\Users\w5989\.m2\repository\io\netty\netty-transport-native-kqueue\4.1.112.Final\netty-transport-native-kqueue-4.1.112.Final-osx-aarch_64.jar;C:\Users\w5989\.m2\repository\io\netty\netty-resolver-dns-native-macos\4.1.112.Final\netty-resolver-dns-native-macos-4.1.112.Final-osx-x86_64.jar;C:\Users\w5989\.m2\repository\io\netty\netty-resolver-dns-native-macos\4.1.112.Final\netty-resolver-dns-native-macos-4.1.112.Final-osx-aarch_64.jar;C:\Users\w5989\.m2\repository\org\springframework\boot\spring-boot-starter-data-redis\3.3.3\spring-boot-starter-data-redis-3.3.3.jar;C:\Users\w5989\.m2\repository\org\springframework\boot\spring-boot-starter\3.3.3\spring-boot-starter-3.3.3.jar;C:\Users\w5989\.m2\repository\org\springframework\boot\spring-boot\3.3.3\spring-boot-3.3.3.jar;C:\Users\w5989\.m2\repository\org\springframework\boot\spring-boot-autoconfigure\3.3.3\spring-boot-autoconfigure-3.3.3.jar;C:\Users\w5989\.m2\repository\org\springframework\boot\spring-boot-starter-logging\3.3.3\spring-boot-starter-logging-3.3.3.jar;C:\Users\w5989\.m2\repository\ch\qos\logback\logback-classic\1.5.7\logback-classic-1.5.7.jar;C:\Users\w5989\.m2\repository\ch\qos\logback\logback-core\1.5.7\logback-core-1.5.7.jar;C:\Users\w5989\.m2\repository\org\apache\logging\log4j\log4j-to-slf4j\2.23.1\log4j-to-slf4j-2.23.1.jar;C:\Users\w5989\.m2\repository\org\apache\logging\log4j\log4j-api\2.23.1\log4j-api-2.23.1.jar;C:\Users\w5989\.m2\repository\org\slf4j\jul-to-slf4j\2.0.16\jul-to-slf4j-2.0.16.jar;C:\Users\w5989\.m2\repository\jakarta\annotation\jakarta.annotation-api\2.1.1\jakarta.annotation-api-2.1.1.jar;C:\Users\w5989\.m2\repository\org\yaml\snakeyaml\2.2\snakeyaml-2.2.jar;C:\Users\w5989\.m2\repository\io\lettuce\lettuce-core\6.3.2.RELEASE\lettuce-core-6.3.2.RELEASE.jar;C:\Users\w5989\.m2\repository\io\projectreactor\reactor-core\3.6.9\reactor-core-3.6.9.jar;C:\Users\w5989\.m2\repository\org\reactivestreams\reactive-streams\1.0.4\reactive-streams-1.0.4.jar;C:\Users\w5989\.m2\repository\org\springframework\data\spring-data-redis\3.3.3\spring-data-redis-3.3.3.jar;C:\Users\w5989\.m2\repository\org\springframework\data\spring-data-keyvalue\3.3.3\spring-data-keyvalue-3.3.3.jar;C:\Users\w5989\.m2\repository\org\springframework\data\spring-data-commons\3.3.3\spring-data-commons-3.3.3.jar;C:\Users\w5989\.m2\repository\org\springframework\spring-tx\6.1.12\spring-tx-6.1.12.jar;C:\Users\w5989\.m2\repository\org\springframework\spring-oxm\6.1.12\spring-oxm-6.1.12.jar;C:\Users\w5989\.m2\repository\org\springframework\spring-aop\6.1.12\spring-aop-6.1.12.jar;C:\Users\w5989\.m2\repository\org\springframework\spring-context-support\6.1.12\spring-context-support-6.1.12.jar;C:\Users\w5989\.m2\repository\org\slf4j\slf4j-api\2.0.16\slf4j-api-2.0.16.jar;C:\Users\w5989\.m2\repository\org\springframework\boot\spring-boot-starter-web\3.3.3\spring-boot-starter-web-3.3.3.jar;C:\Users\w5989\.m2\repository\org\springframework\boot\spring-boot-starter-json\3.3.3\spring-boot-starter-json-3.3.3.jar;C:\Users\w5989\.m2\repository\com\fasterxml\jackson\core\jackson-databind\2.17.2\jackson-databind-2.17.2.jar;C:\Users\w5989\.m2\repository\com\fasterxml\jackson\core\jackson-annotations\2.17.2\jackson-annotations-2.17.2.jar;C:\Users\w5989\.m2\repository\com\fasterxml\jackson\core\jackson-core\2.17.2\jackson-core-2.17.2.jar;C:\Users\w5989\.m2\repository\com\fasterxml\jackson\datatype\jackson-datatype-jdk8\2.17.2\jackson-datatype-jdk8-2.17.2.jar;C:\Users\w5989\.m2\repository\com\fasterxml\jackson\datatype\jackson-datatype-jsr310\2.17.2\jackson-datatype-jsr310-2.17.2.jar;C:\Users\w5989\.m2\repository\com\fasterxml\jackson\module\jackson-module-parameter-names\2.17.2\jackson-module-parameter-names-2.17.2.jar;C:\Users\w5989\.m2\repository\org\springframework\boot\spring-boot-starter-tomcat\3.3.3\spring-boot-starter-tomcat-3.3.3.jar;C:\Users\w5989\.m2\repository\org\apache\tomcat\embed\tomcat-embed-core\10.1.28\tomcat-embed-core-10.1.28.jar;C:\Users\w5989\.m2\repository\org\apache\tomcat\embed\tomcat-embed-el\10.1.28\tomcat-embed-el-10.1.28.jar;C:\Users\w5989\.m2\repository\org\apache\tomcat\embed\tomcat-embed-websocket\10.1.28\tomcat-embed-websocket-10.1.28.jar;C:\Users\w5989\.m2\repository\org\springframework\spring-web\6.1.12\spring-web-6.1.12.jar;C:\Users\w5989\.m2\repository\org\springframework\spring-beans\6.1.12\spring-beans-6.1.12.jar;C:\Users\w5989\.m2\repository\io\micrometer\micrometer-observation\1.13.3\micrometer-observation-1.13.3.jar;C:\Users\w5989\.m2\repository\io\micrometer\micrometer-commons\1.13.3\micrometer-commons-1.13.3.jar;C:\Users\w5989\.m2\repository\org\springframework\spring-webmvc\6.1.12\spring-webmvc-6.1.12.jar;C:\Users\w5989\.m2\repository\org\springframework\spring-context\6.1.12\spring-context-6.1.12.jar;C:\Users\w5989\.m2\repository\org\springframework\spring-expression\6.1.12\spring-expression-6.1.12.jar;C:\Users\w5989\.m2\repository\org\mybatis\spring\boot\mybatis-spring-boot-starter\3.0.3\mybatis-spring-boot-starter-3.0.3.jar;C:\Users\w5989\.m2\repository\org\springframework\boot\spring-boot-starter-jdbc\3.3.3\spring-boot-starter-jdbc-3.3.3.jar;C:\Users\w5989\.m2\repository\com\zaxxer\HikariCP\5.1.0\HikariCP-5.1.0.jar;C:\Users\w5989\.m2\repository\org\springframework\spring-jdbc\6.1.12\spring-jdbc-6.1.12.jar;C:\Users\w5989\.m2\repository\org\mybatis\spring\boot\mybatis-spring-boot-autoconfigure\3.0.3\mybatis-spring-boot-autoconfigure-3.0.3.jar;C:\Users\w5989\.m2\repository\org\mybatis\mybatis\3.5.14\mybatis-3.5.14.jar;C:\Users\w5989\.m2\repository\org\mybatis\mybatis-spring\3.0.3\mybatis-spring-3.0.3.jar;C:\Users\w5989\.m2\repository\com\mysql\mysql-connector-j\8.3.0\mysql-connector-j-8.3.0.jar;C:\Users\w5989\.m2\repository\org\projectlombok\lombok\1.18.34\lombok-1.18.34.jar;C:\Users\w5989\.m2\repository\jakarta\xml\bind\jakarta.xml.bind-api\4.0.2\jakarta.xml.bind-api-4.0.2.jar;C:\Users\w5989\.m2\repository\jakarta\activation\jakarta.activation-api\2.1.3\jakarta.activation-api-2.1.3.jar;C:\Users\w5989\.m2\repository\org\springframework\spring-core\6.1.12\spring-core-6.1.12.jar;C:\Users\w5989\.m2\repository\org\springframework\spring-jcl\6.1.12\spring-jcl-6.1.12.jar;C:\Program Files\JetBrains\IntelliJ IDEA Community Edition 2024.2.0.2\lib\idea_rt.jar
Launcher Type: SUN_STANDARD

[Global flags]
     intx CICompilerCount                          = 4                                         {product} {ergonomic}
     uint ConcGCThreads                            = 2                                         {product} {ergonomic}
     uint G1ConcRefinementThreads                  = 8                                         {product} {ergonomic}
   size_t G1HeapRegionSize                         = 2097152                                   {product} {ergonomic}
    uintx GCDrainStackTargetSize                   = 64                                        {product} {ergonomic}
   size_t InitialHeapSize                          = 266338304                                 {product} {ergonomic}
   size_t MarkStackSize                            = 4194304                                   {product} {ergonomic}
   size_t MaxHeapSize                              = 4238344192                                {product} {ergonomic}
   size_t MaxNewSize                               = 2541748224                                {product} {ergonomic}
   size_t MinHeapDeltaBytes                        = 2097152                                   {product} {ergonomic}
   size_t MinHeapSize                              = 8388608                                   {product} {ergonomic}
    uintx NonNMethodCodeHeapSize                   = 5839372                                {pd product} {ergonomic}
    uintx NonProfiledCodeHeapSize                  = 122909434                              {pd product} {ergonomic}
    uintx ProfiledCodeHeapSize                     = 122909434                              {pd product} {ergonomic}
    uintx ReservedCodeCacheSize                    = 251658240                              {pd product} {ergonomic}
     bool SegmentedCodeCache                       = true                                      {product} {ergonomic}
   size_t SoftMaxHeapSize                          = 4238344192                             {manageable} {ergonomic}
     bool UseCompressedOops                        = true                           {product lp64_product} {ergonomic}
     bool UseG1GC                                  = true                                      {product} {ergonomic}
     bool UseLargePagesIndividualAllocation        = false                                  {pd product} {ergonomic}

Logging:
Log output configuration:
 #0: stdout all=warning uptime,level,tags foldmultilines=false
 #1: stderr all=off uptime,level,tags foldmultilines=false

Environment Variables:
PATH=C:\Program Files\Common Files\Oracle\Java\javapath;C:\Windows\system32;C:\Windows;C:\Windows\System32\Wbem;C:\Windows\System32\WindowsPowerShell\v1.0\;C:\Windows\System32\OpenSSH\;C:\Users\w5989\AppData\Local\Microsoft\WindowsApps;
USERNAME=admin
OS=Windows_NT
PROCESSOR_IDENTIFIER=Intel64 Family 6 Model 142 Stepping 12, GenuineIntel
TMP=C:\Users\w5989\AppData\Local\Temp
TEMP=C:\Users\w5989\AppData\Local\Temp




Periodic native trim disabled

---------------  S Y S T E M  ---------------

OS:
 Windows 10 , 64 bit Build 19041 (10.0.19041.3155)
OS uptime: 1 days 21:06 hours

CPU: total 8 (initial active 8) (4 cores per cpu, 2 threads per core) family 6 model 142 stepping 12 microcode 0xde, cx8, cmov, fxsr, ht, mmx, 3dnowpref, sse, sse2, sse3, ssse3, sse4.1, sse4.2, popcnt, lzcnt, tsc, tscinvbit, avx, avx2, aes, erms, clmul, bmi1, bmi2, adx, fma, vzeroupper, clflush, clflushopt, rdtscp, f16c
Processor Information for all 8 processors :
  Max Mhz: 1896, Current Mhz: 798, Mhz Limit: 796

Memory: 4k page, system-wide physical 16165M (6796M free)
TotalPageFile size 18597M (AvailPageFile size 7997M)
current process WorkingSet (physical memory assigned to process): 49M, peak: 49M
current process commit charge ("private bytes"): 341M, peak: 341M

vm_info: Java HotSpot(TM) 64-Bit Server VM (21.0.4+8-LTS-274) for windows-amd64 JRE (21.0.4+8-LTS-274), built on 2024-06-05T05:23:33Z by "mach5one" with MS VC++ 17.6 (VS2022)

END.
