#
# A fatal error has been detected by the Java Runtime Environment:
#
#  EXCEPTION_ACCESS_VIOLATION (0xc0000005) at pc=0x00007ffeec27dd1c, pid=13552, tid=132
#
# JRE version: Java(TM) SE Runtime Environment (21.0.4+8) (build 21.0.4+8-LTS-274)
# Java VM: Java HotSpot(TM) 64-Bit Server VM (21.0.4+8-LTS-274, mixed mode, sharing, tiered, compressed oops, compressed class ptrs, g1 gc, windows-amd64)
# Problematic frame:
# V  [jvm.dll+0x81dd1c]
#
# No core dump will be written. Minidumps are not enabled by default on client versions of Windows
#
# If you would like to submit a bug report, please visit:
#   https://bugreport.java.com/bugreport/crash.jsp
#

---------------  S U M M A R Y ------------

Command Line: -agentlib:jdwp=transport=dt_socket,address=127.0.0.1:62609,suspend=y,server=n --enable-preview -javaagent:C:\Users\w5989\AppData\Local\JetBrains\IdeaIC2024.2\captureAgent\debugger-agent.jar=file:/C:/Users/w5989/AppData/Local/Temp/capture.props -Dkotlinx.coroutines.debug.enable.creation.stack.trace=false -Ddebugger.agent.enable.coroutines=true -Dfile.encoding=UTF-8 -Dsun.stdout.encoding=UTF-8 -Dsun.stderr.encoding=UTF-8 com.example.demo.calculate.CalculateAverage --worker

Host: Intel(R) Core(TM) i5-8365U CPU @ 1.60GHz, 8 cores, 15G,  Windows 10 , 64 bit Build 19041 (10.0.19041.3155)
Time: Mon Aug 26 18:53:29 2024  Windows 10 , 64 bit Build 19041 (10.0.19041.3155) elapsed time: 0.804407 seconds (0d 0h 0m 0s)

---------------  T H R E A D  ---------------

Current thread (0x00000211ffd27ef0):  JavaThread "Thread-2"         [_thread_in_vm, id=132, stack(0x00000039a2f00000,0x00000039a3000000) (1024K)]

Stack: [0x00000039a2f00000,0x00000039a3000000],  sp=0x00000039a2ffed50,  free space=1019k
Native frames: (J=compiled Java code, j=interpreted, Vv=VM code, C=native code)
V  [jvm.dll+0x81dd1c]
C  0x0000021187ae6a22

The last pc belongs to native nmethod (printed below).
Java frames: (J=compiled Java code, j=interpreted, Vv=VM code)
J 246  jdk.internal.misc.Unsafe.getLong(Ljava/lang/Object;J)J java.base@21.0.4 (0 bytes) @ 0x0000021187ae6987 [0x0000021187ae6920+0x0000000000000067]
j  jdk.internal.misc.Unsafe.getLong(J)J+3 java.base@21.0.4
j  sun.misc.Unsafe.getLong(J)J+4 jdk.unsupported@21.0.4
j  com.example.demo.calculate.CalculateAverage.nextNewLine(J)J+4
j  com.example.demo.calculate.CalculateAverage.parseLoop(Ljava/util/concurrent/atomic/AtomicLong;JJLjava/util/List;)V+40
j  com.example.demo.calculate.CalculateAverage.lambda$main$0(Ljava/util/concurrent/atomic/AtomicLong;JJ[Ljava/util/List;I)V+17
j  com.example.demo.calculate.CalculateAverage$$Lambda+0x0000021192003800.run()V+20
j  java.lang.Thread.runWith(Ljava/lang/Object;Ljava/lang/Runnable;)V+5 java.base@21.0.4
j  java.lang.Thread.run()V+19 java.base@21.0.4
v  ~StubRoutines::call_stub 0x000002118753100d

siginfo: EXCEPTION_ACCESS_VIOLATION (0xc0000005), reading address 0x00000211f1811000


Registers:
RAX=0x0000000000000000, RBX=0x00000211ffd27ef0, RCX=0x00000211ffd282a8, RDX=0x00000039a2ffeda0
RSP=0x00000039a2ffed50, RBP=0x00000039a2ffede0, RSI=0x00000211f1811000, RDI=0x0000000000000000
R8 =0x0000000000000000, R9 =0x00000211f1811000, R10=0x00007ffeec67f7e0, R11=0x0000021187ae6940
R12=0x0000000000000000, R13=0x00000039a2ffedf8, R14=0x00000039a2ffee80, R15=0x00000211ffd27ef0
RIP=0x00007ffeec27dd1c, EFLAGS=0x0000000000010246


Register to memory mapping:

RAX=0x0 is null
RBX=0x00000211ffd27ef0 is a thread
RCX=0x00000211ffd282a8 points into unknown readable memory: 0x00007ffeec619610 | 10 96 61 ec fe 7f 00 00
RDX=0x00000039a2ffeda0 is pointing into the stack for thread: 0x00000211ffd27ef0
RSP=0x00000039a2ffed50 is pointing into the stack for thread: 0x00000211ffd27ef0
RBP=0x00000039a2ffede0 is pointing into the stack for thread: 0x00000211ffd27ef0
RSI=0x00000211f1811000 is an unknown value
RDI=0x0 is null
R8 =0x0 is null
R9 =0x00000211f1811000 is an unknown value
R10=0x00007ffeec67f7e0 jvm.dll
R11=0x0000021187ae6940 is at entry_point+32 in (nmethod*)0x0000021187ae6790
Compiled method (n/a)     813  246     n 0       jdk.internal.misc.Unsafe::getLong (native)
 total in heap  [0x0000021187ae6790,0x0000021187ae6b60] = 976
 relocation     [0x0000021187ae68e8,0x0000021187ae6918] = 48
 main code      [0x0000021187ae6920,0x0000021187ae6b5e] = 574
 stub code      [0x0000021187ae6b5e,0x0000021187ae6b60] = 2
R12=0x0 is null
R13=0x00000039a2ffedf8 is pointing into the stack for thread: 0x00000211ffd27ef0
R14=0x00000039a2ffee80 is pointing into the stack for thread: 0x00000211ffd27ef0
R15=0x00000211ffd27ef0 is a thread

Top of Stack: (sp=0x00000039a2ffed50)
0x00000039a2ffed50:   00000039a2ffee60 00000211ffd27ef0
0x00000039a2ffed60:   00000039a2ffee88 00000039a2ffee88
0x00000039a2ffed70:   00000211875394b7 0000021187ae6a22
0x00000039a2ffed80:   000002119144a5f8 00000211f1a10000
0x00000039a2ffed90:   00000039a2ffeed0 00000039a2ffee88
0x00000039a2ffeda0:   0000000713213490 0000000000000000
0x00000039a2ffedb0:   00000211d20c6530 0000000000000000
0x00000039a2ffedc0:   00000039a2ffeed0 00000211ffd27ef0
0x00000039a2ffedd0:   00000039a2ffedf8 00000039a2ffee60
0x00000039a2ffede0:   00000039a2ffee60 00000211875394b7
0x00000039a2ffedf0:   00000211875394b7 00000211f1811000
0x00000039a2ffee00:   0000000000000000 0000000000000000
0x00000039a2ffee10:   0000000713213490 00000039a2ffee18
0x00000039a2ffee20:   0000021191bde7a3 0000000000000004
0x00000039a2ffee30:   000002119144b390 0000000000000000
0x00000039a2ffee40:   00000007132059c0 000002119144a5a0
0x00000039a2ffee50:   00000039a2ffedf8 00000039a2ffee70
0x00000039a2ffee60:   00000039a2ffeed0 00000211875394b7
0x00000039a2ffee70:   00000211f1811000 0000000000000000
0x00000039a2ffee80:   0000000713213490 00000039a2ffee88
0x00000039a2ffee90:   00000211d20c6504 0000000000000004
0x00000039a2ffeea0:   00000211d20ca130 0000000000000000
0x00000039a2ffeeb0:   0000000712fe6010 00000211d20c6530
0x00000039a2ffeec0:   00000039a2ffee70 00000039a2ffeee0
0x00000039a2ffeed0:   00000039a2ffef40 00000211875394b7
0x00000039a2ffeee0:   00000211f1811000 0000000000000000
0x00000039a2ffeef0:   0000000712fe6ff0 00000039a2ffeef8
0x00000039a2ffef00:   00000211d240784c 0000000000000009
0x00000039a2ffef10:   00000211d2408000 0000000000000000
0x00000039a2ffef20:   0000000712e3a6c8 00000211d24078d0
0x00000039a2ffef30:   00000039a2ffeee0 00000039a2ffef80
0x00000039a2ffef40:   00000039a2ffefd8 00000211875394b7 

Instructions: (pc=0x00007ffeec27dd1c)
0x00007ffeec27dc1c:   18 48 89 41 18 48 8b 4f 08 48 8b 47 20 48 89 41
0x00007ffeec27dc2c:   20 48 8d 8b 98 03 00 00 e8 07 51 af ff 48 8b 74
0x00007ffeec27dc3c:   24 38 90 c7 83 4c 04 00 00 04 00 00 00 48 8b 5c
0x00007ffeec27dc4c:   24 30 48 83 c4 20 5f c3 cc cc cc cc cc cc cc cc
0x00007ffeec27dc5c:   cc cc cc cc 48 89 5c 24 08 48 89 74 24 10 57 48
0x00007ffeec27dc6c:   83 ec 20 8b 81 b8 00 00 00 48 8d 99 48 fc ff ff
0x00007ffeec27dc7c:   05 53 21 ff ff 49 8b f1 49 8b f8 83 f8 01 77 08
0x00007ffeec27dc8c:   48 8b cb e8 bc c1 bc ff 80 3d 6a 1a 40 00 00 c7
0x00007ffeec27dc9c:   83 4c 04 00 00 06 00 00 00 75 06 e8 84 c0 e9 ff
0x00007ffeec27dcac:   90 48 8b 83 50 04 00 00 a8 01 74 0d 45 33 c0 b2
0x00007ffeec27dcbc:   01 48 8b cb e8 7b be f0 ff 8b 83 48 04 00 00 a8
0x00007ffeec27dccc:   0c 74 08 48 8b cb e8 29 d6 bc ff 33 c0 c7 83 4c
0x00007ffeec27dcdc:   04 00 00 06 00 00 00 48 85 ff 74 2d 48 8b c7 83
0x00007ffeec27dcec:   e0 03 48 83 f8 01 75 0c 48 8d 4f ff ff 15 a2 8c
0x00007ffeec27dcfc:   39 00 eb 15 48 83 f8 02 75 0c 48 8d 4f fe ff 15
0x00007ffeec27dd0c:   10 03 39 00 eb 03 48 8b 07 c6 83 78 04 00 00 01
0x00007ffeec27dd1c:   48 8b 34 30 c6 83 78 04 00 00 00 48 8b bb 98 01
0x00007ffeec27dd2c:   00 00 48 8b 47 10 48 83 38 00 74 08 48 8b cf e8
0x00007ffeec27dd3c:   20 f2 b7 ff 48 8b 57 08 48 8b 4f 10 48 89 4a 10
0x00007ffeec27dd4c:   48 8b 57 08 48 8b 4f 18 48 89 4a 18 48 8b 4f 20
0x00007ffeec27dd5c:   48 8b 57 08 48 89 4a 20 48 8d 8b 98 03 00 00 e8
0x00007ffeec27dd6c:   d0 4f af ff 90 48 8b c6 48 8b 74 24 38 c7 83 4c
0x00007ffeec27dd7c:   04 00 00 04 00 00 00 48 8b 5c 24 30 48 83 c4 20
0x00007ffeec27dd8c:   5f c3 cc cc 48 89 5c 24 08 48 89 74 24 10 57 48
0x00007ffeec27dd9c:   83 ec 20 8b 81 b8 00 00 00 48 8d 99 48 fc ff ff
0x00007ffeec27ddac:   05 53 21 ff ff 49 8b f1 49 8b f8 83 f8 01 77 08
0x00007ffeec27ddbc:   48 8b cb e8 8c c0 bc ff 80 3d 3a 19 40 00 00 c7
0x00007ffeec27ddcc:   83 4c 04 00 00 06 00 00 00 75 06 e8 54 bf e9 ff
0x00007ffeec27dddc:   90 48 8b 83 50 04 00 00 a8 01 74 0d 45 33 c0 b2
0x00007ffeec27ddec:   01 48 8b cb e8 4b bd f0 ff 8b 83 48 04 00 00 a8
0x00007ffeec27ddfc:   0c 74 08 48 8b cb e8 f9 d4 bc ff 33 c9 c7 83 4c
0x00007ffeec27de0c:   04 00 00 06 00 00 00 48 85 ff 74 33 48 8b c7 83 


Stack slot to memory mapping:

stack at sp + 0 slots: 0x00000039a2ffee60 is pointing into the stack for thread: 0x00000211ffd27ef0
stack at sp + 1 slots: 0x00000211ffd27ef0 is a thread
stack at sp + 2 slots: 0x00000039a2ffee88 is pointing into the stack for thread: 0x00000211ffd27ef0
stack at sp + 3 slots: 0x00000039a2ffee88 is pointing into the stack for thread: 0x00000211ffd27ef0
stack at sp + 4 slots: 0x00000211875394b7 is at code_begin+4151 in an Interpreter codelet
return entry points  [0x0000021187538480, 0x000002118753a590]  8464 bytes
stack at sp + 5 slots: 0x0000021187ae6a22 is at entry_point+258 in (nmethod*)0x0000021187ae6790
Compiled method (n/a)     819  246     n 0       jdk.internal.misc.Unsafe::getLong (native)
 total in heap  [0x0000021187ae6790,0x0000021187ae6b60] = 976
 relocation     [0x0000021187ae68e8,0x0000021187ae6918] = 48
 main code      [0x0000021187ae6920,0x0000021187ae6b5e] = 574
 stub code      [0x0000021187ae6b5e,0x0000021187ae6b60] = 2
stack at sp + 6 slots: {method} {0x000002119144a600} 'getLong' '(Ljava/lang/Object;J)J' in 'jdk/internal/misc/Unsafe'
stack at sp + 7 slots: 0x00000211f1a10000 points into unknown readable memory: 0x6156007961727241 | 41 72 72 61 79 00 56 61


Compiled method (n/a)     821  246     n 0       jdk.internal.misc.Unsafe::getLong (native)
 total in heap  [0x0000021187ae6790,0x0000021187ae6b60] = 976
 relocation     [0x0000021187ae68e8,0x0000021187ae6918] = 48
 main code      [0x0000021187ae6920,0x0000021187ae6b5e] = 574
 stub code      [0x0000021187ae6b5e,0x0000021187ae6b60] = 2

[Constant Pool (empty)]

[MachCode]
[Entry Point]
  # {method} {0x000002119144a600} 'getLong' '(Ljava/lang/Object;J)J' in 'jdk/internal/misc/Unsafe'
  # this:     rdx:rdx   = 'jdk/internal/misc/Unsafe'
  # parm0:    r8:r8     = 'java/lang/Object'
  # parm1:    r9:r9     = long
  #           [sp+0x70]  (sp of caller)
  0x0000021187ae6920: 448b 5208 | 49bb 0000 | 0091 1102 | 0000 4d03 | d349 3bc2 | 0f84 0600 

  0x0000021187ae6938: ;   {runtime_call ic_miss_stub}
  0x0000021187ae6938: 0000 e941 | 7ea9 ff90 
[Verified Entry Point]
  0x0000021187ae6940: 8984 2400 | 80ff ff55 | 488b ec48 | 83ec 6090 | 4181 7f20 | 0100 0000 

  0x0000021187ae6958: ;   {runtime_call StubRoutines (final stubs)}
  0x0000021187ae6958: 7405 e801 | e4a7 ff4c | 8944 2428 | 4983 f800 | 4c8d 4424 | 284c 0f44 | 4424 2848 | 8954 2420 
  0x0000021187ae6978: 4883 fa00 | 488d 5424 | 2048 0f44 | 5424 20c5 

  0x0000021187ae6988: ;   {internal_word}
  0x0000021187ae6988: f877 49ba | 8769 ae87 | 1102 0000 | 4d89 97a0 | 0300 0049 | 89a7 9803 

  0x0000021187ae69a0: ;   {external_word}
  0x0000021187ae69a0: 0000 49ba | e0f7 67ec | fe7f 0000 | 4180 3a00 | 0f84 4e00 | 0000 5241 

  0x0000021187ae69b8: ;   {metadata({method} {0x000002119144a600} 'getLong' '(Ljava/lang/Object;J)J' in 'jdk/internal/misc/Unsafe')}
  0x0000021187ae69b8: 5041 5148 | baf8 a544 | 9111 0200 | 0049 8bcf | 4883 ec20 | 40f6 c40f | 0f84 1900 | 0000 4883 
  0x0000021187ae69d8: ;   {runtime_call}
  0x0000021187ae69d8: ec08 48b8 | d0ec 18ec | fe7f 0000 | ffd0 4883 | c408 e90c 

  0x0000021187ae69ec: ;   {runtime_call}
  0x0000021187ae69ec: 0000 0048 | b8d0 ec18 | ecfe 7f00 | 00ff d048 | 83c4 2041 | 5941 585a | 498d 8fb8 | 0300 0041 
  0x0000021187ae6a0c: c787 4c04 | 0000 0400 

  0x0000021187ae6a14: ;   {runtime_call}
  0x0000021187ae6a14: 0000 48b8 | 60dc 27ec | fe7f 0000 | ffd0 c5f8 | 7741 c787 | 4c04 0000 | 0500 0000 | f083 4424 
  0x0000021187ae6a34: c000 493b | af50 0400 | 000f 870e | 0000 0041 | 83bf 4804 | 0000 000f | 842b 0000 | 00c5 f877 
  0x0000021187ae6a54: 4889 45f8 | 498b cf4c | 8be4 4883 | ec20 4883 

  0x0000021187ae6a64: ;   {runtime_call}
  0x0000021187ae6a64: e4f0 48b8 | c0a0 e4eb | fe7f 0000 | ffd0 498b | e44d 33e4 | 488b 45f8 | 41c7 874c | 0400 0008 
  0x0000021187ae6a84: 0000 0041 | 83bf c804 | 0000 020f | 849c 0000 

  0x0000021187ae6a94: ;   {external_word}
  0x0000021187ae6a94: 0049 bae0 | f767 ecfe | 7f00 0041 | 803a 000f | 844c 0000 | 0048 8945 

  0x0000021187ae6aac: ;   {metadata({method} {0x000002119144a600} 'getLong' '(Ljava/lang/Object;J)J' in 'jdk/internal/misc/Unsafe')}
  0x0000021187ae6aac: f848 baf8 | a544 9111 | 0200 0049 | 8bcf 4883 | ec20 40f6 | c40f 0f84 | 1900 0000 | 4883 ec08 
  0x0000021187ae6acc: ;   {runtime_call}
  0x0000021187ae6acc: 48b8 d0ec | 18ec fe7f | 0000 ffd0 | 4883 c408 | e90c 0000 

  0x0000021187ae6ae0: ;   {runtime_call}
  0x0000021187ae6ae0: 0048 b8d0 | ec18 ecfe | 7f00 00ff | d048 83c4 | 2048 8b45 | f849 c787 | 9803 0000 | 0000 0000 
  0x0000021187ae6b00: 49c7 87a0 | 0300 0000 | 0000 00c5 | f877 498b | 8f28 0400 | 00c7 8100 | 0100 0000 | 0000 00c9 
  0x0000021187ae6b20: 4983 7f08 | 000f 8501 | 0000 00c3 

  0x0000021187ae6b2c: ;   {runtime_call StubRoutines (initial stubs)}
  0x0000021187ae6b2c: e9cf a3a4 | ffc5 f877 | 4889 45f8 | 4c8b e448 | 83ec 2048 

  0x0000021187ae6b40: ;   {runtime_call}
  0x0000021187ae6b40: 83e4 f048 | b8c0 2419 | ecfe 7f00 | 00ff d049 | 8be4 4d33 | e448 8b45 | f8e9 37ff | ffff f4f4 
[/MachCode]


---------------  P R O C E S S  ---------------

Threads class SMR info:
_java_thread_list=0x00000211ffbfe3e0, length=15, elements={
0x00000211f1861210, 0x00000211ff953880, 0x00000211ff955650, 0x00000211ff958440,
0x00000211ff958ea0, 0x00000211ff959900, 0x00000211ff95c980, 0x00000211ff95db20,
0x00000211ff95e5c0, 0x00000211ffac42e0, 0x00000211ffb982b0, 0x00000211ffb99150,
0x00000211ffbcfee0, 0x00000211ffc61640, 0x00000211ffd27ef0
}

Java Threads: ( => current thread )
  0x00000211f1861210 JavaThread "main"                              [_thread_blocked, id=13776, stack(0x00000039a1800000,0x00000039a1900000) (1024K)]
  0x00000211ff953880 JavaThread "Reference Handler"          daemon [_thread_blocked, id=7592, stack(0x00000039a2000000,0x00000039a2100000) (1024K)]
  0x00000211ff955650 JavaThread "Finalizer"                  daemon [_thread_blocked, id=12812, stack(0x00000039a2100000,0x00000039a2200000) (1024K)]
  0x00000211ff958440 JavaThread "Signal Dispatcher"          daemon [_thread_blocked, id=11512, stack(0x00000039a2200000,0x00000039a2300000) (1024K)]
  0x00000211ff958ea0 JavaThread "Attach Listener"            daemon [_thread_blocked, id=10060, stack(0x00000039a2300000,0x00000039a2400000) (1024K)]
  0x00000211ff959900 JavaThread "Service Thread"             daemon [_thread_blocked, id=9480, stack(0x00000039a2400000,0x00000039a2500000) (1024K)]
  0x00000211ff95c980 JavaThread "Monitor Deflation Thread"   daemon [_thread_blocked, id=7020, stack(0x00000039a2500000,0x00000039a2600000) (1024K)]
  0x00000211ff95db20 JavaThread "C2 CompilerThread0"         daemon [_thread_blocked, id=6244, stack(0x00000039a2600000,0x00000039a2700000) (1024K)]
  0x00000211ff95e5c0 JavaThread "C1 CompilerThread0"         daemon [_thread_blocked, id=14272, stack(0x00000039a2700000,0x00000039a2800000) (1024K)]
  0x00000211ffac42e0 JavaThread "Common-Cleaner"             daemon [_thread_blocked, id=10008, stack(0x00000039a2800000,0x00000039a2900000) (1024K)]
  0x00000211ffb982b0 JavaThread "JDWP Transport Listener: dt_socket" daemon [_thread_blocked, id=288, stack(0x00000039a2900000,0x00000039a2a00000) (1024K)]
  0x00000211ffb99150 JavaThread "JDWP Event Helper Thread"   daemon [_thread_blocked, id=10360, stack(0x00000039a2a00000,0x00000039a2b00000) (1024K)]
  0x00000211ffbcfee0 JavaThread "JDWP Command Reader"        daemon [_thread_in_native, id=6620, stack(0x00000039a2b00000,0x00000039a2c00000) (1024K)]
  0x00000211ffc61640 JavaThread "Notification Thread"        daemon [_thread_blocked, id=13024, stack(0x00000039a2c00000,0x00000039a2d00000) (1024K)]
=>0x00000211ffd27ef0 JavaThread "Thread-2"                          [_thread_in_vm, id=132, stack(0x00000039a2f00000,0x00000039a3000000) (1024K)]
Total: 15

Other Threads:
  0x00000211ff936480 VMThread "VM Thread"                           [id=9808, stack(0x00000039a1f00000,0x00000039a2000000) (1024K)]
  0x00000211ff91be50 WatcherThread "VM Periodic Task Thread"        [id=14128, stack(0x00000039a1e00000,0x00000039a1f00000) (1024K)]
  0x00000211f18c83d0 WorkerThread "GC Thread#0"                     [id=8676, stack(0x00000039a1900000,0x00000039a1a00000) (1024K)]
  0x00000211f18db520 ConcurrentGCThread "G1 Main Marker"            [id=12652, stack(0x00000039a1a00000,0x00000039a1b00000) (1024K)]
  0x00000211f18dc6d0 WorkerThread "G1 Conc#0"                       [id=6236, stack(0x00000039a1b00000,0x00000039a1c00000) (1024K)]
  0x00000211f192e290 ConcurrentGCThread "G1 Refine#0"               [id=11288, stack(0x00000039a1c00000,0x00000039a1d00000) (1024K)]
  0x00000211ff7ec140 ConcurrentGCThread "G1 Service"                [id=5468, stack(0x00000039a1d00000,0x00000039a1e00000) (1024K)]
Total: 7

Threads with active compile tasks:
Total: 0

VM state: not at safepoint (normal execution)

VM Mutex/Monitor currently owned by a thread: None

Heap address: 0x0000000703600000, size: 4042 MB, Compressed Oops mode: Zero based, Oop shift amount: 3

CDS archive(s) mapped at: [0x0000021191000000-0x0000021191c90000-0x0000021191c90000), size 13172736, SharedBaseAddress: 0x0000021191000000, ArchiveRelocationMode: 1.
Compressed class space mapped at: 0x0000021192000000-0x00000211d2000000, reserved size: 1073741824
Narrow klass base: 0x0000021191000000, Narrow klass shift: 0, Narrow klass range: 0x100000000

GC Precious Log:
 CardTable entry size: 512
 Card Set container configuration: InlinePtr #cards 4 size 8 Array Of Cards #cards 16 size 48 Howl #buckets 8 coarsen threshold 3686 Howl Bitmap #cards 512 size 80 coarsen threshold 460 Card regions per heap region 1 cards per card region 4096
 CPUs: 8 total, 8 available
 Memory: 16165M
 Large Page Support: Disabled
 NUMA Support: Disabled
 Compressed Oops: Enabled (Zero based)
 Heap Region Size: 2M
 Heap Min Capacity: 8M
 Heap Initial Capacity: 254M
 Heap Max Capacity: 4042M
 Pre-touch: Disabled
 Parallel Workers: 8
 Concurrent Workers: 2
 Concurrent Refinement Workers: 8
 Periodic GC: Disabled

Heap:
 garbage-first heap   total 260096K, used 8192K [0x0000000703600000, 0x0000000800000000)
  region size 2048K, 6 young (12288K), 0 survivors (0K)
 Metaspace       used 965K, committed 1216K, reserved 1114112K
  class space    used 82K, committed 192K, reserved 1048576K

Heap Regions: E=young(eden), S=young(survivor), O=old, HS=humongous(starts), HC=humongous(continues), CS=collection set, F=free, TAMS=top-at-mark-start, PB=parsable bottom
|   0|0x0000000703600000, 0x0000000703600000, 0x0000000703800000|  0%| F|  |TAMS 0x0000000703600000| PB 0x0000000703600000| Untracked 
|   1|0x0000000703800000, 0x0000000703800000, 0x0000000703a00000|  0%| F|  |TAMS 0x0000000703800000| PB 0x0000000703800000| Untracked 
|   2|0x0000000703a00000, 0x0000000703a00000, 0x0000000703c00000|  0%| F|  |TAMS 0x0000000703a00000| PB 0x0000000703a00000| Untracked 
|   3|0x0000000703c00000, 0x0000000703c00000, 0x0000000703e00000|  0%| F|  |TAMS 0x0000000703c00000| PB 0x0000000703c00000| Untracked 
|   4|0x0000000703e00000, 0x0000000703e00000, 0x0000000704000000|  0%| F|  |TAMS 0x0000000703e00000| PB 0x0000000703e00000| Untracked 
|   5|0x0000000704000000, 0x0000000704000000, 0x0000000704200000|  0%| F|  |TAMS 0x0000000704000000| PB 0x0000000704000000| Untracked 
|   6|0x0000000704200000, 0x0000000704200000, 0x0000000704400000|  0%| F|  |TAMS 0x0000000704200000| PB 0x0000000704200000| Untracked 
|   7|0x0000000704400000, 0x0000000704400000, 0x0000000704600000|  0%| F|  |TAMS 0x0000000704400000| PB 0x0000000704400000| Untracked 
|   8|0x0000000704600000, 0x0000000704600000, 0x0000000704800000|  0%| F|  |TAMS 0x0000000704600000| PB 0x0000000704600000| Untracked 
|   9|0x0000000704800000, 0x0000000704800000, 0x0000000704a00000|  0%| F|  |TAMS 0x0000000704800000| PB 0x0000000704800000| Untracked 
|  10|0x0000000704a00000, 0x0000000704a00000, 0x0000000704c00000|  0%| F|  |TAMS 0x0000000704a00000| PB 0x0000000704a00000| Untracked 
|  11|0x0000000704c00000, 0x0000000704c00000, 0x0000000704e00000|  0%| F|  |TAMS 0x0000000704c00000| PB 0x0000000704c00000| Untracked 
|  12|0x0000000704e00000, 0x0000000704e00000, 0x0000000705000000|  0%| F|  |TAMS 0x0000000704e00000| PB 0x0000000704e00000| Untracked 
|  13|0x0000000705000000, 0x0000000705000000, 0x0000000705200000|  0%| F|  |TAMS 0x0000000705000000| PB 0x0000000705000000| Untracked 
|  14|0x0000000705200000, 0x0000000705200000, 0x0000000705400000|  0%| F|  |TAMS 0x0000000705200000| PB 0x0000000705200000| Untracked 
|  15|0x0000000705400000, 0x0000000705400000, 0x0000000705600000|  0%| F|  |TAMS 0x0000000705400000| PB 0x0000000705400000| Untracked 
|  16|0x0000000705600000, 0x0000000705600000, 0x0000000705800000|  0%| F|  |TAMS 0x0000000705600000| PB 0x0000000705600000| Untracked 
|  17|0x0000000705800000, 0x0000000705800000, 0x0000000705a00000|  0%| F|  |TAMS 0x0000000705800000| PB 0x0000000705800000| Untracked 
|  18|0x0000000705a00000, 0x0000000705a00000, 0x0000000705c00000|  0%| F|  |TAMS 0x0000000705a00000| PB 0x0000000705a00000| Untracked 
|  19|0x0000000705c00000, 0x0000000705c00000, 0x0000000705e00000|  0%| F|  |TAMS 0x0000000705c00000| PB 0x0000000705c00000| Untracked 
|  20|0x0000000705e00000, 0x0000000705e00000, 0x0000000706000000|  0%| F|  |TAMS 0x0000000705e00000| PB 0x0000000705e00000| Untracked 
|  21|0x0000000706000000, 0x0000000706000000, 0x0000000706200000|  0%| F|  |TAMS 0x0000000706000000| PB 0x0000000706000000| Untracked 
|  22|0x0000000706200000, 0x0000000706200000, 0x0000000706400000|  0%| F|  |TAMS 0x0000000706200000| PB 0x0000000706200000| Untracked 
|  23|0x0000000706400000, 0x0000000706400000, 0x0000000706600000|  0%| F|  |TAMS 0x0000000706400000| PB 0x0000000706400000| Untracked 
|  24|0x0000000706600000, 0x0000000706600000, 0x0000000706800000|  0%| F|  |TAMS 0x0000000706600000| PB 0x0000000706600000| Untracked 
|  25|0x0000000706800000, 0x0000000706800000, 0x0000000706a00000|  0%| F|  |TAMS 0x0000000706800000| PB 0x0000000706800000| Untracked 
|  26|0x0000000706a00000, 0x0000000706a00000, 0x0000000706c00000|  0%| F|  |TAMS 0x0000000706a00000| PB 0x0000000706a00000| Untracked 
|  27|0x0000000706c00000, 0x0000000706c00000, 0x0000000706e00000|  0%| F|  |TAMS 0x0000000706c00000| PB 0x0000000706c00000| Untracked 
|  28|0x0000000706e00000, 0x0000000706e00000, 0x0000000707000000|  0%| F|  |TAMS 0x0000000706e00000| PB 0x0000000706e00000| Untracked 
|  29|0x0000000707000000, 0x0000000707000000, 0x0000000707200000|  0%| F|  |TAMS 0x0000000707000000| PB 0x0000000707000000| Untracked 
|  30|0x0000000707200000, 0x0000000707200000, 0x0000000707400000|  0%| F|  |TAMS 0x0000000707200000| PB 0x0000000707200000| Untracked 
|  31|0x0000000707400000, 0x0000000707400000, 0x0000000707600000|  0%| F|  |TAMS 0x0000000707400000| PB 0x0000000707400000| Untracked 
|  32|0x0000000707600000, 0x0000000707600000, 0x0000000707800000|  0%| F|  |TAMS 0x0000000707600000| PB 0x0000000707600000| Untracked 
|  33|0x0000000707800000, 0x0000000707800000, 0x0000000707a00000|  0%| F|  |TAMS 0x0000000707800000| PB 0x0000000707800000| Untracked 
|  34|0x0000000707a00000, 0x0000000707a00000, 0x0000000707c00000|  0%| F|  |TAMS 0x0000000707a00000| PB 0x0000000707a00000| Untracked 
|  35|0x0000000707c00000, 0x0000000707c00000, 0x0000000707e00000|  0%| F|  |TAMS 0x0000000707c00000| PB 0x0000000707c00000| Untracked 
|  36|0x0000000707e00000, 0x0000000707e00000, 0x0000000708000000|  0%| F|  |TAMS 0x0000000707e00000| PB 0x0000000707e00000| Untracked 
|  37|0x0000000708000000, 0x0000000708000000, 0x0000000708200000|  0%| F|  |TAMS 0x0000000708000000| PB 0x0000000708000000| Untracked 
|  38|0x0000000708200000, 0x0000000708200000, 0x0000000708400000|  0%| F|  |TAMS 0x0000000708200000| PB 0x0000000708200000| Untracked 
|  39|0x0000000708400000, 0x0000000708400000, 0x0000000708600000|  0%| F|  |TAMS 0x0000000708400000| PB 0x0000000708400000| Untracked 
|  40|0x0000000708600000, 0x0000000708600000, 0x0000000708800000|  0%| F|  |TAMS 0x0000000708600000| PB 0x0000000708600000| Untracked 
|  41|0x0000000708800000, 0x0000000708800000, 0x0000000708a00000|  0%| F|  |TAMS 0x0000000708800000| PB 0x0000000708800000| Untracked 
|  42|0x0000000708a00000, 0x0000000708a00000, 0x0000000708c00000|  0%| F|  |TAMS 0x0000000708a00000| PB 0x0000000708a00000| Untracked 
|  43|0x0000000708c00000, 0x0000000708c00000, 0x0000000708e00000|  0%| F|  |TAMS 0x0000000708c00000| PB 0x0000000708c00000| Untracked 
|  44|0x0000000708e00000, 0x0000000708e00000, 0x0000000709000000|  0%| F|  |TAMS 0x0000000708e00000| PB 0x0000000708e00000| Untracked 
|  45|0x0000000709000000, 0x0000000709000000, 0x0000000709200000|  0%| F|  |TAMS 0x0000000709000000| PB 0x0000000709000000| Untracked 
|  46|0x0000000709200000, 0x0000000709200000, 0x0000000709400000|  0%| F|  |TAMS 0x0000000709200000| PB 0x0000000709200000| Untracked 
|  47|0x0000000709400000, 0x0000000709400000, 0x0000000709600000|  0%| F|  |TAMS 0x0000000709400000| PB 0x0000000709400000| Untracked 
|  48|0x0000000709600000, 0x0000000709600000, 0x0000000709800000|  0%| F|  |TAMS 0x0000000709600000| PB 0x0000000709600000| Untracked 
|  49|0x0000000709800000, 0x0000000709800000, 0x0000000709a00000|  0%| F|  |TAMS 0x0000000709800000| PB 0x0000000709800000| Untracked 
|  50|0x0000000709a00000, 0x0000000709a00000, 0x0000000709c00000|  0%| F|  |TAMS 0x0000000709a00000| PB 0x0000000709a00000| Untracked 
|  51|0x0000000709c00000, 0x0000000709c00000, 0x0000000709e00000|  0%| F|  |TAMS 0x0000000709c00000| PB 0x0000000709c00000| Untracked 
|  52|0x0000000709e00000, 0x0000000709e00000, 0x000000070a000000|  0%| F|  |TAMS 0x0000000709e00000| PB 0x0000000709e00000| Untracked 
|  53|0x000000070a000000, 0x000000070a000000, 0x000000070a200000|  0%| F|  |TAMS 0x000000070a000000| PB 0x000000070a000000| Untracked 
|  54|0x000000070a200000, 0x000000070a200000, 0x000000070a400000|  0%| F|  |TAMS 0x000000070a200000| PB 0x000000070a200000| Untracked 
|  55|0x000000070a400000, 0x000000070a400000, 0x000000070a600000|  0%| F|  |TAMS 0x000000070a400000| PB 0x000000070a400000| Untracked 
|  56|0x000000070a600000, 0x000000070a600000, 0x000000070a800000|  0%| F|  |TAMS 0x000000070a600000| PB 0x000000070a600000| Untracked 
|  57|0x000000070a800000, 0x000000070a800000, 0x000000070aa00000|  0%| F|  |TAMS 0x000000070a800000| PB 0x000000070a800000| Untracked 
|  58|0x000000070aa00000, 0x000000070aa00000, 0x000000070ac00000|  0%| F|  |TAMS 0x000000070aa00000| PB 0x000000070aa00000| Untracked 
|  59|0x000000070ac00000, 0x000000070ac00000, 0x000000070ae00000|  0%| F|  |TAMS 0x000000070ac00000| PB 0x000000070ac00000| Untracked 
|  60|0x000000070ae00000, 0x000000070ae00000, 0x000000070b000000|  0%| F|  |TAMS 0x000000070ae00000| PB 0x000000070ae00000| Untracked 
|  61|0x000000070b000000, 0x000000070b000000, 0x000000070b200000|  0%| F|  |TAMS 0x000000070b000000| PB 0x000000070b000000| Untracked 
|  62|0x000000070b200000, 0x000000070b200000, 0x000000070b400000|  0%| F|  |TAMS 0x000000070b200000| PB 0x000000070b200000| Untracked 
|  63|0x000000070b400000, 0x000000070b400000, 0x000000070b600000|  0%| F|  |TAMS 0x000000070b400000| PB 0x000000070b400000| Untracked 
|  64|0x000000070b600000, 0x000000070b600000, 0x000000070b800000|  0%| F|  |TAMS 0x000000070b600000| PB 0x000000070b600000| Untracked 
|  65|0x000000070b800000, 0x000000070b800000, 0x000000070ba00000|  0%| F|  |TAMS 0x000000070b800000| PB 0x000000070b800000| Untracked 
|  66|0x000000070ba00000, 0x000000070ba00000, 0x000000070bc00000|  0%| F|  |TAMS 0x000000070ba00000| PB 0x000000070ba00000| Untracked 
|  67|0x000000070bc00000, 0x000000070bc00000, 0x000000070be00000|  0%| F|  |TAMS 0x000000070bc00000| PB 0x000000070bc00000| Untracked 
|  68|0x000000070be00000, 0x000000070be00000, 0x000000070c000000|  0%| F|  |TAMS 0x000000070be00000| PB 0x000000070be00000| Untracked 
|  69|0x000000070c000000, 0x000000070c000000, 0x000000070c200000|  0%| F|  |TAMS 0x000000070c000000| PB 0x000000070c000000| Untracked 
|  70|0x000000070c200000, 0x000000070c200000, 0x000000070c400000|  0%| F|  |TAMS 0x000000070c200000| PB 0x000000070c200000| Untracked 
|  71|0x000000070c400000, 0x000000070c400000, 0x000000070c600000|  0%| F|  |TAMS 0x000000070c400000| PB 0x000000070c400000| Untracked 
|  72|0x000000070c600000, 0x000000070c600000, 0x000000070c800000|  0%| F|  |TAMS 0x000000070c600000| PB 0x000000070c600000| Untracked 
|  73|0x000000070c800000, 0x000000070c800000, 0x000000070ca00000|  0%| F|  |TAMS 0x000000070c800000| PB 0x000000070c800000| Untracked 
|  74|0x000000070ca00000, 0x000000070ca00000, 0x000000070cc00000|  0%| F|  |TAMS 0x000000070ca00000| PB 0x000000070ca00000| Untracked 
|  75|0x000000070cc00000, 0x000000070cc00000, 0x000000070ce00000|  0%| F|  |TAMS 0x000000070cc00000| PB 0x000000070cc00000| Untracked 
|  76|0x000000070ce00000, 0x000000070ce00000, 0x000000070d000000|  0%| F|  |TAMS 0x000000070ce00000| PB 0x000000070ce00000| Untracked 
|  77|0x000000070d000000, 0x000000070d000000, 0x000000070d200000|  0%| F|  |TAMS 0x000000070d000000| PB 0x000000070d000000| Untracked 
|  78|0x000000070d200000, 0x000000070d200000, 0x000000070d400000|  0%| F|  |TAMS 0x000000070d200000| PB 0x000000070d200000| Untracked 
|  79|0x000000070d400000, 0x000000070d400000, 0x000000070d600000|  0%| F|  |TAMS 0x000000070d400000| PB 0x000000070d400000| Untracked 
|  80|0x000000070d600000, 0x000000070d600000, 0x000000070d800000|  0%| F|  |TAMS 0x000000070d600000| PB 0x000000070d600000| Untracked 
|  81|0x000000070d800000, 0x000000070d800000, 0x000000070da00000|  0%| F|  |TAMS 0x000000070d800000| PB 0x000000070d800000| Untracked 
|  82|0x000000070da00000, 0x000000070da00000, 0x000000070dc00000|  0%| F|  |TAMS 0x000000070da00000| PB 0x000000070da00000| Untracked 
|  83|0x000000070dc00000, 0x000000070dc00000, 0x000000070de00000|  0%| F|  |TAMS 0x000000070dc00000| PB 0x000000070dc00000| Untracked 
|  84|0x000000070de00000, 0x000000070de00000, 0x000000070e000000|  0%| F|  |TAMS 0x000000070de00000| PB 0x000000070de00000| Untracked 
|  85|0x000000070e000000, 0x000000070e000000, 0x000000070e200000|  0%| F|  |TAMS 0x000000070e000000| PB 0x000000070e000000| Untracked 
|  86|0x000000070e200000, 0x000000070e200000, 0x000000070e400000|  0%| F|  |TAMS 0x000000070e200000| PB 0x000000070e200000| Untracked 
|  87|0x000000070e400000, 0x000000070e400000, 0x000000070e600000|  0%| F|  |TAMS 0x000000070e400000| PB 0x000000070e400000| Untracked 
|  88|0x000000070e600000, 0x000000070e600000, 0x000000070e800000|  0%| F|  |TAMS 0x000000070e600000| PB 0x000000070e600000| Untracked 
|  89|0x000000070e800000, 0x000000070e800000, 0x000000070ea00000|  0%| F|  |TAMS 0x000000070e800000| PB 0x000000070e800000| Untracked 
|  90|0x000000070ea00000, 0x000000070ea00000, 0x000000070ec00000|  0%| F|  |TAMS 0x000000070ea00000| PB 0x000000070ea00000| Untracked 
|  91|0x000000070ec00000, 0x000000070ec00000, 0x000000070ee00000|  0%| F|  |TAMS 0x000000070ec00000| PB 0x000000070ec00000| Untracked 
|  92|0x000000070ee00000, 0x000000070ee00000, 0x000000070f000000|  0%| F|  |TAMS 0x000000070ee00000| PB 0x000000070ee00000| Untracked 
|  93|0x000000070f000000, 0x000000070f000000, 0x000000070f200000|  0%| F|  |TAMS 0x000000070f000000| PB 0x000000070f000000| Untracked 
|  94|0x000000070f200000, 0x000000070f200000, 0x000000070f400000|  0%| F|  |TAMS 0x000000070f200000| PB 0x000000070f200000| Untracked 
|  95|0x000000070f400000, 0x000000070f400000, 0x000000070f600000|  0%| F|  |TAMS 0x000000070f400000| PB 0x000000070f400000| Untracked 
|  96|0x000000070f600000, 0x000000070f600000, 0x000000070f800000|  0%| F|  |TAMS 0x000000070f600000| PB 0x000000070f600000| Untracked 
|  97|0x000000070f800000, 0x000000070f800000, 0x000000070fa00000|  0%| F|  |TAMS 0x000000070f800000| PB 0x000000070f800000| Untracked 
|  98|0x000000070fa00000, 0x000000070fa00000, 0x000000070fc00000|  0%| F|  |TAMS 0x000000070fa00000| PB 0x000000070fa00000| Untracked 
|  99|0x000000070fc00000, 0x000000070fc00000, 0x000000070fe00000|  0%| F|  |TAMS 0x000000070fc00000| PB 0x000000070fc00000| Untracked 
| 100|0x000000070fe00000, 0x000000070fe00000, 0x0000000710000000|  0%| F|  |TAMS 0x000000070fe00000| PB 0x000000070fe00000| Untracked 
| 101|0x0000000710000000, 0x0000000710000000, 0x0000000710200000|  0%| F|  |TAMS 0x0000000710000000| PB 0x0000000710000000| Untracked 
| 102|0x0000000710200000, 0x0000000710200000, 0x0000000710400000|  0%| F|  |TAMS 0x0000000710200000| PB 0x0000000710200000| Untracked 
| 103|0x0000000710400000, 0x0000000710400000, 0x0000000710600000|  0%| F|  |TAMS 0x0000000710400000| PB 0x0000000710400000| Untracked 
| 104|0x0000000710600000, 0x0000000710600000, 0x0000000710800000|  0%| F|  |TAMS 0x0000000710600000| PB 0x0000000710600000| Untracked 
| 105|0x0000000710800000, 0x0000000710800000, 0x0000000710a00000|  0%| F|  |TAMS 0x0000000710800000| PB 0x0000000710800000| Untracked 
| 106|0x0000000710a00000, 0x0000000710a00000, 0x0000000710c00000|  0%| F|  |TAMS 0x0000000710a00000| PB 0x0000000710a00000| Untracked 
| 107|0x0000000710c00000, 0x0000000710c00000, 0x0000000710e00000|  0%| F|  |TAMS 0x0000000710c00000| PB 0x0000000710c00000| Untracked 
| 108|0x0000000710e00000, 0x0000000710e00000, 0x0000000711000000|  0%| F|  |TAMS 0x0000000710e00000| PB 0x0000000710e00000| Untracked 
| 109|0x0000000711000000, 0x0000000711000000, 0x0000000711200000|  0%| F|  |TAMS 0x0000000711000000| PB 0x0000000711000000| Untracked 
| 110|0x0000000711200000, 0x0000000711200000, 0x0000000711400000|  0%| F|  |TAMS 0x0000000711200000| PB 0x0000000711200000| Untracked 
| 111|0x0000000711400000, 0x0000000711400000, 0x0000000711600000|  0%| F|  |TAMS 0x0000000711400000| PB 0x0000000711400000| Untracked 
| 112|0x0000000711600000, 0x0000000711600000, 0x0000000711800000|  0%| F|  |TAMS 0x0000000711600000| PB 0x0000000711600000| Untracked 
| 113|0x0000000711800000, 0x0000000711800000, 0x0000000711a00000|  0%| F|  |TAMS 0x0000000711800000| PB 0x0000000711800000| Untracked 
| 114|0x0000000711a00000, 0x0000000711a00000, 0x0000000711c00000|  0%| F|  |TAMS 0x0000000711a00000| PB 0x0000000711a00000| Untracked 
| 115|0x0000000711c00000, 0x0000000711c00000, 0x0000000711e00000|  0%| F|  |TAMS 0x0000000711c00000| PB 0x0000000711c00000| Untracked 
| 116|0x0000000711e00000, 0x0000000711e00000, 0x0000000712000000|  0%| F|  |TAMS 0x0000000711e00000| PB 0x0000000711e00000| Untracked 
| 117|0x0000000712000000, 0x0000000712000000, 0x0000000712200000|  0%| F|  |TAMS 0x0000000712000000| PB 0x0000000712000000| Untracked 
| 118|0x0000000712200000, 0x0000000712200000, 0x0000000712400000|  0%| F|  |TAMS 0x0000000712200000| PB 0x0000000712200000| Untracked 
| 119|0x0000000712400000, 0x0000000712400000, 0x0000000712600000|  0%| F|  |TAMS 0x0000000712400000| PB 0x0000000712400000| Untracked 
| 120|0x0000000712600000, 0x0000000712600000, 0x0000000712800000|  0%| F|  |TAMS 0x0000000712600000| PB 0x0000000712600000| Untracked 
| 121|0x0000000712800000, 0x0000000712970a70, 0x0000000712a00000| 72%| E|  |TAMS 0x0000000712800000| PB 0x0000000712800000| Complete 
| 122|0x0000000712a00000, 0x0000000712c00000, 0x0000000712c00000|100%| E|CS|TAMS 0x0000000712a00000| PB 0x0000000712a00000| Complete 
| 123|0x0000000712c00000, 0x0000000712e00000, 0x0000000712e00000|100%| E|  |TAMS 0x0000000712c00000| PB 0x0000000712c00000| Complete 
| 124|0x0000000712e00000, 0x0000000713000000, 0x0000000713000000|100%| E|CS|TAMS 0x0000000712e00000| PB 0x0000000712e00000| Complete 
| 125|0x0000000713000000, 0x0000000713200000, 0x0000000713200000|100%| E|CS|TAMS 0x0000000713000000| PB 0x0000000713000000| Complete 
| 126|0x0000000713200000, 0x0000000713400000, 0x0000000713400000|100%| E|CS|TAMS 0x0000000713200000| PB 0x0000000713200000| Complete 

Card table byte_map: [0x00000211fa800000,0x00000211faff0000] _byte_map_base: 0x00000211f6fe5000

Marking Bits: (CMBitMap*) 0x00000211f18c99f0
 Bits: [0x00000211faff0000, 0x00000211fef18000)

Polling page: 0x00000211ef860000

Metaspace:

Usage:
  Non-class:    883.75 KB used.
      Class:     82.16 KB used.
       Both:    965.91 KB used.

Virtual space:
  Non-class space:       64.00 MB reserved,       1.00 MB (  2%) committed,  1 nodes.
      Class space:        1.00 GB reserved,     192.00 KB ( <1%) committed,  1 nodes.
             Both:        1.06 GB reserved,       1.19 MB ( <1%) committed. 

Chunk freelists:
   Non-Class:  11.94 MB
       Class:  15.73 MB
        Both:  27.67 MB

MaxMetaspaceSize: unlimited
CompressedClassSpaceSize: 1.00 GB
Initial GC threshold: 21.00 MB
Current GC threshold: 21.00 MB
CDS: on
 - commit_granule_bytes: 65536.
 - commit_granule_words: 8192.
 - virtual_space_node_default_size: 8388608.
 - enlarge_chunks_in_place: 1.
 - use_allocation_guard: 0.


Internal statistics:

num_allocs_failed_limit: 0.
num_arena_births: 32.
num_arena_deaths: 0.
num_vsnodes_births: 2.
num_vsnodes_deaths: 0.
num_space_committed: 19.
num_space_uncommitted: 0.
num_chunks_returned_to_freelist: 0.
num_chunks_taken_from_freelist: 38.
num_chunk_merges: 0.
num_chunk_splits: 24.
num_chunks_enlarged: 14.
num_inconsistent_stats: 0.

CodeHeap 'non-profiled nmethods': size=120000Kb used=91Kb max_used=91Kb free=119908Kb
 bounds [0x0000021187ad0000, 0x0000021187d40000, 0x000002118f000000]
CodeHeap 'profiled nmethods': size=120000Kb used=305Kb max_used=305Kb free=119694Kb
 bounds [0x0000021180000000, 0x0000021180270000, 0x0000021187530000]
CodeHeap 'non-nmethods': size=5760Kb used=1377Kb max_used=1377Kb free=4383Kb
 bounds [0x0000021187530000, 0x00000211877a0000, 0x0000021187ad0000]
 total_blobs=672 nmethods=247 adapters=330
 compilation: enabled
              stopped_count=0, restarted_count=0
 full_count=0

Compilation events (20 events):
Event: 0.776 Thread 0x00000211ff95e5c0 nmethod 229 0x000002118003bf10 code [0x000002118003c1c0, 0x000002118003ccb8]
Event: 0.777 Thread 0x00000211ff95e5c0  230       3       java.lang.instrument.ClassFileTransformer::transform (15 bytes)
Event: 0.777 Thread 0x00000211ff95e5c0 nmethod 230 0x000002118003d110 code [0x000002118003d2c0, 0x000002118003d4c8]
Event: 0.785 Thread 0x00000211ff95e5c0  231       3       java.lang.invoke.MemberName::getReferenceKind (12 bytes)
Event: 0.785 Thread 0x00000211ff95e5c0 nmethod 231 0x000002118003d590 code [0x000002118003d720, 0x000002118003d838]
Event: 0.785 Thread 0x00000211ff95e5c0  233   !   3       java.lang.invoke.MemberName::getMethodType (211 bytes)
Event: 0.787 Thread 0x00000211ff95e5c0 nmethod 233 0x000002118003d910 code [0x000002118003dbe0, 0x000002118003f060]
Event: 0.787 Thread 0x00000211ff95e5c0  234       3       jdk.internal.org.objectweb.asm.SymbolTable::addConstantUtf8 (98 bytes)
Event: 0.788 Thread 0x00000211ff95e5c0 nmethod 234 0x000002118003f610 code [0x000002118003f840, 0x000002118003fe70]
Event: 0.788 Thread 0x00000211ff95e5c0  235       3       jdk.internal.org.objectweb.asm.ByteVector::putByte (39 bytes)
Event: 0.788 Thread 0x00000211ff95e5c0 nmethod 235 0x0000021180040210 code [0x00000211800403c0, 0x00000211800405b0]
Event: 0.788 Thread 0x00000211ff95e5c0  237       1       sun.invoke.util.Wrapper::basicTypeChar (5 bytes)
Event: 0.788 Thread 0x00000211ff95e5c0 nmethod 237 0x0000021187ae6490 code [0x0000021187ae6620, 0x0000021187ae66f0]
Event: 0.788 Thread 0x00000211ff95e5c0  240       3       java.lang.invoke.LambdaForm$Name::initIndex (26 bytes)
Event: 0.789 Thread 0x00000211ff95e5c0 nmethod 240 0x0000021180040710 code [0x00000211800408a0, 0x0000021180040a58]
Event: 0.793 Thread 0x00000211ff95e5c0  241       3       jdk.internal.misc.VM::isBooted (13 bytes)
Event: 0.793 Thread 0x00000211ff95e5c0 nmethod 241 0x0000021180040b10 code [0x0000021180040ca0, 0x0000021180040df8]
Event: 0.794 Thread 0x00000211ff95e5c0  242       3       java.lang.invoke.MethodType$ConcurrentWeakInternSet::get (47 bytes)
Event: 0.794 Thread 0x00000211ff95e5c0 nmethod 242 0x0000021180040e90 code [0x00000211800410c0, 0x00000211800418c8]
Event: 0.794 Thread 0x00000211ff95e5c0  243       3       jdk.internal.org.objectweb.asm.Frame::execute (2305 bytes)

GC Heap History (0 events):
No events

Dll operation events (6 events):
Event: 0.013 Loaded shared library C:\Program Files\Java\jdk-21\bin\java.dll
Event: 0.015 Loaded shared library C:\Program Files\Java\jdk-21\bin\zip.dll
Event: 0.065 Loaded shared library C:\Program Files\Java\jdk-21\bin\jsvml.dll
Event: 0.673 Loaded shared library C:\Program Files\Java\jdk-21\bin\instrument.dll
Event: 0.759 Loaded shared library C:\Program Files\Java\jdk-21\bin\net.dll
Event: 0.762 Loaded shared library C:\Program Files\Java\jdk-21\bin\nio.dll

Deoptimization events (0 events):
No events

Classes loaded (20 events):
Event: 0.781 Loading class jdk/internal/foreign/AbstractMemorySegmentImpl
Event: 0.781 Loading class java/lang/foreign/MemorySegment
Event: 0.782 Loading class java/lang/foreign/MemorySegment done
Event: 0.782 Loading class jdk/internal/foreign/AbstractMemorySegmentImpl done
Event: 0.782 Loading class jdk/internal/foreign/NativeMemorySegmentImpl done
Event: 0.783 Loading class jdk/internal/foreign/MappedMemorySegmentImpl done
Event: 0.784 Loading class sun/nio/ch/FileChannelImpl$1
Event: 0.784 Loading class jdk/internal/foreign/MemorySessionImpl$ResourceList$ResourceCleanup
Event: 0.784 Loading class jdk/internal/foreign/MemorySessionImpl$ResourceList$ResourceCleanup done
Event: 0.784 Loading class sun/nio/ch/FileChannelImpl$1 done
Event: 0.784 Loading class jdk/internal/foreign/MemorySessionImpl$ResourceList$ResourceCleanup$1
Event: 0.784 Loading class jdk/internal/foreign/MemorySessionImpl$ResourceList$ResourceCleanup$1 done
Event: 0.789 Loading class java/lang/Thread$ThreadNumbering
Event: 0.789 Loading class java/lang/Thread$ThreadNumbering done
Event: 0.791 Loading class java/lang/IllegalAccessException
Event: 0.792 Loading class java/lang/IllegalAccessException done
Event: 0.792 Loading class sun/misc/Unsafe
Event: 0.793 Loading class sun/misc/Unsafe done
Event: 0.794 Loading class java/lang/invoke/DirectMethodHandle$StaticAccessor
Event: 0.794 Loading class java/lang/invoke/DirectMethodHandle$StaticAccessor done

Classes unloaded (0 events):
No events

Classes redefined (0 events):
No events

Internal exceptions (2 events):
Event: 0.675 Thread 0x00000211f1861210 Exception <a 'java/lang/NoSuchMethodError'{0x000000071314a0a8}: 'void java.lang.invoke.DirectMethodHandle$Holder.invokeStatic(java.lang.Object, java.lang.Object, java.lang.Object)'> (0x000000071314a0a8) 
thrown [s\open\src\hotspot\share\interpreter\linkResolver.cpp, line 773]
Event: 0.686 Thread 0x00000211f1861210 Exception <a 'java/lang/NoSuchMethodError'{0x00000007131d2250}: 'java.lang.Object java.lang.invoke.Invokers$Holder.invokeExact_MT(java.lang.Object, java.lang.Object, java.lang.Object, java.lang.Object, java.lang.Object)'> (0x00000007131d2250) 
thrown [s\open\src\hotspot\share\interpreter\linkResolver.cpp, line 773]

ZGC Phase Switch (0 events):
No events

VM Operations (6 events):
Event: 0.660 Executing VM operation: ChangeBreakpoints
Event: 0.660 Executing VM operation: ChangeBreakpoints done
Event: 0.663 Executing VM operation: ChangeBreakpoints
Event: 0.663 Executing VM operation: ChangeBreakpoints done
Event: 0.746 Executing VM operation: ChangeBreakpoints
Event: 0.746 Executing VM operation: ChangeBreakpoints done

Events (20 events):
Event: 0.160 Thread 0x00000211ffac42e0 Thread added: 0x00000211ffac42e0
Event: 0.194 Thread 0x00000211ffb982b0 Thread added: 0x00000211ffb982b0
Event: 0.194 Thread 0x00000211ffb99150 Thread added: 0x00000211ffb99150
Event: 0.195 Thread 0x00000211ffbcfee0 Thread added: 0x00000211ffbcfee0
Event: 0.704 Thread 0x00000211ffc61640 Thread added: 0x00000211ffc61640
Event: 0.790 Thread 0x00000211ffbfedd0 Thread added: 0x00000211ffbfedd0
Event: 0.790 Thread 0x00000211ffd424b0 Thread added: 0x00000211ffd424b0
Event: 0.790 Thread 0x00000211ffd27ef0 Thread added: 0x00000211ffd27ef0
Event: 0.790 Thread 0x00000211ffd28970 Thread added: 0x00000211ffd28970
Event: 0.791 Thread 0x00000211ffd2cff0 Thread added: 0x00000211ffd2cff0
Event: 0.791 Thread 0x00000211ffd2f670 Thread added: 0x00000211ffd2f670
Event: 0.791 Thread 0x00000211ffd31cf0 Thread added: 0x00000211ffd31cf0
Event: 0.791 Thread 0x00000211ffd32360 Thread added: 0x00000211ffd32360
Event: 0.791 Thread 0x00000211ffbfedd0 Thread exited: 0x00000211ffbfedd0
Event: 0.792 Thread 0x00000211ffd424b0 Thread exited: 0x00000211ffd424b0
Event: 0.793 Thread 0x00000211ffd2cff0 Thread exited: 0x00000211ffd2cff0
Event: 0.793 Thread 0x00000211ffd28970 Thread exited: 0x00000211ffd28970
Event: 0.793 Thread 0x00000211ffd2f670 Thread exited: 0x00000211ffd2f670
Event: 0.794 Thread 0x00000211ffd32360 Thread exited: 0x00000211ffd32360
Event: 0.795 Thread 0x00000211ffd31cf0 Thread exited: 0x00000211ffd31cf0


Dynamic libraries:
0x00007ff6b5600000 - 0x00007ff6b5610000 	C:\Program Files\Java\jdk-21\bin\java.exe
0x00007fff42cd0000 - 0x00007fff42ec8000 	C:\Windows\SYSTEM32\ntdll.dll
0x00007fff40d30000 - 0x00007fff40def000 	C:\Windows\System32\KERNEL32.DLL
0x00007fff40a00000 - 0x00007fff40cf6000 	C:\Windows\System32\KERNELBASE.dll
0x00007fff406a0000 - 0x00007fff407a0000 	C:\Windows\System32\ucrtbase.dll
0x00007fff375f0000 - 0x00007fff37609000 	C:\Program Files\Java\jdk-21\bin\jli.dll
0x00007fff32e70000 - 0x00007fff32e8b000 	C:\Program Files\Java\jdk-21\bin\VCRUNTIME140.dll
0x00007fff416c0000 - 0x00007fff4176f000 	C:\Windows\System32\ADVAPI32.dll
0x00007fff417d0000 - 0x00007fff4186e000 	C:\Windows\System32\msvcrt.dll
0x00007fff42a90000 - 0x00007fff42b2c000 	C:\Windows\System32\sechost.dll
0x00007fff41580000 - 0x00007fff416a6000 	C:\Windows\System32\RPCRT4.dll
0x00007fff41380000 - 0x00007fff4151d000 	C:\Windows\System32\USER32.dll
0x00007fff40670000 - 0x00007fff40692000 	C:\Windows\System32\win32u.dll
0x00007fff37340000 - 0x00007fff375da000 	C:\Windows\WinSxS\amd64_microsoft.windows.common-controls_6595b64144ccf1df_6.0.19041.1110_none_60b5254171f9507e\COMCTL32.dll
0x00007fff42a60000 - 0x00007fff42a8c000 	C:\Windows\System32\GDI32.dll
0x00007fff40460000 - 0x00007fff40575000 	C:\Windows\System32\gdi32full.dll
0x00007fff40580000 - 0x00007fff4061d000 	C:\Windows\System32\msvcp_win.dll
0x00007fff3af40000 - 0x00007fff3af4a000 	C:\Windows\SYSTEM32\VERSION.dll
0x00007fff42b30000 - 0x00007fff42b60000 	C:\Windows\System32\IMM32.DLL
0x00007fff3bd90000 - 0x00007fff3bd9c000 	C:\Program Files\Java\jdk-21\bin\vcruntime140_1.dll
0x00007fff16fa0000 - 0x00007fff1702e000 	C:\Program Files\Java\jdk-21\bin\msvcp140.dll
0x00007ffeeba60000 - 0x00007ffeec773000 	C:\Program Files\Java\jdk-21\bin\server\jvm.dll
0x00007fff421d0000 - 0x00007fff4223b000 	C:\Windows\System32\WS2_32.dll
0x00007fff40210000 - 0x00007fff4025b000 	C:\Windows\SYSTEM32\POWRPROF.dll
0x00007fff22f10000 - 0x00007fff22f37000 	C:\Windows\SYSTEM32\WINMM.dll
0x00007fff401f0000 - 0x00007fff40202000 	C:\Windows\SYSTEM32\UMPDC.dll
0x00007fff3e250000 - 0x00007fff3e262000 	C:\Windows\SYSTEM32\kernel.appcore.dll
0x00007fff375e0000 - 0x00007fff375ea000 	C:\Program Files\Java\jdk-21\bin\jimage.dll
0x00007fff392b0000 - 0x00007fff39494000 	C:\Windows\SYSTEM32\DBGHELP.DLL
0x00007fff389e0000 - 0x00007fff38a14000 	C:\Windows\SYSTEM32\dbgcore.DLL
0x00007fff40970000 - 0x00007fff409f2000 	C:\Windows\System32\bcryptPrimitives.dll
0x00007fff168f0000 - 0x00007fff1692c000 	C:\Program Files\Java\jdk-21\bin\jdwp.dll
0x00007fff37240000 - 0x00007fff3724f000 	C:\Program Files\Java\jdk-21\bin\instrument.dll
0x00007fff32770000 - 0x00007fff3278f000 	C:\Program Files\Java\jdk-21\bin\java.dll
0x00007fff31fa0000 - 0x00007fff31fb8000 	C:\Program Files\Java\jdk-21\bin\zip.dll
0x00007fff41870000 - 0x00007fff41fb4000 	C:\Windows\System32\SHELL32.dll
0x00007fff3e450000 - 0x00007fff3ebe4000 	C:\Windows\SYSTEM32\windows.storage.dll
0x00007fff42240000 - 0x00007fff42594000 	C:\Windows\System32\combase.dll
0x00007fff3fd10000 - 0x00007fff3fd3e000 	C:\Windows\SYSTEM32\Wldp.dll
0x00007fff426b0000 - 0x00007fff4275d000 	C:\Windows\System32\SHCORE.dll
0x00007fff42170000 - 0x00007fff421c5000 	C:\Windows\System32\shlwapi.dll
0x00007fff402e0000 - 0x00007fff40305000 	C:\Windows\SYSTEM32\profapi.dll
0x00007fff16c50000 - 0x00007fff16d27000 	C:\Program Files\Java\jdk-21\bin\jsvml.dll
0x00007fff227c0000 - 0x00007fff227cc000 	C:\Program Files\Java\jdk-21\bin\dt_socket.dll
0x00007fff3f760000 - 0x00007fff3f79c000 	C:\Windows\SYSTEM32\IPHLPAPI.DLL
0x00007fff3fa70000 - 0x00007fff3fada000 	C:\Windows\system32\mswsock.dll
0x00007fff36160000 - 0x00007fff36170000 	C:\Program Files\Java\jdk-21\bin\net.dll
0x00007fff39850000 - 0x00007fff3995a000 	C:\Windows\SYSTEM32\WINHTTP.dll
0x00007fff32450000 - 0x00007fff32466000 	C:\Program Files\Java\jdk-21\bin\nio.dll

dbghelp: loaded successfully - version: 4.0.5 - missing functions: none
symbol engine: initialized successfully - sym options: 0x614 - pdb path: .;C:\Program Files\Java\jdk-21\bin;C:\Windows\SYSTEM32;C:\Windows\WinSxS\amd64_microsoft.windows.common-controls_6595b64144ccf1df_6.0.19041.1110_none_60b5254171f9507e;C:\Program Files\Java\jdk-21\bin\server

VM Arguments:
jvm_args: -agentlib:jdwp=transport=dt_socket,address=127.0.0.1:62609,suspend=y,server=n --enable-preview -javaagent:C:\Users\w5989\AppData\Local\JetBrains\IdeaIC2024.2\captureAgent\debugger-agent.jar=file:/C:/Users/w5989/AppData/Local/Temp/capture.props -Dkotlinx.coroutines.debug.enable.creation.stack.trace=false -Ddebugger.agent.enable.coroutines=true -Dfile.encoding=UTF-8 -Dsun.stdout.encoding=UTF-8 -Dsun.stderr.encoding=UTF-8 
java_command: com.example.demo.calculate.CalculateAverage --worker
java_class_path (initial): C:\Users\w5989\Documents\projects\demo\target\classes;C:\Users\w5989\.m2\repository\io\netty\netty-all\4.1.112.Final\netty-all-4.1.112.Final.jar;C:\Users\w5989\.m2\repository\io\netty\netty-buffer\4.1.112.Final\netty-buffer-4.1.112.Final.jar;C:\Users\w5989\.m2\repository\io\netty\netty-codec\4.1.112.Final\netty-codec-4.1.112.Final.jar;C:\Users\w5989\.m2\repository\io\netty\netty-codec-dns\4.1.112.Final\netty-codec-dns-4.1.112.Final.jar;C:\Users\w5989\.m2\repository\io\netty\netty-codec-haproxy\4.1.112.Final\netty-codec-haproxy-4.1.112.Final.jar;C:\Users\w5989\.m2\repository\io\netty\netty-codec-http\4.1.112.Final\netty-codec-http-4.1.112.Final.jar;C:\Users\w5989\.m2\repository\io\netty\netty-codec-http2\4.1.112.Final\netty-codec-http2-4.1.112.Final.jar;C:\Users\w5989\.m2\repository\io\netty\netty-codec-memcache\4.1.112.Final\netty-codec-memcache-4.1.112.Final.jar;C:\Users\w5989\.m2\repository\io\netty\netty-codec-mqtt\4.1.112.Final\netty-codec-mqtt-4.1.112.Final.jar;C:\Users\w5989\.m2\repository\io\netty\netty-codec-redis\4.1.112.Final\netty-codec-redis-4.1.112.Final.jar;C:\Users\w5989\.m2\repository\io\netty\netty-codec-smtp\4.1.112.Final\netty-codec-smtp-4.1.112.Final.jar;C:\Users\w5989\.m2\repository\io\netty\netty-codec-socks\4.1.112.Final\netty-codec-socks-4.1.112.Final.jar;C:\Users\w5989\.m2\repository\io\netty\netty-codec-stomp\4.1.112.Final\netty-codec-stomp-4.1.112.Final.jar;C:\Users\w5989\.m2\repository\io\netty\netty-codec-xml\4.1.112.Final\netty-codec-xml-4.1.112.Final.jar;C:\Users\w5989\.m2\repository\io\netty\netty-common\4.1.112.Final\netty-common-4.1.112.Final.jar;C:\Users\w5989\.m2\repository\io\netty\netty-handler\4.1.112.Final\netty-handler-4.1.112.Final.jar;C:\Users\w5989\.m2\repository\io\netty\netty-transport-native-unix-common\4.1.112.Final\netty-transport-native-unix-common-4.1.112.Final.jar;C:\Users\w5989\.m2\repository\io\netty\netty-handler-proxy\4.1.112.Final\netty-handler-proxy-4.1.112.Final.jar;C:\Users\w5989\.m2\repository\io\netty\netty-handler-ssl-ocsp\4.1.112.Final\netty-handler-ssl-ocsp-4.1.112.Final.jar;C:\Users\w5989\.m2\repository\io\netty\netty-resolver\4.1.112.Final\netty-resolver-4.1.112.Final.jar;C:\Users\w5989\.m2\repository\io\netty\netty-resolver-dns\4.1.112.Final\netty-resolver-dns-4.1.112.Final.jar;C:\Users\w5989\.m2\repository\io\netty\netty-transport\4.1.112.Final\netty-transport-4.1.112.Final.jar;C:\Users\w5989\.m2\repository\io\netty\netty-transport-rxtx\4.1.112.Final\netty-transport-rxtx-4.1.112.Final.jar;C:\Users\w5989\.m2\repository\io\netty\netty-transport-sctp\4.1.112.Final\netty-transport-sctp-4.1.112.Final.jar;C:\Users\w5989\.m2\repository\io\netty\netty-transport-udt\4.1.112.Final\netty-transport-udt-4.1.112.Final.jar;C:\Users\w5989\.m2\repository\io\netty\netty-transport-classes-epoll\4.1.112.Final\netty-transport-classes-epoll-4.1.112.Final.jar;C:\Users\w5989\.m2\repository\io\netty\netty-transport-classes-kqueue\4.1.112.Final\netty-transport-classes-kqueue-4.1.112.Final.jar;C:\Users\w5989\.m2\repository\io\netty\netty-resolver-dns-classes-macos\4.1.112.Final\netty-resolver-dns-classes-macos-4.1.112.Final.jar;C:\Users\w5989\.m2\repository\io\netty\netty-transport-native-epoll\4.1.112.Final\netty-transport-native-epoll-4.1.112.Final-linux-x86_64.jar;C:\Users\w5989\.m2\repository\io\netty\netty-transport-native-epoll\4.1.112.Final\netty-transport-native-epoll-4.1.112.Final-linux-aarch_64.jar;C:\Users\w5989\.m2\repository\io\netty\netty-transport-native-epoll\4.1.112.Final\netty-transport-native-epoll-4.1.112.Final-linux-riscv64.jar;C:\Users\w5989\.m2\repository\io\netty\netty-transport-native-kqueue\4.1.112.Final\netty-transport-native-kqueue-4.1.112.Final-osx-x86_64.jar;C:\Users\w5989\.m2\repository\io\netty\netty-transport-native-kqueue\4.1.112.Final\netty-transport-native-kqueue-4.1.112.Final-osx-aarch_64.jar;C:\Users\w5989\.m2\repository\io\netty\netty-resolver-dns-native-macos\4.1.112.Final\netty-resolver-dns-native-macos-4.1.112.Final-osx-x86_64.jar;C:\Users\w5989\.m2\repository\io\netty\netty-resolver-dns-native-macos\4.1.112.Final\netty-resolver-dns-native-macos-4.1.112.Final-osx-aarch_64.jar;C:\Users\w5989\.m2\repository\org\springframework\boot\spring-boot-starter-data-redis\3.3.3\spring-boot-starter-data-redis-3.3.3.jar;C:\Users\w5989\.m2\repository\org\springframework\boot\spring-boot-starter\3.3.3\spring-boot-starter-3.3.3.jar;C:\Users\w5989\.m2\repository\org\springframework\boot\spring-boot\3.3.3\spring-boot-3.3.3.jar;C:\Users\w5989\.m2\repository\org\springframework\boot\spring-boot-autoconfigure\3.3.3\spring-boot-autoconfigure-3.3.3.jar;C:\Users\w5989\.m2\repository\org\springframework\boot\spring-boot-starter-logging\3.3.3\spring-boot-starter-logging-3.3.3.jar;C:\Users\w5989\.m2\repository\ch\qos\logback\logback-classic\1.5.7\logback-classic-1.5.7.jar;C:\Users\w5989\.m2\repository\ch\qos\logback\logback-core\1.5.7\logback-core-1.5.7.jar;C:\Users\w5989\.m2\repository\org\apache\logging\log4j\log4j-to-slf4j\2.23.1\log4j-to-slf4j-2.23.1.jar;C:\Users\w5989\.m2\repository\org\apache\logging\log4j\log4j-api\2.23.1\log4j-api-2.23.1.jar;C:\Users\w5989\.m2\repository\org\slf4j\jul-to-slf4j\2.0.16\jul-to-slf4j-2.0.16.jar;C:\Users\w5989\.m2\repository\jakarta\annotation\jakarta.annotation-api\2.1.1\jakarta.annotation-api-2.1.1.jar;C:\Users\w5989\.m2\repository\org\yaml\snakeyaml\2.2\snakeyaml-2.2.jar;C:\Users\w5989\.m2\repository\io\lettuce\lettuce-core\6.3.2.RELEASE\lettuce-core-6.3.2.RELEASE.jar;C:\Users\w5989\.m2\repository\io\projectreactor\reactor-core\3.6.9\reactor-core-3.6.9.jar;C:\Users\w5989\.m2\repository\org\reactivestreams\reactive-streams\1.0.4\reactive-streams-1.0.4.jar;C:\Users\w5989\.m2\repository\org\springframework\data\spring-data-redis\3.3.3\spring-data-redis-3.3.3.jar;C:\Users\w5989\.m2\repository\org\springframework\data\spring-data-keyvalue\3.3.3\spring-data-keyvalue-3.3.3.jar;C:\Users\w5989\.m2\repository\org\springframework\data\spring-data-commons\3.3.3\spring-data-commons-3.3.3.jar;C:\Users\w5989\.m2\repository\org\springframework\spring-tx\6.1.12\spring-tx-6.1.12.jar;C:\Users\w5989\.m2\repository\org\springframework\spring-oxm\6.1.12\spring-oxm-6.1.12.jar;C:\Users\w5989\.m2\repository\org\springframework\spring-aop\6.1.12\spring-aop-6.1.12.jar;C:\Users\w5989\.m2\repository\org\springframework\spring-context-support\6.1.12\spring-context-support-6.1.12.jar;C:\Users\w5989\.m2\repository\org\slf4j\slf4j-api\2.0.16\slf4j-api-2.0.16.jar;C:\Users\w5989\.m2\repository\org\springframework\boot\spring-boot-starter-web\3.3.3\spring-boot-starter-web-3.3.3.jar;C:\Users\w5989\.m2\repository\org\springframework\boot\spring-boot-starter-json\3.3.3\spring-boot-starter-json-3.3.3.jar;C:\Users\w5989\.m2\repository\com\fasterxml\jackson\core\jackson-databind\2.17.2\jackson-databind-2.17.2.jar;C:\Users\w5989\.m2\repository\com\fasterxml\jackson\core\jackson-annotations\2.17.2\jackson-annotations-2.17.2.jar;C:\Users\w5989\.m2\repository\com\fasterxml\jackson\core\jackson-core\2.17.2\jackson-core-2.17.2.jar;C:\Users\w5989\.m2\repository\com\fasterxml\jackson\datatype\jackson-datatype-jdk8\2.17.2\jackson-datatype-jdk8-2.17.2.jar;C:\Users\w5989\.m2\repository\com\fasterxml\jackson\datatype\jackson-datatype-jsr310\2.17.2\jackson-datatype-jsr310-2.17.2.jar;C:\Users\w5989\.m2\repository\com\fasterxml\jackson\module\jackson-module-parameter-names\2.17.2\jackson-module-parameter-names-2.17.2.jar;C:\Users\w5989\.m2\repository\org\springframework\boot\spring-boot-starter-tomcat\3.3.3\spring-boot-starter-tomcat-3.3.3.jar;C:\Users\w5989\.m2\repository\org\apache\tomcat\embed\tomcat-embed-core\10.1.28\tomcat-embed-core-10.1.28.jar;C:\Users\w5989\.m2\repository\org\apache\tomcat\embed\tomcat-embed-el\10.1.28\tomcat-embed-el-10.1.28.jar;C:\Users\w5989\.m2\repository\org\apache\tomcat\embed\tomcat-embed-websocket\10.1.28\tomcat-embed-websocket-10.1.28.jar;C:\Users\w5989\.m2\repository\org\springframework\spring-web\6.1.12\spring-web-6.1.12.jar;C:\Users\w5989\.m2\repository\org\springframework\spring-beans\6.1.12\spring-beans-6.1.12.jar;C:\Users\w5989\.m2\repository\io\micrometer\micrometer-observation\1.13.3\micrometer-observation-1.13.3.jar;C:\Users\w5989\.m2\repository\io\micrometer\micrometer-commons\1.13.3\micrometer-commons-1.13.3.jar;C:\Users\w5989\.m2\repository\org\springframework\spring-webmvc\6.1.12\spring-webmvc-6.1.12.jar;C:\Users\w5989\.m2\repository\org\springframework\spring-context\6.1.12\spring-context-6.1.12.jar;C:\Users\w5989\.m2\repository\org\springframework\spring-expression\6.1.12\spring-expression-6.1.12.jar;C:\Users\w5989\.m2\repository\org\mybatis\spring\boot\mybatis-spring-boot-starter\3.0.3\mybatis-spring-boot-starter-3.0.3.jar;C:\Users\w5989\.m2\repository\org\springframework\boot\spring-boot-starter-jdbc\3.3.3\spring-boot-starter-jdbc-3.3.3.jar;C:\Users\w5989\.m2\repository\com\zaxxer\HikariCP\5.1.0\HikariCP-5.1.0.jar;C:\Users\w5989\.m2\repository\org\springframework\spring-jdbc\6.1.12\spring-jdbc-6.1.12.jar;C:\Users\w5989\.m2\repository\org\mybatis\spring\boot\mybatis-spring-boot-autoconfigure\3.0.3\mybatis-spring-boot-autoconfigure-3.0.3.jar;C:\Users\w5989\.m2\repository\org\mybatis\mybatis\3.5.14\mybatis-3.5.14.jar;C:\Users\w5989\.m2\repository\org\mybatis\mybatis-spring\3.0.3\mybatis-spring-3.0.3.jar;C:\Users\w5989\.m2\repository\com\mysql\mysql-connector-j\8.3.0\mysql-connector-j-8.3.0.jar;C:\Users\w5989\.m2\repository\org\projectlombok\lombok\1.18.34\lombok-1.18.34.jar;C:\Users\w5989\.m2\repository\jakarta\xml\bind\jakarta.xml.bind-api\4.0.2\jakarta.xml.bind-api-4.0.2.jar;C:\Users\w5989\.m2\repository\jakarta\activation\jakarta.activation-api\2.1.3\jakarta.activation-api-2.1.3.jar;C:\Users\w5989\.m2\repository\org\springframework\spring-core\6.1.12\spring-core-6.1.12.jar;C:\Users\w5989\.m2\repository\org\springframework\spring-jcl\6.1.12\spring-jcl-6.1.12.jar;C:\Program Files\JetBrains\IntelliJ IDEA Community Edition 2024.2.0.2\lib\idea_rt.jar
Launcher Type: SUN_STANDARD

[Global flags]
     intx CICompilerCount                          = 4                                         {product} {ergonomic}
     uint ConcGCThreads                            = 2                                         {product} {ergonomic}
     uint G1ConcRefinementThreads                  = 8                                         {product} {ergonomic}
   size_t G1HeapRegionSize                         = 2097152                                   {product} {ergonomic}
    uintx GCDrainStackTargetSize                   = 64                                        {product} {ergonomic}
   size_t InitialHeapSize                          = 266338304                                 {product} {ergonomic}
   size_t MarkStackSize                            = 4194304                                   {product} {ergonomic}
   size_t MaxHeapSize                              = 4238344192                                {product} {ergonomic}
   size_t MaxNewSize                               = 2541748224                                {product} {ergonomic}
   size_t MinHeapDeltaBytes                        = 2097152                                   {product} {ergonomic}
   size_t MinHeapSize                              = 8388608                                   {product} {ergonomic}
    uintx NonNMethodCodeHeapSize                   = 5839372                                {pd product} {ergonomic}
    uintx NonProfiledCodeHeapSize                  = 122909434                              {pd product} {ergonomic}
    uintx ProfiledCodeHeapSize                     = 122909434                              {pd product} {ergonomic}
    uintx ReservedCodeCacheSize                    = 251658240                              {pd product} {ergonomic}
     bool SegmentedCodeCache                       = true                                      {product} {ergonomic}
   size_t SoftMaxHeapSize                          = 4238344192                             {manageable} {ergonomic}
     bool UseCompressedOops                        = true                           {product lp64_product} {ergonomic}
     bool UseG1GC                                  = true                                      {product} {ergonomic}
     bool UseLargePagesIndividualAllocation        = false                                  {pd product} {ergonomic}

Logging:
Log output configuration:
 #0: stdout all=warning uptime,level,tags foldmultilines=false
 #1: stderr all=off uptime,level,tags foldmultilines=false

Environment Variables:
PATH=C:\Program Files\Common Files\Oracle\Java\javapath;C:\Windows\system32;C:\Windows;C:\Windows\System32\Wbem;C:\Windows\System32\WindowsPowerShell\v1.0\;C:\Windows\System32\OpenSSH\;C:\Users\w5989\AppData\Local\Microsoft\WindowsApps;
USERNAME=admin
OS=Windows_NT
PROCESSOR_IDENTIFIER=Intel64 Family 6 Model 142 Stepping 12, GenuineIntel
TMP=C:\Users\w5989\AppData\Local\Temp
TEMP=C:\Users\w5989\AppData\Local\Temp




Periodic native trim disabled

---------------  S Y S T E M  ---------------

OS:
 Windows 10 , 64 bit Build 19041 (10.0.19041.3155)
OS uptime: 1 days 18:33 hours

CPU: total 8 (initial active 8) (4 cores per cpu, 2 threads per core) family 6 model 142 stepping 12 microcode 0xde, cx8, cmov, fxsr, ht, mmx, 3dnowpref, sse, sse2, sse3, ssse3, sse4.1, sse4.2, popcnt, lzcnt, tsc, tscinvbit, avx, avx2, aes, erms, clmul, bmi1, bmi2, adx, fma, vzeroupper, clflush, clflushopt, rdtscp, f16c
Processor Information for all 8 processors :
  Max Mhz: 1896, Current Mhz: 798, Mhz Limit: 796

Memory: 4k page, system-wide physical 16165M (7286M free)
TotalPageFile size 18597M (AvailPageFile size 8156M)
current process WorkingSet (physical memory assigned to process): 46M, peak: 46M
current process commit charge ("private bytes"): 340M, peak: 340M

vm_info: Java HotSpot(TM) 64-Bit Server VM (21.0.4+8-LTS-274) for windows-amd64 JRE (21.0.4+8-LTS-274), built on 2024-06-05T05:23:33Z by "mach5one" with MS VC++ 17.6 (VS2022)

END.
