#
# A fatal error has been detected by the Java Runtime Environment:
#
#  EXCEPTION_ACCESS_VIOLATION (0xc0000005) at pc=0x00007ffeec27dd1c, pid=12228, tid=10008
#
# JRE version: Java(TM) SE Runtime Environment (21.0.4+8) (build 21.0.4+8-LTS-274)
# Java VM: Java HotSpot(TM) 64-Bit Server VM (21.0.4+8-LTS-274, mixed mode, sharing, tiered, compressed oops, compressed class ptrs, g1 gc, windows-amd64)
# Problematic frame:
# V  [jvm.dll+0x81dd1c]
#
# No core dump will be written. Minidumps are not enabled by default on client versions of Windows
#
# If you would like to submit a bug report, please visit:
#   https://bugreport.java.com/bugreport/crash.jsp
#

---------------  S U M M A R Y ------------

Command Line: -agentlib:jdwp=transport=dt_socket,address=127.0.0.1:62620,suspend=y,server=n --enable-preview -javaagent:C:\Users\w5989\AppData\Local\JetBrains\IdeaIC2024.2\captureAgent\debugger-agent.jar=file:/C:/Users/w5989/AppData/Local/Temp/capture.props -Dkotlinx.coroutines.debug.enable.creation.stack.trace=false -Ddebugger.agent.enable.coroutines=true -Dfile.encoding=UTF-8 -Dsun.stdout.encoding=UTF-8 -Dsun.stderr.encoding=UTF-8 com.example.demo.calculate.CalculateAverage --worker

Host: Intel(R) Core(TM) i5-8365U CPU @ 1.60GHz, 8 cores, 15G,  Windows 10 , 64 bit Build 19041 (10.0.19041.3155)
Time: Mon Aug 26 21:25:39 2024  Windows 10 , 64 bit Build 19041 (10.0.19041.3155) elapsed time: 9042.306343 seconds (0d 2h 30m 42s)

---------------  T H R E A D  ---------------

Current thread (0x00000216d1cc3bf0):  JavaThread "Thread-0"         [_thread_in_vm, id=10008, stack(0x000000ba96500000,0x000000ba96600000) (1024K)]

Stack: [0x000000ba96500000,0x000000ba96600000],  sp=0x000000ba965ff200,  free space=1020k
Native frames: (J=compiled Java code, j=interpreted, Vv=VM code, C=native code)
V  [jvm.dll+0x81dd1c]
C  0x00000216c21f6922

The last pc belongs to native nmethod (printed below).
Java frames: (J=compiled Java code, j=interpreted, Vv=VM code)
J 254  jdk.internal.misc.Unsafe.getLong(Ljava/lang/Object;J)J java.base@21.0.4 (0 bytes) @ 0x00000216c21f6887 [0x00000216c21f6820+0x0000000000000067]
j  jdk.internal.misc.Unsafe.getLong(J)J+3 java.base@21.0.4
j  sun.misc.Unsafe.getLong(J)J+4 jdk.unsupported@21.0.4
j  com.example.demo.calculate.CalculateAverage.nextNewLine(J)J+4
j  com.example.demo.calculate.CalculateAverage.parseLoop(Ljava/util/concurrent/atomic/AtomicLong;JJLjava/util/List;)V+40
j  com.example.demo.calculate.CalculateAverage.lambda$main$0(Ljava/util/concurrent/atomic/AtomicLong;JJ[Ljava/util/List;I)V+17
j  com.example.demo.calculate.CalculateAverage$$Lambda+0x00000216d3003200.run()V+20
j  java.lang.Thread.runWith(Ljava/lang/Object;Ljava/lang/Runnable;)V+5 java.base@21.0.4
j  java.lang.Thread.run()V+19 java.base@21.0.4
v  ~StubRoutines::call_stub 0x00000216c1c4100d

siginfo: EXCEPTION_ACCESS_VIOLATION (0xc0000005), reading address 0x00000216d1ff1000


Registers:
RAX=0x0000000000000000, RBX=0x00000216d1cc3bf0, RCX=0x00000216d1cc3fa8, RDX=0x000000ba965ff250
RSP=0x000000ba965ff200, RBP=0x000000ba965ff290, RSI=0x00000216d1ff1000, RDI=0x0000000000000000
R8 =0x0000000000000000, R9 =0x00000216d1ff1000, R10=0x00007ffeec67f7e0, R11=0x00000216c21f6840
R12=0x0000000000000000, R13=0x000000ba965ff2a8, R14=0x000000ba965ff330, R15=0x00000216d1cc3bf0
RIP=0x00007ffeec27dd1c, EFLAGS=0x0000000000010246


Register to memory mapping:

RAX=0x0 is null
RBX=0x00000216d1cc3bf0 is a thread
RCX=0x00000216d1cc3fa8 points into unknown readable memory: 0x00007ffeec619610 | 10 96 61 ec fe 7f 00 00
RDX=0x000000ba965ff250 is pointing into the stack for thread: 0x00000216d1cc3bf0
RSP=0x000000ba965ff200 is pointing into the stack for thread: 0x00000216d1cc3bf0
RBP=0x000000ba965ff290 is pointing into the stack for thread: 0x00000216d1cc3bf0
RSI=0x00000216d1ff1000 is an unknown value
RDI=0x0 is null
R8 =0x0 is null
R9 =0x00000216d1ff1000 is an unknown value
R10=0x00007ffeec67f7e0 jvm.dll
R11=0x00000216c21f6840 is at entry_point+32 in (nmethod*)0x00000216c21f6690
Compiled method (n/a) 9042314  254     n 0       jdk.internal.misc.Unsafe::getLong (native)
 total in heap  [0x00000216c21f6690,0x00000216c21f6a60] = 976
 relocation     [0x00000216c21f67e8,0x00000216c21f6818] = 48
 main code      [0x00000216c21f6820,0x00000216c21f6a5e] = 574
 stub code      [0x00000216c21f6a5e,0x00000216c21f6a60] = 2
R12=0x0 is null
R13=0x000000ba965ff2a8 is pointing into the stack for thread: 0x00000216d1cc3bf0
R14=0x000000ba965ff330 is pointing into the stack for thread: 0x00000216d1cc3bf0
R15=0x00000216d1cc3bf0 is a thread

Top of Stack: (sp=0x000000ba965ff200)
0x000000ba965ff200:   000000ba965ff310 00000216d1cc3bf0
0x000000ba965ff210:   000000ba965ff338 000000ba965ff338
0x000000ba965ff220:   00000216c1c494b7 00000216c21f6922
0x000000ba965ff230:   00000216d244a5f8 00000216d21f0000
0x000000ba965ff240:   000000ba965ff380 000000ba965ff338
0x000000ba965ff250:   0000000713213490 0000000000000000
0x000000ba965ff260:   00000217130d13d0 0000000000000000
0x000000ba965ff270:   000000ba965ff380 00000216d1cc3bf0
0x000000ba965ff280:   000000ba965ff2a8 000000ba965ff310
0x000000ba965ff290:   000000ba965ff310 00000216c1c494b7
0x000000ba965ff2a0:   00000216c1c494b7 00000216d1ff1000
0x000000ba965ff2b0:   0000000000000000 0000000000000000
0x000000ba965ff2c0:   0000000713213490 000000ba965ff2c8
0x000000ba965ff2d0:   00000216d2bde7a3 0000000000000004
0x000000ba965ff2e0:   00000216d244b390 00000217130dcad8
0x000000ba965ff2f0:   00000007132059c0 00000216d244a5a0
0x000000ba965ff300:   000000ba965ff2a8 000000ba965ff320
0x000000ba965ff310:   000000ba965ff380 00000216c1c494b7
0x000000ba965ff320:   00000216d1ff1000 0000000000000000
0x000000ba965ff330:   0000000713213490 000000ba965ff338
0x000000ba965ff340:   00000217130d13a4 0000000000000004
0x000000ba965ff350:   00000217130d52d8 0000000000000000
0x000000ba965ff360:   0000000712bf4560 00000217130d13d0
0x000000ba965ff370:   000000ba965ff320 000000ba965ff390
0x000000ba965ff380:   000000ba965ff3f0 00000216c1c494b7
0x000000ba965ff390:   00000216d1ff1000 0000000000000000
0x000000ba965ff3a0:   0000000712bf5540 000000ba965ff3a8
0x000000ba965ff3b0:   000002171340784c 0000000000000009
0x000000ba965ff3c0:   0000021713408000 0000000000000000
0x000000ba965ff3d0:   0000000712e3a6c8 00000217134078d0
0x000000ba965ff3e0:   000000ba965ff390 000000ba965ff430
0x000000ba965ff3f0:   000000ba965ff488 00000216c1c494b7 

Instructions: (pc=0x00007ffeec27dd1c)
0x00007ffeec27dc1c:   18 48 89 41 18 48 8b 4f 08 48 8b 47 20 48 89 41
0x00007ffeec27dc2c:   20 48 8d 8b 98 03 00 00 e8 07 51 af ff 48 8b 74
0x00007ffeec27dc3c:   24 38 90 c7 83 4c 04 00 00 04 00 00 00 48 8b 5c
0x00007ffeec27dc4c:   24 30 48 83 c4 20 5f c3 cc cc cc cc cc cc cc cc
0x00007ffeec27dc5c:   cc cc cc cc 48 89 5c 24 08 48 89 74 24 10 57 48
0x00007ffeec27dc6c:   83 ec 20 8b 81 b8 00 00 00 48 8d 99 48 fc ff ff
0x00007ffeec27dc7c:   05 53 21 ff ff 49 8b f1 49 8b f8 83 f8 01 77 08
0x00007ffeec27dc8c:   48 8b cb e8 bc c1 bc ff 80 3d 6a 1a 40 00 00 c7
0x00007ffeec27dc9c:   83 4c 04 00 00 06 00 00 00 75 06 e8 84 c0 e9 ff
0x00007ffeec27dcac:   90 48 8b 83 50 04 00 00 a8 01 74 0d 45 33 c0 b2
0x00007ffeec27dcbc:   01 48 8b cb e8 7b be f0 ff 8b 83 48 04 00 00 a8
0x00007ffeec27dccc:   0c 74 08 48 8b cb e8 29 d6 bc ff 33 c0 c7 83 4c
0x00007ffeec27dcdc:   04 00 00 06 00 00 00 48 85 ff 74 2d 48 8b c7 83
0x00007ffeec27dcec:   e0 03 48 83 f8 01 75 0c 48 8d 4f ff ff 15 a2 8c
0x00007ffeec27dcfc:   39 00 eb 15 48 83 f8 02 75 0c 48 8d 4f fe ff 15
0x00007ffeec27dd0c:   10 03 39 00 eb 03 48 8b 07 c6 83 78 04 00 00 01
0x00007ffeec27dd1c:   48 8b 34 30 c6 83 78 04 00 00 00 48 8b bb 98 01
0x00007ffeec27dd2c:   00 00 48 8b 47 10 48 83 38 00 74 08 48 8b cf e8
0x00007ffeec27dd3c:   20 f2 b7 ff 48 8b 57 08 48 8b 4f 10 48 89 4a 10
0x00007ffeec27dd4c:   48 8b 57 08 48 8b 4f 18 48 89 4a 18 48 8b 4f 20
0x00007ffeec27dd5c:   48 8b 57 08 48 89 4a 20 48 8d 8b 98 03 00 00 e8
0x00007ffeec27dd6c:   d0 4f af ff 90 48 8b c6 48 8b 74 24 38 c7 83 4c
0x00007ffeec27dd7c:   04 00 00 04 00 00 00 48 8b 5c 24 30 48 83 c4 20
0x00007ffeec27dd8c:   5f c3 cc cc 48 89 5c 24 08 48 89 74 24 10 57 48
0x00007ffeec27dd9c:   83 ec 20 8b 81 b8 00 00 00 48 8d 99 48 fc ff ff
0x00007ffeec27ddac:   05 53 21 ff ff 49 8b f1 49 8b f8 83 f8 01 77 08
0x00007ffeec27ddbc:   48 8b cb e8 8c c0 bc ff 80 3d 3a 19 40 00 00 c7
0x00007ffeec27ddcc:   83 4c 04 00 00 06 00 00 00 75 06 e8 54 bf e9 ff
0x00007ffeec27dddc:   90 48 8b 83 50 04 00 00 a8 01 74 0d 45 33 c0 b2
0x00007ffeec27ddec:   01 48 8b cb e8 4b bd f0 ff 8b 83 48 04 00 00 a8
0x00007ffeec27ddfc:   0c 74 08 48 8b cb e8 f9 d4 bc ff 33 c9 c7 83 4c
0x00007ffeec27de0c:   04 00 00 06 00 00 00 48 85 ff 74 33 48 8b c7 83 


Stack slot to memory mapping:

stack at sp + 0 slots: 0x000000ba965ff310 is pointing into the stack for thread: 0x00000216d1cc3bf0
stack at sp + 1 slots: 0x00000216d1cc3bf0 is a thread
stack at sp + 2 slots: 0x000000ba965ff338 is pointing into the stack for thread: 0x00000216d1cc3bf0
stack at sp + 3 slots: 0x000000ba965ff338 is pointing into the stack for thread: 0x00000216d1cc3bf0
stack at sp + 4 slots: 0x00000216c1c494b7 is at code_begin+4151 in an Interpreter codelet
return entry points  [0x00000216c1c48480, 0x00000216c1c4a590]  8464 bytes
stack at sp + 5 slots: 0x00000216c21f6922 is at entry_point+258 in (nmethod*)0x00000216c21f6690
Compiled method (n/a) 9042319  254     n 0       jdk.internal.misc.Unsafe::getLong (native)
 total in heap  [0x00000216c21f6690,0x00000216c21f6a60] = 976
 relocation     [0x00000216c21f67e8,0x00000216c21f6818] = 48
 main code      [0x00000216c21f6820,0x00000216c21f6a5e] = 574
 stub code      [0x00000216c21f6a5e,0x00000216c21f6a60] = 2
stack at sp + 6 slots: {method} {0x00000216d244a600} 'getLong' '(Ljava/lang/Object;J)J' in 'jdk/internal/misc/Unsafe'
stack at sp + 7 slots: 0x00000216d21f0000 is pointing into metadata


Compiled method (n/a) 9042320  254     n 0       jdk.internal.misc.Unsafe::getLong (native)
 total in heap  [0x00000216c21f6690,0x00000216c21f6a60] = 976
 relocation     [0x00000216c21f67e8,0x00000216c21f6818] = 48
 main code      [0x00000216c21f6820,0x00000216c21f6a5e] = 574
 stub code      [0x00000216c21f6a5e,0x00000216c21f6a60] = 2

[Constant Pool (empty)]

[MachCode]
[Entry Point]
  # {method} {0x00000216d244a600} 'getLong' '(Ljava/lang/Object;J)J' in 'jdk/internal/misc/Unsafe'
  # this:     rdx:rdx   = 'jdk/internal/misc/Unsafe'
  # parm0:    r8:r8     = 'java/lang/Object'
  # parm1:    r9:r9     = long
  #           [sp+0x70]  (sp of caller)
  0x00000216c21f6820: 448b 5208 | 49bb 0000 | 00d2 1602 | 0000 4d03 | d349 3bc2 | 0f84 0600 

  0x00000216c21f6838: ;   {runtime_call ic_miss_stub}
  0x00000216c21f6838: 0000 e941 | 7fa9 ff90 
[Verified Entry Point]
  0x00000216c21f6840: 8984 2400 | 80ff ff55 | 488b ec48 | 83ec 6090 | 4181 7f20 | 0100 0000 

  0x00000216c21f6858: ;   {runtime_call StubRoutines (final stubs)}
  0x00000216c21f6858: 7405 e801 | e5a7 ff4c | 8944 2428 | 4983 f800 | 4c8d 4424 | 284c 0f44 | 4424 2848 | 8954 2420 
  0x00000216c21f6878: 4883 fa00 | 488d 5424 | 2048 0f44 | 5424 20c5 

  0x00000216c21f6888: ;   {internal_word}
  0x00000216c21f6888: f877 49ba | 8768 1fc2 | 1602 0000 | 4d89 97a0 | 0300 0049 | 89a7 9803 

  0x00000216c21f68a0: ;   {external_word}
  0x00000216c21f68a0: 0000 49ba | e0f7 67ec | fe7f 0000 | 4180 3a00 | 0f84 4e00 | 0000 5241 

  0x00000216c21f68b8: ;   {metadata({method} {0x00000216d244a600} 'getLong' '(Ljava/lang/Object;J)J' in 'jdk/internal/misc/Unsafe')}
  0x00000216c21f68b8: 5041 5148 | baf8 a544 | d216 0200 | 0049 8bcf | 4883 ec20 | 40f6 c40f | 0f84 1900 | 0000 4883 
  0x00000216c21f68d8: ;   {runtime_call}
  0x00000216c21f68d8: ec08 48b8 | d0ec 18ec | fe7f 0000 | ffd0 4883 | c408 e90c 

  0x00000216c21f68ec: ;   {runtime_call}
  0x00000216c21f68ec: 0000 0048 | b8d0 ec18 | ecfe 7f00 | 00ff d048 | 83c4 2041 | 5941 585a | 498d 8fb8 | 0300 0041 
  0x00000216c21f690c: c787 4c04 | 0000 0400 

  0x00000216c21f6914: ;   {runtime_call}
  0x00000216c21f6914: 0000 48b8 | 60dc 27ec | fe7f 0000 | ffd0 c5f8 | 7741 c787 | 4c04 0000 | 0500 0000 | f083 4424 
  0x00000216c21f6934: c000 493b | af50 0400 | 000f 870e | 0000 0041 | 83bf 4804 | 0000 000f | 842b 0000 | 00c5 f877 
  0x00000216c21f6954: 4889 45f8 | 498b cf4c | 8be4 4883 | ec20 4883 

  0x00000216c21f6964: ;   {runtime_call}
  0x00000216c21f6964: e4f0 48b8 | c0a0 e4eb | fe7f 0000 | ffd0 498b | e44d 33e4 | 488b 45f8 | 41c7 874c | 0400 0008 
  0x00000216c21f6984: 0000 0041 | 83bf c804 | 0000 020f | 849c 0000 

  0x00000216c21f6994: ;   {external_word}
  0x00000216c21f6994: 0049 bae0 | f767 ecfe | 7f00 0041 | 803a 000f | 844c 0000 | 0048 8945 

  0x00000216c21f69ac: ;   {metadata({method} {0x00000216d244a600} 'getLong' '(Ljava/lang/Object;J)J' in 'jdk/internal/misc/Unsafe')}
  0x00000216c21f69ac: f848 baf8 | a544 d216 | 0200 0049 | 8bcf 4883 | ec20 40f6 | c40f 0f84 | 1900 0000 | 4883 ec08 
  0x00000216c21f69cc: ;   {runtime_call}
  0x00000216c21f69cc: 48b8 d0ec | 18ec fe7f | 0000 ffd0 | 4883 c408 | e90c 0000 

  0x00000216c21f69e0: ;   {runtime_call}
  0x00000216c21f69e0: 0048 b8d0 | ec18 ecfe | 7f00 00ff | d048 83c4 | 2048 8b45 | f849 c787 | 9803 0000 | 0000 0000 
  0x00000216c21f6a00: 49c7 87a0 | 0300 0000 | 0000 00c5 | f877 498b | 8f28 0400 | 00c7 8100 | 0100 0000 | 0000 00c9 
  0x00000216c21f6a20: 4983 7f08 | 000f 8501 | 0000 00c3 

  0x00000216c21f6a2c: ;   {runtime_call StubRoutines (initial stubs)}
  0x00000216c21f6a2c: e9cf a4a4 | ffc5 f877 | 4889 45f8 | 4c8b e448 | 83ec 2048 

  0x00000216c21f6a40: ;   {runtime_call}
  0x00000216c21f6a40: 83e4 f048 | b8c0 2419 | ecfe 7f00 | 00ff d049 | 8be4 4d33 | e448 8b45 | f8e9 37ff | ffff f4f4 
[/MachCode]


---------------  P R O C E S S  ---------------

Threads class SMR info:
_java_thread_list=0x00000216b09ad9c0, length=13, elements={
0x00000216b0ad4960, 0x00000216d1b41700, 0x00000216d1b442e0, 0x00000216d1b45760,
0x00000216d1b46440, 0x00000216d1b46ea0, 0x00000216d1b49910, 0x00000216d1b57fc0,
0x00000216d1b5e6a0, 0x00000216d1cc3560, 0x00000216d1da41f0, 0x00000216d1cc21b0,
0x00000216d1cc3bf0
}

Java Threads: ( => current thread )
  0x00000216b0ad4960 JavaThread "main"                              [_thread_blocked, id=6380, stack(0x000000ba96800000,0x000000ba96900000) (1024K)]
  0x00000216d1b41700 JavaThread "Reference Handler"          daemon [_thread_blocked, id=12432, stack(0x000000ba97000000,0x000000ba97100000) (1024K)]
  0x00000216d1b442e0 JavaThread "Finalizer"                  daemon [_thread_blocked, id=12088, stack(0x000000ba97100000,0x000000ba97200000) (1024K)]
  0x00000216d1b45760 JavaThread "Signal Dispatcher"          daemon [_thread_blocked, id=11912, stack(0x000000ba97200000,0x000000ba97300000) (1024K)]
  0x00000216d1b46440 JavaThread "Attach Listener"            daemon [_thread_in_Java, id=13700, stack(0x000000ba97300000,0x000000ba97400000) (1024K)]
  0x00000216d1b46ea0 JavaThread "Service Thread"             daemon [_thread_blocked, id=13380, stack(0x000000ba97400000,0x000000ba97500000) (1024K)]
  0x00000216d1b49910 JavaThread "Monitor Deflation Thread"   daemon [_thread_blocked, id=13732, stack(0x000000ba97500000,0x000000ba97600000) (1024K)]
  0x00000216d1b57fc0 JavaThread "C2 CompilerThread0"         daemon [_thread_blocked, id=8440, stack(0x000000ba97600000,0x000000ba97700000) (1024K)]
  0x00000216d1b5e6a0 JavaThread "C1 CompilerThread0"         daemon [_thread_blocked, id=11088, stack(0x000000ba97700000,0x000000ba97800000) (1024K)]
  0x00000216d1cc3560 JavaThread "Common-Cleaner"             daemon [_thread_blocked, id=14296, stack(0x000000ba97800000,0x000000ba97900000) (1024K)]
  0x00000216d1da41f0 JavaThread "JDWP Event Helper Thread"   daemon [_thread_blocked, id=13360, stack(0x000000ba97a00000,0x000000ba97b00000) (1024K)]
  0x00000216d1cc21b0 JavaThread "Notification Thread"        daemon [_thread_blocked, id=10904, stack(0x000000ba97c00000,0x000000ba97d00000) (1024K)]
=>0x00000216d1cc3bf0 JavaThread "Thread-0"                          [_thread_in_vm, id=10008, stack(0x000000ba96500000,0x000000ba96600000) (1024K)]
Total: 13

Other Threads:
  0x00000216d1b25910 VMThread "VM Thread"                           [id=4252, stack(0x000000ba96f00000,0x000000ba97000000) (1024K)]
  0x00000216d1b0b500 WatcherThread "VM Periodic Task Thread"        [id=10864, stack(0x000000ba96e00000,0x000000ba96f00000) (1024K)]
  0x00000216b0b3c830 WorkerThread "GC Thread#0"                     [id=12268, stack(0x000000ba96900000,0x000000ba96a00000) (1024K)]
  0x00000216b0b4d460 ConcurrentGCThread "G1 Main Marker"            [id=12844, stack(0x000000ba96a00000,0x000000ba96b00000) (1024K)]
  0x00000216b0b4e510 WorkerThread "G1 Conc#0"                       [id=1220, stack(0x000000ba96b00000,0x000000ba96c00000) (1024K)]
  0x00000216b0b9eba0 ConcurrentGCThread "G1 Refine#0"               [id=2488, stack(0x000000ba96c00000,0x000000ba96d00000) (1024K)]
  0x00000216d19da680 ConcurrentGCThread "G1 Service"                [id=9184, stack(0x000000ba96d00000,0x000000ba96e00000) (1024K)]
Total: 7

Threads with active compile tasks:
Total: 0

VM state: not at safepoint (normal execution)

VM Mutex/Monitor currently owned by a thread: None

Heap address: 0x0000000703600000, size: 4042 MB, Compressed Oops mode: Zero based, Oop shift amount: 3

CDS archive(s) mapped at: [0x00000216d2000000-0x00000216d2c90000-0x00000216d2c90000), size 13172736, SharedBaseAddress: 0x00000216d2000000, ArchiveRelocationMode: 1.
Compressed class space mapped at: 0x00000216d3000000-0x0000021713000000, reserved size: 1073741824
Narrow klass base: 0x00000216d2000000, Narrow klass shift: 0, Narrow klass range: 0x100000000

GC Precious Log:
 CardTable entry size: 512
 Card Set container configuration: InlinePtr #cards 4 size 8 Array Of Cards #cards 16 size 48 Howl #buckets 8 coarsen threshold 3686 Howl Bitmap #cards 512 size 80 coarsen threshold 460 Card regions per heap region 1 cards per card region 4096
 CPUs: 8 total, 8 available
 Memory: 16165M
 Large Page Support: Disabled
 NUMA Support: Disabled
 Compressed Oops: Enabled (Zero based)
 Heap Region Size: 2M
 Heap Min Capacity: 8M
 Heap Initial Capacity: 254M
 Heap Max Capacity: 4042M
 Pre-touch: Disabled
 Parallel Workers: 8
 Concurrent Workers: 2
 Concurrent Refinement Workers: 8
 Periodic GC: Disabled

Heap:
 garbage-first heap   total 260096K, used 14336K [0x0000000703600000, 0x0000000800000000)
  region size 2048K, 9 young (18432K), 0 survivors (0K)
 Metaspace       used 1087K, committed 1216K, reserved 1114112K
  class space    used 92K, committed 192K, reserved 1048576K

Heap Regions: E=young(eden), S=young(survivor), O=old, HS=humongous(starts), HC=humongous(continues), CS=collection set, F=free, TAMS=top-at-mark-start, PB=parsable bottom
|   0|0x0000000703600000, 0x0000000703600000, 0x0000000703800000|  0%| F|  |TAMS 0x0000000703600000| PB 0x0000000703600000| Untracked 
|   1|0x0000000703800000, 0x0000000703800000, 0x0000000703a00000|  0%| F|  |TAMS 0x0000000703800000| PB 0x0000000703800000| Untracked 
|   2|0x0000000703a00000, 0x0000000703a00000, 0x0000000703c00000|  0%| F|  |TAMS 0x0000000703a00000| PB 0x0000000703a00000| Untracked 
|   3|0x0000000703c00000, 0x0000000703c00000, 0x0000000703e00000|  0%| F|  |TAMS 0x0000000703c00000| PB 0x0000000703c00000| Untracked 
|   4|0x0000000703e00000, 0x0000000703e00000, 0x0000000704000000|  0%| F|  |TAMS 0x0000000703e00000| PB 0x0000000703e00000| Untracked 
|   5|0x0000000704000000, 0x0000000704000000, 0x0000000704200000|  0%| F|  |TAMS 0x0000000704000000| PB 0x0000000704000000| Untracked 
|   6|0x0000000704200000, 0x0000000704200000, 0x0000000704400000|  0%| F|  |TAMS 0x0000000704200000| PB 0x0000000704200000| Untracked 
|   7|0x0000000704400000, 0x0000000704400000, 0x0000000704600000|  0%| F|  |TAMS 0x0000000704400000| PB 0x0000000704400000| Untracked 
|   8|0x0000000704600000, 0x0000000704600000, 0x0000000704800000|  0%| F|  |TAMS 0x0000000704600000| PB 0x0000000704600000| Untracked 
|   9|0x0000000704800000, 0x0000000704800000, 0x0000000704a00000|  0%| F|  |TAMS 0x0000000704800000| PB 0x0000000704800000| Untracked 
|  10|0x0000000704a00000, 0x0000000704a00000, 0x0000000704c00000|  0%| F|  |TAMS 0x0000000704a00000| PB 0x0000000704a00000| Untracked 
|  11|0x0000000704c00000, 0x0000000704c00000, 0x0000000704e00000|  0%| F|  |TAMS 0x0000000704c00000| PB 0x0000000704c00000| Untracked 
|  12|0x0000000704e00000, 0x0000000704e00000, 0x0000000705000000|  0%| F|  |TAMS 0x0000000704e00000| PB 0x0000000704e00000| Untracked 
|  13|0x0000000705000000, 0x0000000705000000, 0x0000000705200000|  0%| F|  |TAMS 0x0000000705000000| PB 0x0000000705000000| Untracked 
|  14|0x0000000705200000, 0x0000000705200000, 0x0000000705400000|  0%| F|  |TAMS 0x0000000705200000| PB 0x0000000705200000| Untracked 
|  15|0x0000000705400000, 0x0000000705400000, 0x0000000705600000|  0%| F|  |TAMS 0x0000000705400000| PB 0x0000000705400000| Untracked 
|  16|0x0000000705600000, 0x0000000705600000, 0x0000000705800000|  0%| F|  |TAMS 0x0000000705600000| PB 0x0000000705600000| Untracked 
|  17|0x0000000705800000, 0x0000000705800000, 0x0000000705a00000|  0%| F|  |TAMS 0x0000000705800000| PB 0x0000000705800000| Untracked 
|  18|0x0000000705a00000, 0x0000000705a00000, 0x0000000705c00000|  0%| F|  |TAMS 0x0000000705a00000| PB 0x0000000705a00000| Untracked 
|  19|0x0000000705c00000, 0x0000000705c00000, 0x0000000705e00000|  0%| F|  |TAMS 0x0000000705c00000| PB 0x0000000705c00000| Untracked 
|  20|0x0000000705e00000, 0x0000000705e00000, 0x0000000706000000|  0%| F|  |TAMS 0x0000000705e00000| PB 0x0000000705e00000| Untracked 
|  21|0x0000000706000000, 0x0000000706000000, 0x0000000706200000|  0%| F|  |TAMS 0x0000000706000000| PB 0x0000000706000000| Untracked 
|  22|0x0000000706200000, 0x0000000706200000, 0x0000000706400000|  0%| F|  |TAMS 0x0000000706200000| PB 0x0000000706200000| Untracked 
|  23|0x0000000706400000, 0x0000000706400000, 0x0000000706600000|  0%| F|  |TAMS 0x0000000706400000| PB 0x0000000706400000| Untracked 
|  24|0x0000000706600000, 0x0000000706600000, 0x0000000706800000|  0%| F|  |TAMS 0x0000000706600000| PB 0x0000000706600000| Untracked 
|  25|0x0000000706800000, 0x0000000706800000, 0x0000000706a00000|  0%| F|  |TAMS 0x0000000706800000| PB 0x0000000706800000| Untracked 
|  26|0x0000000706a00000, 0x0000000706a00000, 0x0000000706c00000|  0%| F|  |TAMS 0x0000000706a00000| PB 0x0000000706a00000| Untracked 
|  27|0x0000000706c00000, 0x0000000706c00000, 0x0000000706e00000|  0%| F|  |TAMS 0x0000000706c00000| PB 0x0000000706c00000| Untracked 
|  28|0x0000000706e00000, 0x0000000706e00000, 0x0000000707000000|  0%| F|  |TAMS 0x0000000706e00000| PB 0x0000000706e00000| Untracked 
|  29|0x0000000707000000, 0x0000000707000000, 0x0000000707200000|  0%| F|  |TAMS 0x0000000707000000| PB 0x0000000707000000| Untracked 
|  30|0x0000000707200000, 0x0000000707200000, 0x0000000707400000|  0%| F|  |TAMS 0x0000000707200000| PB 0x0000000707200000| Untracked 
|  31|0x0000000707400000, 0x0000000707400000, 0x0000000707600000|  0%| F|  |TAMS 0x0000000707400000| PB 0x0000000707400000| Untracked 
|  32|0x0000000707600000, 0x0000000707600000, 0x0000000707800000|  0%| F|  |TAMS 0x0000000707600000| PB 0x0000000707600000| Untracked 
|  33|0x0000000707800000, 0x0000000707800000, 0x0000000707a00000|  0%| F|  |TAMS 0x0000000707800000| PB 0x0000000707800000| Untracked 
|  34|0x0000000707a00000, 0x0000000707a00000, 0x0000000707c00000|  0%| F|  |TAMS 0x0000000707a00000| PB 0x0000000707a00000| Untracked 
|  35|0x0000000707c00000, 0x0000000707c00000, 0x0000000707e00000|  0%| F|  |TAMS 0x0000000707c00000| PB 0x0000000707c00000| Untracked 
|  36|0x0000000707e00000, 0x0000000707e00000, 0x0000000708000000|  0%| F|  |TAMS 0x0000000707e00000| PB 0x0000000707e00000| Untracked 
|  37|0x0000000708000000, 0x0000000708000000, 0x0000000708200000|  0%| F|  |TAMS 0x0000000708000000| PB 0x0000000708000000| Untracked 
|  38|0x0000000708200000, 0x0000000708200000, 0x0000000708400000|  0%| F|  |TAMS 0x0000000708200000| PB 0x0000000708200000| Untracked 
|  39|0x0000000708400000, 0x0000000708400000, 0x0000000708600000|  0%| F|  |TAMS 0x0000000708400000| PB 0x0000000708400000| Untracked 
|  40|0x0000000708600000, 0x0000000708600000, 0x0000000708800000|  0%| F|  |TAMS 0x0000000708600000| PB 0x0000000708600000| Untracked 
|  41|0x0000000708800000, 0x0000000708800000, 0x0000000708a00000|  0%| F|  |TAMS 0x0000000708800000| PB 0x0000000708800000| Untracked 
|  42|0x0000000708a00000, 0x0000000708a00000, 0x0000000708c00000|  0%| F|  |TAMS 0x0000000708a00000| PB 0x0000000708a00000| Untracked 
|  43|0x0000000708c00000, 0x0000000708c00000, 0x0000000708e00000|  0%| F|  |TAMS 0x0000000708c00000| PB 0x0000000708c00000| Untracked 
|  44|0x0000000708e00000, 0x0000000708e00000, 0x0000000709000000|  0%| F|  |TAMS 0x0000000708e00000| PB 0x0000000708e00000| Untracked 
|  45|0x0000000709000000, 0x0000000709000000, 0x0000000709200000|  0%| F|  |TAMS 0x0000000709000000| PB 0x0000000709000000| Untracked 
|  46|0x0000000709200000, 0x0000000709200000, 0x0000000709400000|  0%| F|  |TAMS 0x0000000709200000| PB 0x0000000709200000| Untracked 
|  47|0x0000000709400000, 0x0000000709400000, 0x0000000709600000|  0%| F|  |TAMS 0x0000000709400000| PB 0x0000000709400000| Untracked 
|  48|0x0000000709600000, 0x0000000709600000, 0x0000000709800000|  0%| F|  |TAMS 0x0000000709600000| PB 0x0000000709600000| Untracked 
|  49|0x0000000709800000, 0x0000000709800000, 0x0000000709a00000|  0%| F|  |TAMS 0x0000000709800000| PB 0x0000000709800000| Untracked 
|  50|0x0000000709a00000, 0x0000000709a00000, 0x0000000709c00000|  0%| F|  |TAMS 0x0000000709a00000| PB 0x0000000709a00000| Untracked 
|  51|0x0000000709c00000, 0x0000000709c00000, 0x0000000709e00000|  0%| F|  |TAMS 0x0000000709c00000| PB 0x0000000709c00000| Untracked 
|  52|0x0000000709e00000, 0x0000000709e00000, 0x000000070a000000|  0%| F|  |TAMS 0x0000000709e00000| PB 0x0000000709e00000| Untracked 
|  53|0x000000070a000000, 0x000000070a000000, 0x000000070a200000|  0%| F|  |TAMS 0x000000070a000000| PB 0x000000070a000000| Untracked 
|  54|0x000000070a200000, 0x000000070a200000, 0x000000070a400000|  0%| F|  |TAMS 0x000000070a200000| PB 0x000000070a200000| Untracked 
|  55|0x000000070a400000, 0x000000070a400000, 0x000000070a600000|  0%| F|  |TAMS 0x000000070a400000| PB 0x000000070a400000| Untracked 
|  56|0x000000070a600000, 0x000000070a600000, 0x000000070a800000|  0%| F|  |TAMS 0x000000070a600000| PB 0x000000070a600000| Untracked 
|  57|0x000000070a800000, 0x000000070a800000, 0x000000070aa00000|  0%| F|  |TAMS 0x000000070a800000| PB 0x000000070a800000| Untracked 
|  58|0x000000070aa00000, 0x000000070aa00000, 0x000000070ac00000|  0%| F|  |TAMS 0x000000070aa00000| PB 0x000000070aa00000| Untracked 
|  59|0x000000070ac00000, 0x000000070ac00000, 0x000000070ae00000|  0%| F|  |TAMS 0x000000070ac00000| PB 0x000000070ac00000| Untracked 
|  60|0x000000070ae00000, 0x000000070ae00000, 0x000000070b000000|  0%| F|  |TAMS 0x000000070ae00000| PB 0x000000070ae00000| Untracked 
|  61|0x000000070b000000, 0x000000070b000000, 0x000000070b200000|  0%| F|  |TAMS 0x000000070b000000| PB 0x000000070b000000| Untracked 
|  62|0x000000070b200000, 0x000000070b200000, 0x000000070b400000|  0%| F|  |TAMS 0x000000070b200000| PB 0x000000070b200000| Untracked 
|  63|0x000000070b400000, 0x000000070b400000, 0x000000070b600000|  0%| F|  |TAMS 0x000000070b400000| PB 0x000000070b400000| Untracked 
|  64|0x000000070b600000, 0x000000070b600000, 0x000000070b800000|  0%| F|  |TAMS 0x000000070b600000| PB 0x000000070b600000| Untracked 
|  65|0x000000070b800000, 0x000000070b800000, 0x000000070ba00000|  0%| F|  |TAMS 0x000000070b800000| PB 0x000000070b800000| Untracked 
|  66|0x000000070ba00000, 0x000000070ba00000, 0x000000070bc00000|  0%| F|  |TAMS 0x000000070ba00000| PB 0x000000070ba00000| Untracked 
|  67|0x000000070bc00000, 0x000000070bc00000, 0x000000070be00000|  0%| F|  |TAMS 0x000000070bc00000| PB 0x000000070bc00000| Untracked 
|  68|0x000000070be00000, 0x000000070be00000, 0x000000070c000000|  0%| F|  |TAMS 0x000000070be00000| PB 0x000000070be00000| Untracked 
|  69|0x000000070c000000, 0x000000070c000000, 0x000000070c200000|  0%| F|  |TAMS 0x000000070c000000| PB 0x000000070c000000| Untracked 
|  70|0x000000070c200000, 0x000000070c200000, 0x000000070c400000|  0%| F|  |TAMS 0x000000070c200000| PB 0x000000070c200000| Untracked 
|  71|0x000000070c400000, 0x000000070c400000, 0x000000070c600000|  0%| F|  |TAMS 0x000000070c400000| PB 0x000000070c400000| Untracked 
|  72|0x000000070c600000, 0x000000070c600000, 0x000000070c800000|  0%| F|  |TAMS 0x000000070c600000| PB 0x000000070c600000| Untracked 
|  73|0x000000070c800000, 0x000000070c800000, 0x000000070ca00000|  0%| F|  |TAMS 0x000000070c800000| PB 0x000000070c800000| Untracked 
|  74|0x000000070ca00000, 0x000000070ca00000, 0x000000070cc00000|  0%| F|  |TAMS 0x000000070ca00000| PB 0x000000070ca00000| Untracked 
|  75|0x000000070cc00000, 0x000000070cc00000, 0x000000070ce00000|  0%| F|  |TAMS 0x000000070cc00000| PB 0x000000070cc00000| Untracked 
|  76|0x000000070ce00000, 0x000000070ce00000, 0x000000070d000000|  0%| F|  |TAMS 0x000000070ce00000| PB 0x000000070ce00000| Untracked 
|  77|0x000000070d000000, 0x000000070d000000, 0x000000070d200000|  0%| F|  |TAMS 0x000000070d000000| PB 0x000000070d000000| Untracked 
|  78|0x000000070d200000, 0x000000070d200000, 0x000000070d400000|  0%| F|  |TAMS 0x000000070d200000| PB 0x000000070d200000| Untracked 
|  79|0x000000070d400000, 0x000000070d400000, 0x000000070d600000|  0%| F|  |TAMS 0x000000070d400000| PB 0x000000070d400000| Untracked 
|  80|0x000000070d600000, 0x000000070d600000, 0x000000070d800000|  0%| F|  |TAMS 0x000000070d600000| PB 0x000000070d600000| Untracked 
|  81|0x000000070d800000, 0x000000070d800000, 0x000000070da00000|  0%| F|  |TAMS 0x000000070d800000| PB 0x000000070d800000| Untracked 
|  82|0x000000070da00000, 0x000000070da00000, 0x000000070dc00000|  0%| F|  |TAMS 0x000000070da00000| PB 0x000000070da00000| Untracked 
|  83|0x000000070dc00000, 0x000000070dc00000, 0x000000070de00000|  0%| F|  |TAMS 0x000000070dc00000| PB 0x000000070dc00000| Untracked 
|  84|0x000000070de00000, 0x000000070de00000, 0x000000070e000000|  0%| F|  |TAMS 0x000000070de00000| PB 0x000000070de00000| Untracked 
|  85|0x000000070e000000, 0x000000070e000000, 0x000000070e200000|  0%| F|  |TAMS 0x000000070e000000| PB 0x000000070e000000| Untracked 
|  86|0x000000070e200000, 0x000000070e200000, 0x000000070e400000|  0%| F|  |TAMS 0x000000070e200000| PB 0x000000070e200000| Untracked 
|  87|0x000000070e400000, 0x000000070e400000, 0x000000070e600000|  0%| F|  |TAMS 0x000000070e400000| PB 0x000000070e400000| Untracked 
|  88|0x000000070e600000, 0x000000070e600000, 0x000000070e800000|  0%| F|  |TAMS 0x000000070e600000| PB 0x000000070e600000| Untracked 
|  89|0x000000070e800000, 0x000000070e800000, 0x000000070ea00000|  0%| F|  |TAMS 0x000000070e800000| PB 0x000000070e800000| Untracked 
|  90|0x000000070ea00000, 0x000000070ea00000, 0x000000070ec00000|  0%| F|  |TAMS 0x000000070ea00000| PB 0x000000070ea00000| Untracked 
|  91|0x000000070ec00000, 0x000000070ec00000, 0x000000070ee00000|  0%| F|  |TAMS 0x000000070ec00000| PB 0x000000070ec00000| Untracked 
|  92|0x000000070ee00000, 0x000000070ee00000, 0x000000070f000000|  0%| F|  |TAMS 0x000000070ee00000| PB 0x000000070ee00000| Untracked 
|  93|0x000000070f000000, 0x000000070f000000, 0x000000070f200000|  0%| F|  |TAMS 0x000000070f000000| PB 0x000000070f000000| Untracked 
|  94|0x000000070f200000, 0x000000070f200000, 0x000000070f400000|  0%| F|  |TAMS 0x000000070f200000| PB 0x000000070f200000| Untracked 
|  95|0x000000070f400000, 0x000000070f400000, 0x000000070f600000|  0%| F|  |TAMS 0x000000070f400000| PB 0x000000070f400000| Untracked 
|  96|0x000000070f600000, 0x000000070f600000, 0x000000070f800000|  0%| F|  |TAMS 0x000000070f600000| PB 0x000000070f600000| Untracked 
|  97|0x000000070f800000, 0x000000070f800000, 0x000000070fa00000|  0%| F|  |TAMS 0x000000070f800000| PB 0x000000070f800000| Untracked 
|  98|0x000000070fa00000, 0x000000070fa00000, 0x000000070fc00000|  0%| F|  |TAMS 0x000000070fa00000| PB 0x000000070fa00000| Untracked 
|  99|0x000000070fc00000, 0x000000070fc00000, 0x000000070fe00000|  0%| F|  |TAMS 0x000000070fc00000| PB 0x000000070fc00000| Untracked 
| 100|0x000000070fe00000, 0x000000070fe00000, 0x0000000710000000|  0%| F|  |TAMS 0x000000070fe00000| PB 0x000000070fe00000| Untracked 
| 101|0x0000000710000000, 0x0000000710000000, 0x0000000710200000|  0%| F|  |TAMS 0x0000000710000000| PB 0x0000000710000000| Untracked 
| 102|0x0000000710200000, 0x0000000710200000, 0x0000000710400000|  0%| F|  |TAMS 0x0000000710200000| PB 0x0000000710200000| Untracked 
| 103|0x0000000710400000, 0x0000000710400000, 0x0000000710600000|  0%| F|  |TAMS 0x0000000710400000| PB 0x0000000710400000| Untracked 
| 104|0x0000000710600000, 0x0000000710600000, 0x0000000710800000|  0%| F|  |TAMS 0x0000000710600000| PB 0x0000000710600000| Untracked 
| 105|0x0000000710800000, 0x0000000710800000, 0x0000000710a00000|  0%| F|  |TAMS 0x0000000710800000| PB 0x0000000710800000| Untracked 
| 106|0x0000000710a00000, 0x0000000710a00000, 0x0000000710c00000|  0%| F|  |TAMS 0x0000000710a00000| PB 0x0000000710a00000| Untracked 
| 107|0x0000000710c00000, 0x0000000710c00000, 0x0000000710e00000|  0%| F|  |TAMS 0x0000000710c00000| PB 0x0000000710c00000| Untracked 
| 108|0x0000000710e00000, 0x0000000710e00000, 0x0000000711000000|  0%| F|  |TAMS 0x0000000710e00000| PB 0x0000000710e00000| Untracked 
| 109|0x0000000711000000, 0x0000000711000000, 0x0000000711200000|  0%| F|  |TAMS 0x0000000711000000| PB 0x0000000711000000| Untracked 
| 110|0x0000000711200000, 0x0000000711200000, 0x0000000711400000|  0%| F|  |TAMS 0x0000000711200000| PB 0x0000000711200000| Untracked 
| 111|0x0000000711400000, 0x0000000711400000, 0x0000000711600000|  0%| F|  |TAMS 0x0000000711400000| PB 0x0000000711400000| Untracked 
| 112|0x0000000711600000, 0x0000000711600000, 0x0000000711800000|  0%| F|  |TAMS 0x0000000711600000| PB 0x0000000711600000| Untracked 
| 113|0x0000000711800000, 0x0000000711800000, 0x0000000711a00000|  0%| F|  |TAMS 0x0000000711800000| PB 0x0000000711800000| Untracked 
| 114|0x0000000711a00000, 0x0000000711a00000, 0x0000000711c00000|  0%| F|  |TAMS 0x0000000711a00000| PB 0x0000000711a00000| Untracked 
| 115|0x0000000711c00000, 0x0000000711c00000, 0x0000000711e00000|  0%| F|  |TAMS 0x0000000711c00000| PB 0x0000000711c00000| Untracked 
| 116|0x0000000711e00000, 0x0000000711e00000, 0x0000000712000000|  0%| F|  |TAMS 0x0000000711e00000| PB 0x0000000711e00000| Untracked 
| 117|0x0000000712000000, 0x0000000712000000, 0x0000000712200000|  0%| F|  |TAMS 0x0000000712000000| PB 0x0000000712000000| Untracked 
| 118|0x0000000712200000, 0x00000007122f4340, 0x0000000712400000| 47%| E|  |TAMS 0x0000000712200000| PB 0x0000000712200000| Complete 
| 119|0x0000000712400000, 0x0000000712600000, 0x0000000712600000|100%| E|  |TAMS 0x0000000712400000| PB 0x0000000712400000| Complete 
| 120|0x0000000712600000, 0x0000000712800000, 0x0000000712800000|100%| E|CS|TAMS 0x0000000712600000| PB 0x0000000712600000| Complete 
| 121|0x0000000712800000, 0x0000000712a00000, 0x0000000712a00000|100%| E|CS|TAMS 0x0000000712800000| PB 0x0000000712800000| Complete 
| 122|0x0000000712a00000, 0x0000000712c00000, 0x0000000712c00000|100%| E|CS|TAMS 0x0000000712a00000| PB 0x0000000712a00000| Complete 
| 123|0x0000000712c00000, 0x0000000712e00000, 0x0000000712e00000|100%| E|CS|TAMS 0x0000000712c00000| PB 0x0000000712c00000| Complete 
| 124|0x0000000712e00000, 0x0000000713000000, 0x0000000713000000|100%| E|CS|TAMS 0x0000000712e00000| PB 0x0000000712e00000| Complete 
| 125|0x0000000713000000, 0x0000000713200000, 0x0000000713200000|100%| E|CS|TAMS 0x0000000713000000| PB 0x0000000713000000| Complete 
| 126|0x0000000713200000, 0x0000000713400000, 0x0000000713400000|100%| E|CS|TAMS 0x0000000713200000| PB 0x0000000713200000| Complete 

Card table byte_map: [0x00000216ca960000,0x00000216cb150000] _byte_map_base: 0x00000216c7145000

Marking Bits: (CMBitMap*) 0x00000216b0b3cd40
 Bits: [0x00000216cb150000, 0x00000216cf078000)

Polling page: 0x00000216b0970000

Metaspace:

Usage:
  Non-class:   1006.09 KB used.
      Class:     93.05 KB used.
       Both:      1.07 MB used.

Virtual space:
  Non-class space:       64.00 MB reserved,       1.06 MB (  2%) committed,  1 nodes.
      Class space:        1.00 GB reserved,     192.00 KB ( <1%) committed,  1 nodes.
             Both:        1.06 GB reserved,       1.25 MB ( <1%) committed. 

Chunk freelists:
   Non-Class:  11.94 MB
       Class:  15.73 MB
        Both:  27.67 MB

MaxMetaspaceSize: unlimited
CompressedClassSpaceSize: 1.00 GB
Initial GC threshold: 21.00 MB
Current GC threshold: 21.00 MB
CDS: on
 - commit_granule_bytes: 65536.
 - commit_granule_words: 8192.
 - virtual_space_node_default_size: 8388608.
 - enlarge_chunks_in_place: 1.
 - use_allocation_guard: 0.


Internal statistics:

num_allocs_failed_limit: 0.
num_arena_births: 32.
num_arena_deaths: 0.
num_vsnodes_births: 2.
num_vsnodes_deaths: 0.
num_space_committed: 20.
num_space_uncommitted: 0.
num_chunks_returned_to_freelist: 0.
num_chunks_taken_from_freelist: 37.
num_chunk_merges: 0.
num_chunk_splits: 25.
num_chunks_enlarged: 15.
num_inconsistent_stats: 0.

CodeHeap 'non-profiled nmethods': size=120000Kb used=105Kb max_used=105Kb free=119894Kb
 bounds [0x00000216c21e0000, 0x00000216c2450000, 0x00000216c9710000]
CodeHeap 'profiled nmethods': size=120000Kb used=397Kb max_used=397Kb free=119602Kb
 bounds [0x00000216ba710000, 0x00000216ba980000, 0x00000216c1c40000]
CodeHeap 'non-nmethods': size=5760Kb used=1402Kb max_used=1416Kb free=4357Kb
 bounds [0x00000216c1c40000, 0x00000216c1eb0000, 0x00000216c21e0000]
 total_blobs=754 nmethods=308 adapters=351
 compilation: enabled
              stopped_count=0, restarted_count=0
 full_count=0

Compilation events (20 events):
Event: 0.181 Thread 0x00000216d1b5e6a0 nmethod 233 0x00000216ba74ed90 code [0x00000216ba74ef60, 0x00000216ba74f188]
Event: 0.185 Thread 0x00000216d1b5e6a0  235       3       java.io.WinNTFileSystem::normalize (143 bytes)
Event: 0.186 Thread 0x00000216d1b5e6a0 nmethod 235 0x00000216ba74f290 code [0x00000216ba74f500, 0x00000216ba750088]
Event: 0.186 Thread 0x00000216d1b5e6a0  236       3       java.util.HashSet::contains (9 bytes)
Event: 0.186 Thread 0x00000216d1b5e6a0 nmethod 236 0x00000216ba750490 code [0x00000216ba750640, 0x00000216ba7508d8]
Event: 0.194 Thread 0x00000216d1b57fc0 nmethod 234 0x00000216c21f4a90 code [0x00000216c21f4c60, 0x00000216c21f52f0]
Event: 0.195 Thread 0x00000216d1b5e6a0  237       3       java.lang.StringLatin1::inflate (34 bytes)
Event: 0.196 Thread 0x00000216d1b5e6a0 nmethod 237 0x00000216ba750a10 code [0x00000216ba750bc0, 0x00000216ba750dc8]
Event: 9042.263 Thread 0x00000216d1b5e6a0  239       3       jdk.internal.misc.Unsafe::putReferenceRelease (9 bytes)
Event: 9042.264 Thread 0x00000216d1b5e6a0 nmethod 239 0x00000216ba750f10 code [0x00000216ba7510a0, 0x00000216ba751208]
Event: 9042.264 Thread 0x00000216d1b5e6a0  240       3       java.util.concurrent.ConcurrentHashMap::setTabAt (20 bytes)
Event: 9042.265 Thread 0x00000216d1b5e6a0 nmethod 240 0x00000216ba751290 code [0x00000216ba751440, 0x00000216ba751668]
Event: 9042.299 Thread 0x00000216d1b5e6a0  245       3       java.lang.ref.Reference::reachabilityFence (1 bytes)
Event: 9042.299 Thread 0x00000216d1b5e6a0 nmethod 245 0x00000216ba751710 code [0x00000216ba7518a0, 0x00000216ba751988]
Event: 9042.300 Thread 0x00000216d1b5e6a0  246       3       java.lang.invoke.MethodType::<init> (15 bytes)
Event: 9042.300 Thread 0x00000216d1b5e6a0 nmethod 246 0x00000216ba751a10 code [0x00000216ba751bc0, 0x00000216ba751df0]
Event: 9042.300 Thread 0x00000216d1b5e6a0  247       3       java.lang.invoke.MethodType$ConcurrentWeakInternSet::get (47 bytes)
Event: 9042.300 Thread 0x00000216d1b5e6a0 nmethod 247 0x00000216ba751e90 code [0x00000216ba7520c0, 0x00000216ba7528c8]
Event: 9042.300 Thread 0x00000216d1b5e6a0  248       3       jdk.internal.org.objectweb.asm.Frame::execute (2305 bytes)
Event: 9042.300 Thread 0x00000216d1b57fc0  251 %     4       java.lang.StringLatin1::indexOfChar @ 7 (33 bytes)

GC Heap History (0 events):
No events

Dll operation events (7 events):
Event: 0.008 Loaded shared library C:\Program Files\Java\jdk-21\bin\java.dll
Event: 0.009 Loaded shared library C:\Program Files\Java\jdk-21\bin\zip.dll
Event: 0.046 Loaded shared library C:\Program Files\Java\jdk-21\bin\jsvml.dll
Event: 0.167 Loaded shared library C:\Program Files\Java\jdk-21\bin\instrument.dll
Event: 8.516 Loaded shared library C:\Program Files\Java\jdk-21\bin\net.dll
Event: 8.517 Loaded shared library C:\Program Files\Java\jdk-21\bin\nio.dll
Event: 104.476 Loaded shared library C:\Program Files\Java\jdk-21\bin\zip.dll

Deoptimization events (4 events):
Event: 0.163 Thread 0x00000216b0ad4960 Uncommon trap: trap_request=0xffffff45 fr.pc=0x00000216c21e1cf0 relative=0x0000000000000070
Event: 0.163 Thread 0x00000216b0ad4960 Uncommon trap: reason=unstable_if action=reinterpret pc=0x00000216c21e1cf0 method=java.lang.String.isLatin1()Z @ 10 c2
Event: 0.163 Thread 0x00000216b0ad4960 DEOPT PACKING pc=0x00000216c21e1cf0 sp=0x000000ba968fd470
Event: 0.163 Thread 0x00000216b0ad4960 DEOPT UNPACKING pc=0x00000216c1c946a2 sp=0x000000ba968fd410 mode 2

Classes loaded (20 events):
Event: 78.821 Loading class jdk/internal/foreign/MemorySessionImpl$ResourceList$ResourceCleanup$1
Event: 78.821 Loading class jdk/internal/foreign/MemorySessionImpl$ResourceList$ResourceCleanup$1 done
Event: 104.461 Loading class com/intellij/rt/debugger/BatchEvaluatorServer
Event: 104.461 Loading class com/intellij/rt/debugger/BatchEvaluatorServer done
Event: 104.791 Loading class sun/nio/cs/UTF_8$Decoder
Event: 104.791 Loading class sun/nio/cs/UTF_8$Decoder done
Event: 9042.263 Loading class sun/nio/cs/ISO_8859_1$Encoder
Event: 9042.264 Loading class sun/nio/cs/ISO_8859_1$Encoder done
Event: 9042.264 Loading class sun/nio/cs/Surrogate$Parser
Event: 9042.265 Loading class sun/nio/cs/Surrogate$Parser done
Event: 9042.268 Loading class sun/nio/cs/Surrogate
Event: 9042.268 Loading class sun/nio/cs/Surrogate done
Event: 9042.292 Loading class java/lang/Thread$ThreadNumbering
Event: 9042.297 Loading class java/lang/Thread$ThreadNumbering done
Event: 9042.298 Loading class java/lang/IllegalAccessException
Event: 9042.298 Loading class java/lang/IllegalAccessException done
Event: 9042.299 Loading class sun/misc/Unsafe
Event: 9042.299 Loading class sun/misc/Unsafe done
Event: 9042.300 Loading class java/lang/invoke/DirectMethodHandle$StaticAccessor
Event: 9042.300 Loading class java/lang/invoke/DirectMethodHandle$StaticAccessor done

Classes unloaded (0 events):
No events

Classes redefined (0 events):
No events

Internal exceptions (2 events):
Event: 0.168 Thread 0x00000216b0ad4960 Exception <a 'java/lang/NoSuchMethodError'{0x000000071314a0a8}: 'void java.lang.invoke.DirectMethodHandle$Holder.invokeStatic(java.lang.Object, java.lang.Object, java.lang.Object)'> (0x000000071314a0a8) 
thrown [s\open\src\hotspot\share\interpreter\linkResolver.cpp, line 773]
Event: 0.174 Thread 0x00000216b0ad4960 Exception <a 'java/lang/NoSuchMethodError'{0x00000007131d2250}: 'java.lang.Object java.lang.invoke.Invokers$Holder.invokeExact_MT(java.lang.Object, java.lang.Object, java.lang.Object, java.lang.Object, java.lang.Object)'> (0x00000007131d2250) 
thrown [s\open\src\hotspot\share\interpreter\linkResolver.cpp, line 773]

ZGC Phase Switch (0 events):
No events

VM Operations (20 events):
Event: 182.754 Executing VM operation: get/set locals
Event: 182.754 Executing VM operation: get/set locals done
Event: 182.754 Executing VM operation: get/set locals
Event: 182.755 Executing VM operation: get/set locals done
Event: 182.755 Executing VM operation: get/set locals
Event: 182.755 Executing VM operation: get/set locals done
Event: 182.755 Executing VM operation: get/set locals
Event: 182.756 Executing VM operation: get/set locals done
Event: 182.756 Executing VM operation: get/set locals
Event: 182.756 Executing VM operation: get/set locals done
Event: 182.756 Executing VM operation: get/set locals
Event: 182.757 Executing VM operation: get/set locals done
Event: 9042.265 Executing VM operation: ChangeBreakpoints
Event: 9042.265 Executing VM operation: ChangeBreakpoints done
Event: 9042.267 Executing VM operation: ChangeBreakpoints
Event: 9042.267 Executing VM operation: ChangeBreakpoints done
Event: 9042.267 Executing VM operation: ChangeBreakpoints
Event: 9042.267 Executing VM operation: ChangeBreakpoints done
Event: 9042.267 Executing VM operation: ChangeBreakpoints
Event: 9042.267 Executing VM operation: ChangeBreakpoints done

Events (20 events):
Event: 0.138 Thread 0x00000216d1da41f0 Thread added: 0x00000216d1da41f0
Event: 0.138 Thread 0x00000216d1dcef40 Thread added: 0x00000216d1dcef40
Event: 0.184 Thread 0x00000216d1cc21b0 Thread added: 0x00000216d1cc21b0
Event: 9042.268 Thread 0x00000216d1dcef40 Thread exited: 0x00000216d1dcef40
Event: 9042.272 Thread 0x00000216d1da3560 Thread exited: 0x00000216d1da3560
Event: 9042.297 Thread 0x00000216d1cc3bf0 Thread added: 0x00000216d1cc3bf0
Event: 9042.298 Thread 0x00000216d1cc1b20 Thread added: 0x00000216d1cc1b20
Event: 9042.298 Thread 0x00000216d1cc4280 Thread added: 0x00000216d1cc4280
Event: 9042.298 Thread 0x00000216d1cc2ed0 Thread added: 0x00000216d1cc2ed0
Event: 9042.298 Thread 0x00000216d1cc2840 Thread added: 0x00000216d1cc2840
Event: 9042.298 Thread 0x00000216d1cc0e00 Thread added: 0x00000216d1cc0e00
Event: 9042.298 Thread 0x00000216d1cc1490 Thread added: 0x00000216d1cc1490
Event: 9042.298 Thread 0x00000216d1cc1b20 Thread exited: 0x00000216d1cc1b20
Event: 9042.298 Thread 0x00000217170ffba0 Thread added: 0x00000217170ffba0
Event: 9042.298 Thread 0x00000216d1cc4280 Thread exited: 0x00000216d1cc4280
Event: 9042.298 Thread 0x00000216d1cc2ed0 Thread exited: 0x00000216d1cc2ed0
Event: 9042.299 Thread 0x00000216d1cc2840 Thread exited: 0x00000216d1cc2840
Event: 9042.299 Thread 0x00000216d1cc0e00 Thread exited: 0x00000216d1cc0e00
Event: 9042.299 Thread 0x00000217170ffba0 Thread exited: 0x00000217170ffba0
Event: 9042.299 Thread 0x00000216d1cc1490 Thread exited: 0x00000216d1cc1490


Dynamic libraries:
0x00007ff6b5600000 - 0x00007ff6b5610000 	C:\Program Files\Java\jdk-21\bin\java.exe
0x00007fff42cd0000 - 0x00007fff42ec8000 	C:\Windows\SYSTEM32\ntdll.dll
0x00007fff40d30000 - 0x00007fff40def000 	C:\Windows\System32\KERNEL32.DLL
0x00007fff40a00000 - 0x00007fff40cf6000 	C:\Windows\System32\KERNELBASE.dll
0x00007fff406a0000 - 0x00007fff407a0000 	C:\Windows\System32\ucrtbase.dll
0x00007fff32e70000 - 0x00007fff32e8b000 	C:\Program Files\Java\jdk-21\bin\VCRUNTIME140.dll
0x00007fff375f0000 - 0x00007fff37609000 	C:\Program Files\Java\jdk-21\bin\jli.dll
0x00007fff416c0000 - 0x00007fff4176f000 	C:\Windows\System32\ADVAPI32.dll
0x00007fff417d0000 - 0x00007fff4186e000 	C:\Windows\System32\msvcrt.dll
0x00007fff42a90000 - 0x00007fff42b2c000 	C:\Windows\System32\sechost.dll
0x00007fff41580000 - 0x00007fff416a6000 	C:\Windows\System32\RPCRT4.dll
0x00007fff41380000 - 0x00007fff4151d000 	C:\Windows\System32\USER32.dll
0x00007fff40670000 - 0x00007fff40692000 	C:\Windows\System32\win32u.dll
0x00007fff37340000 - 0x00007fff375da000 	C:\Windows\WinSxS\amd64_microsoft.windows.common-controls_6595b64144ccf1df_6.0.19041.1110_none_60b5254171f9507e\COMCTL32.dll
0x00007fff42a60000 - 0x00007fff42a8c000 	C:\Windows\System32\GDI32.dll
0x00007fff40460000 - 0x00007fff40575000 	C:\Windows\System32\gdi32full.dll
0x00007fff40580000 - 0x00007fff4061d000 	C:\Windows\System32\msvcp_win.dll
0x00007fff3af40000 - 0x00007fff3af4a000 	C:\Windows\SYSTEM32\VERSION.dll
0x00007fff42b30000 - 0x00007fff42b60000 	C:\Windows\System32\IMM32.DLL
0x00007fff3bd90000 - 0x00007fff3bd9c000 	C:\Program Files\Java\jdk-21\bin\vcruntime140_1.dll
0x00007fff16fa0000 - 0x00007fff1702e000 	C:\Program Files\Java\jdk-21\bin\msvcp140.dll
0x00007ffeeba60000 - 0x00007ffeec773000 	C:\Program Files\Java\jdk-21\bin\server\jvm.dll
0x00007fff421d0000 - 0x00007fff4223b000 	C:\Windows\System32\WS2_32.dll
0x00007fff40210000 - 0x00007fff4025b000 	C:\Windows\SYSTEM32\POWRPROF.dll
0x00007fff22f10000 - 0x00007fff22f37000 	C:\Windows\SYSTEM32\WINMM.dll
0x00007fff401f0000 - 0x00007fff40202000 	C:\Windows\SYSTEM32\UMPDC.dll
0x00007fff3e250000 - 0x00007fff3e262000 	C:\Windows\SYSTEM32\kernel.appcore.dll
0x00007fff375e0000 - 0x00007fff375ea000 	C:\Program Files\Java\jdk-21\bin\jimage.dll
0x00007fff392b0000 - 0x00007fff39494000 	C:\Windows\SYSTEM32\DBGHELP.DLL
0x00007fff389e0000 - 0x00007fff38a14000 	C:\Windows\SYSTEM32\dbgcore.DLL
0x00007fff40970000 - 0x00007fff409f2000 	C:\Windows\System32\bcryptPrimitives.dll
0x00007ffef6700000 - 0x00007ffef673c000 	C:\Program Files\Java\jdk-21\bin\jdwp.dll
0x00007fff37240000 - 0x00007fff3724f000 	C:\Program Files\Java\jdk-21\bin\instrument.dll
0x00007fff32770000 - 0x00007fff3278f000 	C:\Program Files\Java\jdk-21\bin\java.dll
0x00007fff31fa0000 - 0x00007fff31fb8000 	C:\Program Files\Java\jdk-21\bin\zip.dll
0x00007fff41870000 - 0x00007fff41fb4000 	C:\Windows\System32\SHELL32.dll
0x00007fff3e450000 - 0x00007fff3ebe4000 	C:\Windows\SYSTEM32\windows.storage.dll
0x00007fff42240000 - 0x00007fff42594000 	C:\Windows\System32\combase.dll
0x00007fff3fd10000 - 0x00007fff3fd3e000 	C:\Windows\SYSTEM32\Wldp.dll
0x00007fff426b0000 - 0x00007fff4275d000 	C:\Windows\System32\SHCORE.dll
0x00007fff42170000 - 0x00007fff421c5000 	C:\Windows\System32\shlwapi.dll
0x00007fff402e0000 - 0x00007fff40305000 	C:\Windows\SYSTEM32\profapi.dll
0x00007fff16c50000 - 0x00007fff16d27000 	C:\Program Files\Java\jdk-21\bin\jsvml.dll
0x00007fff168c0000 - 0x00007fff168cc000 	C:\Program Files\Java\jdk-21\bin\dt_socket.dll
0x00007fff3f760000 - 0x00007fff3f79c000 	C:\Windows\SYSTEM32\IPHLPAPI.DLL
0x00007fff3fa70000 - 0x00007fff3fada000 	C:\Windows\system32\mswsock.dll
0x00007fff36160000 - 0x00007fff36170000 	C:\Program Files\Java\jdk-21\bin\net.dll
0x00007fff39850000 - 0x00007fff3995a000 	C:\Windows\SYSTEM32\WINHTTP.dll
0x00007fff32450000 - 0x00007fff32466000 	C:\Program Files\Java\jdk-21\bin\nio.dll

dbghelp: loaded successfully - version: 4.0.5 - missing functions: none
symbol engine: initialized successfully - sym options: 0x614 - pdb path: .;C:\Program Files\Java\jdk-21\bin;C:\Windows\SYSTEM32;C:\Windows\WinSxS\amd64_microsoft.windows.common-controls_6595b64144ccf1df_6.0.19041.1110_none_60b5254171f9507e;C:\Program Files\Java\jdk-21\bin\server

VM Arguments:
jvm_args: -agentlib:jdwp=transport=dt_socket,address=127.0.0.1:62620,suspend=y,server=n --enable-preview -javaagent:C:\Users\w5989\AppData\Local\JetBrains\IdeaIC2024.2\captureAgent\debugger-agent.jar=file:/C:/Users/w5989/AppData/Local/Temp/capture.props -Dkotlinx.coroutines.debug.enable.creation.stack.trace=false -Ddebugger.agent.enable.coroutines=true -Dfile.encoding=UTF-8 -Dsun.stdout.encoding=UTF-8 -Dsun.stderr.encoding=UTF-8 
java_command: com.example.demo.calculate.CalculateAverage --worker
java_class_path (initial): C:\Users\w5989\Documents\projects\demo\target\classes;C:\Users\w5989\.m2\repository\io\netty\netty-all\4.1.112.Final\netty-all-4.1.112.Final.jar;C:\Users\w5989\.m2\repository\io\netty\netty-buffer\4.1.112.Final\netty-buffer-4.1.112.Final.jar;C:\Users\w5989\.m2\repository\io\netty\netty-codec\4.1.112.Final\netty-codec-4.1.112.Final.jar;C:\Users\w5989\.m2\repository\io\netty\netty-codec-dns\4.1.112.Final\netty-codec-dns-4.1.112.Final.jar;C:\Users\w5989\.m2\repository\io\netty\netty-codec-haproxy\4.1.112.Final\netty-codec-haproxy-4.1.112.Final.jar;C:\Users\w5989\.m2\repository\io\netty\netty-codec-http\4.1.112.Final\netty-codec-http-4.1.112.Final.jar;C:\Users\w5989\.m2\repository\io\netty\netty-codec-http2\4.1.112.Final\netty-codec-http2-4.1.112.Final.jar;C:\Users\w5989\.m2\repository\io\netty\netty-codec-memcache\4.1.112.Final\netty-codec-memcache-4.1.112.Final.jar;C:\Users\w5989\.m2\repository\io\netty\netty-codec-mqtt\4.1.112.Final\netty-codec-mqtt-4.1.112.Final.jar;C:\Users\w5989\.m2\repository\io\netty\netty-codec-redis\4.1.112.Final\netty-codec-redis-4.1.112.Final.jar;C:\Users\w5989\.m2\repository\io\netty\netty-codec-smtp\4.1.112.Final\netty-codec-smtp-4.1.112.Final.jar;C:\Users\w5989\.m2\repository\io\netty\netty-codec-socks\4.1.112.Final\netty-codec-socks-4.1.112.Final.jar;C:\Users\w5989\.m2\repository\io\netty\netty-codec-stomp\4.1.112.Final\netty-codec-stomp-4.1.112.Final.jar;C:\Users\w5989\.m2\repository\io\netty\netty-codec-xml\4.1.112.Final\netty-codec-xml-4.1.112.Final.jar;C:\Users\w5989\.m2\repository\io\netty\netty-common\4.1.112.Final\netty-common-4.1.112.Final.jar;C:\Users\w5989\.m2\repository\io\netty\netty-handler\4.1.112.Final\netty-handler-4.1.112.Final.jar;C:\Users\w5989\.m2\repository\io\netty\netty-transport-native-unix-common\4.1.112.Final\netty-transport-native-unix-common-4.1.112.Final.jar;C:\Users\w5989\.m2\repository\io\netty\netty-handler-proxy\4.1.112.Final\netty-handler-proxy-4.1.112.Final.jar;C:\Users\w5989\.m2\repository\io\netty\netty-handler-ssl-ocsp\4.1.112.Final\netty-handler-ssl-ocsp-4.1.112.Final.jar;C:\Users\w5989\.m2\repository\io\netty\netty-resolver\4.1.112.Final\netty-resolver-4.1.112.Final.jar;C:\Users\w5989\.m2\repository\io\netty\netty-resolver-dns\4.1.112.Final\netty-resolver-dns-4.1.112.Final.jar;C:\Users\w5989\.m2\repository\io\netty\netty-transport\4.1.112.Final\netty-transport-4.1.112.Final.jar;C:\Users\w5989\.m2\repository\io\netty\netty-transport-rxtx\4.1.112.Final\netty-transport-rxtx-4.1.112.Final.jar;C:\Users\w5989\.m2\repository\io\netty\netty-transport-sctp\4.1.112.Final\netty-transport-sctp-4.1.112.Final.jar;C:\Users\w5989\.m2\repository\io\netty\netty-transport-udt\4.1.112.Final\netty-transport-udt-4.1.112.Final.jar;C:\Users\w5989\.m2\repository\io\netty\netty-transport-classes-epoll\4.1.112.Final\netty-transport-classes-epoll-4.1.112.Final.jar;C:\Users\w5989\.m2\repository\io\netty\netty-transport-classes-kqueue\4.1.112.Final\netty-transport-classes-kqueue-4.1.112.Final.jar;C:\Users\w5989\.m2\repository\io\netty\netty-resolver-dns-classes-macos\4.1.112.Final\netty-resolver-dns-classes-macos-4.1.112.Final.jar;C:\Users\w5989\.m2\repository\io\netty\netty-transport-native-epoll\4.1.112.Final\netty-transport-native-epoll-4.1.112.Final-linux-x86_64.jar;C:\Users\w5989\.m2\repository\io\netty\netty-transport-native-epoll\4.1.112.Final\netty-transport-native-epoll-4.1.112.Final-linux-aarch_64.jar;C:\Users\w5989\.m2\repository\io\netty\netty-transport-native-epoll\4.1.112.Final\netty-transport-native-epoll-4.1.112.Final-linux-riscv64.jar;C:\Users\w5989\.m2\repository\io\netty\netty-transport-native-kqueue\4.1.112.Final\netty-transport-native-kqueue-4.1.112.Final-osx-x86_64.jar;C:\Users\w5989\.m2\repository\io\netty\netty-transport-native-kqueue\4.1.112.Final\netty-transport-native-kqueue-4.1.112.Final-osx-aarch_64.jar;C:\Users\w5989\.m2\repository\io\netty\netty-resolver-dns-native-macos\4.1.112.Final\netty-resolver-dns-native-macos-4.1.112.Final-osx-x86_64.jar;C:\Users\w5989\.m2\repository\io\netty\netty-resolver-dns-native-macos\4.1.112.Final\netty-resolver-dns-native-macos-4.1.112.Final-osx-aarch_64.jar;C:\Users\w5989\.m2\repository\org\springframework\boot\spring-boot-starter-data-redis\3.3.3\spring-boot-starter-data-redis-3.3.3.jar;C:\Users\w5989\.m2\repository\org\springframework\boot\spring-boot-starter\3.3.3\spring-boot-starter-3.3.3.jar;C:\Users\w5989\.m2\repository\org\springframework\boot\spring-boot\3.3.3\spring-boot-3.3.3.jar;C:\Users\w5989\.m2\repository\org\springframework\boot\spring-boot-autoconfigure\3.3.3\spring-boot-autoconfigure-3.3.3.jar;C:\Users\w5989\.m2\repository\org\springframework\boot\spring-boot-starter-logging\3.3.3\spring-boot-starter-logging-3.3.3.jar;C:\Users\w5989\.m2\repository\ch\qos\logback\logback-classic\1.5.7\logback-classic-1.5.7.jar;C:\Users\w5989\.m2\repository\ch\qos\logback\logback-core\1.5.7\logback-core-1.5.7.jar;C:\Users\w5989\.m2\repository\org\apache\logging\log4j\log4j-to-slf4j\2.23.1\log4j-to-slf4j-2.23.1.jar;C:\Users\w5989\.m2\repository\org\apache\logging\log4j\log4j-api\2.23.1\log4j-api-2.23.1.jar;C:\Users\w5989\.m2\repository\org\slf4j\jul-to-slf4j\2.0.16\jul-to-slf4j-2.0.16.jar;C:\Users\w5989\.m2\repository\jakarta\annotation\jakarta.annotation-api\2.1.1\jakarta.annotation-api-2.1.1.jar;C:\Users\w5989\.m2\repository\org\yaml\snakeyaml\2.2\snakeyaml-2.2.jar;C:\Users\w5989\.m2\repository\io\lettuce\lettuce-core\6.3.2.RELEASE\lettuce-core-6.3.2.RELEASE.jar;C:\Users\w5989\.m2\repository\io\projectreactor\reactor-core\3.6.9\reactor-core-3.6.9.jar;C:\Users\w5989\.m2\repository\org\reactivestreams\reactive-streams\1.0.4\reactive-streams-1.0.4.jar;C:\Users\w5989\.m2\repository\org\springframework\data\spring-data-redis\3.3.3\spring-data-redis-3.3.3.jar;C:\Users\w5989\.m2\repository\org\springframework\data\spring-data-keyvalue\3.3.3\spring-data-keyvalue-3.3.3.jar;C:\Users\w5989\.m2\repository\org\springframework\data\spring-data-commons\3.3.3\spring-data-commons-3.3.3.jar;C:\Users\w5989\.m2\repository\org\springframework\spring-tx\6.1.12\spring-tx-6.1.12.jar;C:\Users\w5989\.m2\repository\org\springframework\spring-oxm\6.1.12\spring-oxm-6.1.12.jar;C:\Users\w5989\.m2\repository\org\springframework\spring-aop\6.1.12\spring-aop-6.1.12.jar;C:\Users\w5989\.m2\repository\org\springframework\spring-context-support\6.1.12\spring-context-support-6.1.12.jar;C:\Users\w5989\.m2\repository\org\slf4j\slf4j-api\2.0.16\slf4j-api-2.0.16.jar;C:\Users\w5989\.m2\repository\org\springframework\boot\spring-boot-starter-web\3.3.3\spring-boot-starter-web-3.3.3.jar;C:\Users\w5989\.m2\repository\org\springframework\boot\spring-boot-starter-json\3.3.3\spring-boot-starter-json-3.3.3.jar;C:\Users\w5989\.m2\repository\com\fasterxml\jackson\core\jackson-databind\2.17.2\jackson-databind-2.17.2.jar;C:\Users\w5989\.m2\repository\com\fasterxml\jackson\core\jackson-annotations\2.17.2\jackson-annotations-2.17.2.jar;C:\Users\w5989\.m2\repository\com\fasterxml\jackson\core\jackson-core\2.17.2\jackson-core-2.17.2.jar;C:\Users\w5989\.m2\repository\com\fasterxml\jackson\datatype\jackson-datatype-jdk8\2.17.2\jackson-datatype-jdk8-2.17.2.jar;C:\Users\w5989\.m2\repository\com\fasterxml\jackson\datatype\jackson-datatype-jsr310\2.17.2\jackson-datatype-jsr310-2.17.2.jar;C:\Users\w5989\.m2\repository\com\fasterxml\jackson\module\jackson-module-parameter-names\2.17.2\jackson-module-parameter-names-2.17.2.jar;C:\Users\w5989\.m2\repository\org\springframework\boot\spring-boot-starter-tomcat\3.3.3\spring-boot-starter-tomcat-3.3.3.jar;C:\Users\w5989\.m2\repository\org\apache\tomcat\embed\tomcat-embed-core\10.1.28\tomcat-embed-core-10.1.28.jar;C:\Users\w5989\.m2\repository\org\apache\tomcat\embed\tomcat-embed-el\10.1.28\tomcat-embed-el-10.1.28.jar;C:\Users\w5989\.m2\repository\org\apache\tomcat\embed\tomcat-embed-websocket\10.1.28\tomcat-embed-websocket-10.1.28.jar;C:\Users\w5989\.m2\repository\org\springframework\spring-web\6.1.12\spring-web-6.1.12.jar;C:\Users\w5989\.m2\repository\org\springframework\spring-beans\6.1.12\spring-beans-6.1.12.jar;C:\Users\w5989\.m2\repository\io\micrometer\micrometer-observation\1.13.3\micrometer-observation-1.13.3.jar;C:\Users\w5989\.m2\repository\io\micrometer\micrometer-commons\1.13.3\micrometer-commons-1.13.3.jar;C:\Users\w5989\.m2\repository\org\springframework\spring-webmvc\6.1.12\spring-webmvc-6.1.12.jar;C:\Users\w5989\.m2\repository\org\springframework\spring-context\6.1.12\spring-context-6.1.12.jar;C:\Users\w5989\.m2\repository\org\springframework\spring-expression\6.1.12\spring-expression-6.1.12.jar;C:\Users\w5989\.m2\repository\org\mybatis\spring\boot\mybatis-spring-boot-starter\3.0.3\mybatis-spring-boot-starter-3.0.3.jar;C:\Users\w5989\.m2\repository\org\springframework\boot\spring-boot-starter-jdbc\3.3.3\spring-boot-starter-jdbc-3.3.3.jar;C:\Users\w5989\.m2\repository\com\zaxxer\HikariCP\5.1.0\HikariCP-5.1.0.jar;C:\Users\w5989\.m2\repository\org\springframework\spring-jdbc\6.1.12\spring-jdbc-6.1.12.jar;C:\Users\w5989\.m2\repository\org\mybatis\spring\boot\mybatis-spring-boot-autoconfigure\3.0.3\mybatis-spring-boot-autoconfigure-3.0.3.jar;C:\Users\w5989\.m2\repository\org\mybatis\mybatis\3.5.14\mybatis-3.5.14.jar;C:\Users\w5989\.m2\repository\org\mybatis\mybatis-spring\3.0.3\mybatis-spring-3.0.3.jar;C:\Users\w5989\.m2\repository\com\mysql\mysql-connector-j\8.3.0\mysql-connector-j-8.3.0.jar;C:\Users\w5989\.m2\repository\org\projectlombok\lombok\1.18.34\lombok-1.18.34.jar;C:\Users\w5989\.m2\repository\jakarta\xml\bind\jakarta.xml.bind-api\4.0.2\jakarta.xml.bind-api-4.0.2.jar;C:\Users\w5989\.m2\repository\jakarta\activation\jakarta.activation-api\2.1.3\jakarta.activation-api-2.1.3.jar;C:\Users\w5989\.m2\repository\org\springframework\spring-core\6.1.12\spring-core-6.1.12.jar;C:\Users\w5989\.m2\repository\org\springframework\spring-jcl\6.1.12\spring-jcl-6.1.12.jar;C:\Program Files\JetBrains\IntelliJ IDEA Community Edition 2024.2.0.2\lib\idea_rt.jar
Launcher Type: SUN_STANDARD

[Global flags]
     intx CICompilerCount                          = 4                                         {product} {ergonomic}
     uint ConcGCThreads                            = 2                                         {product} {ergonomic}
     uint G1ConcRefinementThreads                  = 8                                         {product} {ergonomic}
   size_t G1HeapRegionSize                         = 2097152                                   {product} {ergonomic}
    uintx GCDrainStackTargetSize                   = 64                                        {product} {ergonomic}
   size_t InitialHeapSize                          = 266338304                                 {product} {ergonomic}
   size_t MarkStackSize                            = 4194304                                   {product} {ergonomic}
   size_t MaxHeapSize                              = 4238344192                                {product} {ergonomic}
   size_t MaxNewSize                               = 2541748224                                {product} {ergonomic}
   size_t MinHeapDeltaBytes                        = 2097152                                   {product} {ergonomic}
   size_t MinHeapSize                              = 8388608                                   {product} {ergonomic}
    uintx NonNMethodCodeHeapSize                   = 5839372                                {pd product} {ergonomic}
    uintx NonProfiledCodeHeapSize                  = 122909434                              {pd product} {ergonomic}
    uintx ProfiledCodeHeapSize                     = 122909434                              {pd product} {ergonomic}
    uintx ReservedCodeCacheSize                    = 251658240                              {pd product} {ergonomic}
     bool SegmentedCodeCache                       = true                                      {product} {ergonomic}
   size_t SoftMaxHeapSize                          = 4238344192                             {manageable} {ergonomic}
     bool UseCompressedOops                        = true                           {product lp64_product} {ergonomic}
     bool UseG1GC                                  = true                                      {product} {ergonomic}
     bool UseLargePagesIndividualAllocation        = false                                  {pd product} {ergonomic}

Logging:
Log output configuration:
 #0: stdout all=warning uptime,level,tags foldmultilines=false
 #1: stderr all=off uptime,level,tags foldmultilines=false

Environment Variables:
PATH=C:\Program Files\Common Files\Oracle\Java\javapath;C:\Windows\system32;C:\Windows;C:\Windows\System32\Wbem;C:\Windows\System32\WindowsPowerShell\v1.0\;C:\Windows\System32\OpenSSH\;C:\Users\w5989\AppData\Local\Microsoft\WindowsApps;
USERNAME=admin
OS=Windows_NT
PROCESSOR_IDENTIFIER=Intel64 Family 6 Model 142 Stepping 12, GenuineIntel
TMP=C:\Users\w5989\AppData\Local\Temp
TEMP=C:\Users\w5989\AppData\Local\Temp




Periodic native trim disabled

---------------  S Y S T E M  ---------------

OS:
 Windows 10 , 64 bit Build 19041 (10.0.19041.3155)
OS uptime: 1 days 21:06 hours

CPU: total 8 (initial active 8) (4 cores per cpu, 2 threads per core) family 6 model 142 stepping 12 microcode 0xde, cx8, cmov, fxsr, ht, mmx, 3dnowpref, sse, sse2, sse3, ssse3, sse4.1, sse4.2, popcnt, lzcnt, tsc, tscinvbit, avx, avx2, aes, erms, clmul, bmi1, bmi2, adx, fma, vzeroupper, clflush, clflushopt, rdtscp, f16c
Processor Information for all 8 processors :
  Max Mhz: 1896, Current Mhz: 798, Mhz Limit: 796

Memory: 4k page, system-wide physical 16165M (6647M free)
TotalPageFile size 18597M (AvailPageFile size 7783M)
current process WorkingSet (physical memory assigned to process): 54M, peak: 54M
current process commit charge ("private bytes"): 344M, peak: 344M

vm_info: Java HotSpot(TM) 64-Bit Server VM (21.0.4+8-LTS-274) for windows-amd64 JRE (21.0.4+8-LTS-274), built on 2024-06-05T05:23:33Z by "mach5one" with MS VC++ 17.6 (VS2022)

END.
